{"C:\\Users\\plugify\\Documents\\Reydospaes-refactor\\src\\middleware.ts": {"path":"C:\\Users\\plugify\\Documents\\Reydospaes-refactor\\src\\middleware.ts","statementMap":{"0":{"start":{"line":8,"column":0},"end":{"line":8,"column":16}},"1":{"start":{"line":1,"column":0},"end":{"line":1,"column":42}},"2":{"start":{"line":9,"column":23},"end":{"line":9,"column":38}},"3":{"start":{"line":12,"column":23},"end":{"line":12,"column":56}},"4":{"start":{"line":14,"column":2},"end":{"line":16,"column":3}},"5":{"start":{"line":14,"column":33},"end":{"line":14,"column":59}},"6":{"start":{"line":15,"column":4},"end":{"line":15,"column":null}},"7":{"start":{"line":20,"column":2},"end":{"line":20,"column":null}},"8":{"start":{"line":23,"column":13},"end":{"line":34,"column":null}}},"fnMap":{"0":{"name":"middleware","decl":{"start":{"line":8,"column":16},"end":{"line":8,"column":26}},"loc":{"start":{"line":8,"column":47},"end":{"line":21,"column":1}}},"1":{"name":"(anonymous_1)","decl":{"start":{"line":14,"column":24},"end":{"line":14,"column":29}},"loc":{"start":{"line":14,"column":33},"end":{"line":14,"column":59}}}},"branchMap":{"0":{"loc":{"start":{"line":14,"column":2},"end":{"line":16,"column":3}},"type":"if","locations":[{"start":{"line":14,"column":2},"end":{"line":16,"column":3}},{"start":{},"end":{}}]}},"s":{"0":0,"1":0,"2":0,"3":0,"4":0,"5":0,"6":0,"7":0,"8":0},"f":{"0":0,"1":0},"b":{"0":[0,0]}}
,"C:\\Users\\plugify\\Documents\\Reydospaes-refactor\\src\\app\\api\\dashboard\\route.ts": {"path":"C:\\Users\\plugify\\Documents\\Reydospaes-refactor\\src\\app\\api\\dashboard\\route.ts","statementMap":{"0":{"start":{"line":20,"column":0},"end":{"line":20,"column":7}},"1":{"start":{"line":1,"column":13},"end":{"line":1,"column":null}},"2":{"start":{"line":3,"column":0},"end":{"line":3,"column":42}},"3":{"start":{"line":4,"column":0},"end":{"line":4,"column":50}},"4":{"start":{"line":5,"column":0},"end":{"line":5,"column":53}},"5":{"start":{"line":6,"column":0},"end":{"line":6,"column":70}},"6":{"start":{"line":7,"column":0},"end":{"line":7,"column":44}},"7":{"start":{"line":8,"column":0},"end":{"line":8,"column":44}},"8":{"start":{"line":9,"column":0},"end":{"line":9,"column":64}},"9":{"start":{"line":10,"column":0},"end":{"line":10,"column":73}},"10":{"start":{"line":12,"column":55},"end":{"line":18,"column":null}},"11":{"start":{"line":21,"column":29},"end":{"line":21,"column":49}},"12":{"start":{"line":22,"column":28},"end":{"line":22,"column":58}},"13":{"start":{"line":23,"column":25},"end":{"line":23,"column":52}},"14":{"start":{"line":25,"column":17},"end":{"line":25,"column":33}},"15":{"start":{"line":26,"column":22},"end":{"line":26,"column":38}},"16":{"start":{"line":27,"column":23},"end":{"line":27,"column":51}},"17":{"start":{"line":28,"column":20},"end":{"line":28,"column":40}},"18":{"start":{"line":29,"column":24},"end":{"line":29,"column":34}},"19":{"start":{"line":30,"column":21},"end":{"line":30,"column":28}},"20":{"start":{"line":33,"column":24},"end":{"line":33,"column":43}},"21":{"start":{"line":34,"column":24},"end":{"line":34,"column":90}},"22":{"start":{"line":35,"column":24},"end":{"line":35,"column":100}},"23":{"start":{"line":36,"column":21},"end":{"line":39,"column":null}},"24":{"start":{"line":41,"column":23},"end":{"line":41,"column":26}},"25":{"start":{"line":42,"column":4},"end":{"line":167,"column":5}},"26":{"start":{"line":44,"column":25},"end":{"line":44,"column":83}},"27":{"start":{"line":45,"column":32},"end":{"line":45,"column":53}},"28":{"start":{"line":46,"column":32},"end":{"line":46,"column":52}},"29":{"start":{"line":47,"column":31},"end":{"line":47,"column":52}},"30":{"start":{"line":48,"column":31},"end":{"line":48,"column":51}},"31":{"start":{"line":49,"column":34},"end":{"line":49,"column":59}},"32":{"start":{"line":50,"column":32},"end":{"line":50,"column":52}},"33":{"start":{"line":51,"column":35},"end":{"line":54,"column":46}},"34":{"start":{"line":52,"column":35},"end":{"line":52,"column":44}},"35":{"start":{"line":53,"column":38},"end":{"line":53,"column":94}},"36":{"start":{"line":54,"column":28},"end":{"line":54,"column":45}},"37":{"start":{"line":55,"column":28},"end":{"line":55,"column":45}},"38":{"start":{"line":58,"column":57},"end":{"line":59,"column":78}},"39":{"start":{"line":61,"column":8},"end":{"line":61,"column":null}},"40":{"start":{"line":61,"column":20},"end":{"line":61,"column":null}},"41":{"start":{"line":63,"column":56},"end":{"line":63,"column":58}},"42":{"start":{"line":64,"column":26},"end":{"line":64,"column":61}},"43":{"start":{"line":65,"column":24},"end":{"line":65,"column":56}},"44":{"start":{"line":66,"column":24},"end":{"line":66,"column":43}},"45":{"start":{"line":67,"column":24},"end":{"line":67,"column":25}},"46":{"start":{"line":68,"column":8},"end":{"line":73,"column":9}},"47":{"start":{"line":69,"column":24},"end":{"line":69,"column":147}},"48":{"start":{"line":70,"column":12},"end":{"line":70,"column":null}},"49":{"start":{"line":71,"column":12},"end":{"line":71,"column":null}},"50":{"start":{"line":72,"column":12},"end":{"line":72,"column":null}},"51":{"start":{"line":75,"column":10},"end":{"line":78,"column":null}},"52":{"start":{"line":76,"column":28},"end":{"line":76,"column":73}},"53":{"start":{"line":77,"column":12},"end":{"line":77,"column":null}},"54":{"start":{"line":77,"column":55},"end":{"line":77,"column":null}},"55":{"start":{"line":80,"column":29},"end":{"line":82,"column":57}},"56":{"start":{"line":81,"column":37},"end":{"line":81,"column":52}},"57":{"start":{"line":82,"column":28},"end":{"line":82,"column":56}},"58":{"start":{"line":85,"column":81},"end":{"line":85,"column":83}},"59":{"start":{"line":87,"column":8},"end":{"line":116,"column":9}},"60":{"start":{"line":88,"column":45},"end":{"line":88,"column":47}},"61":{"start":{"line":89,"column":12},"end":{"line":101,"column":13}},"62":{"start":{"line":89,"column":25},"end":{"line":89,"column":26}},"63":{"start":{"line":90,"column":30},"end":{"line":90,"column":66}},"64":{"start":{"line":91,"column":62},"end":{"line":94,"column":42}},"65":{"start":{"line":96,"column":16},"end":{"line":100,"column":17}},"66":{"start":{"line":97,"column":20},"end":{"line":97,"column":null}},"67":{"start":{"line":98,"column":23},"end":{"line":100,"column":17}},"68":{"start":{"line":99,"column":20},"end":{"line":99,"column":null}},"69":{"start":{"line":103,"column":107},"end":{"line":103,"column":109}},"70":{"start":{"line":104,"column":14},"end":{"line":111,"column":null}},"71":{"start":{"line":105,"column":29},"end":{"line":105,"column":87}},"72":{"start":{"line":106,"column":16},"end":{"line":108,"column":17}},"73":{"start":{"line":107,"column":20},"end":{"line":107,"column":null}},"74":{"start":{"line":109,"column":16},"end":{"line":109,"column":null}},"75":{"start":{"line":110,"column":16},"end":{"line":110,"column":null}},"76":{"start":{"line":113,"column":12},"end":{"line":115,"column":null}},"77":{"start":{"line":114,"column":32},"end":{"line":114,"column":49}},"78":{"start":{"line":119,"column":59},"end":{"line":126,"column":21}},"79":{"start":{"line":128,"column":8},"end":{"line":128,"column":86}},"80":{"start":{"line":128,"column":24},"end":{"line":128,"column":86}},"81":{"start":{"line":131,"column":30},"end":{"line":131,"column":167}},"82":{"start":{"line":131,"column":49},"end":{"line":131,"column":167}},"83":{"start":{"line":132,"column":41},"end":{"line":146,"column":10}},"84":{"start":{"line":133,"column":30},"end":{"line":133,"column":52}},"85":{"start":{"line":134,"column":30},"end":{"line":139,"column":14}},"86":{"start":{"line":141,"column":12},"end":{"line":144,"column":null}},"87":{"start":{"line":148,"column":8},"end":{"line":163,"column":null}},"88":{"start":{"line":165,"column":8},"end":{"line":165,"column":null}},"89":{"start":{"line":166,"column":8},"end":{"line":166,"column":null}}},"fnMap":{"0":{"name":"GET","decl":{"start":{"line":20,"column":22},"end":{"line":20,"column":25}},"loc":{"start":{"line":20,"column":42},"end":{"line":168,"column":1}}},"1":{"name":"(anonymous_1)","decl":{"start":{"line":52,"column":20},"end":{"line":52,"column":21}},"loc":{"start":{"line":52,"column":35},"end":{"line":52,"column":44}}},"2":{"name":"(anonymous_2)","decl":{"start":{"line":53,"column":17},"end":{"line":53,"column":18}},"loc":{"start":{"line":53,"column":38},"end":{"line":53,"column":94}}},"3":{"name":"(anonymous_3)","decl":{"start":{"line":54,"column":18},"end":{"line":54,"column":19}},"loc":{"start":{"line":54,"column":28},"end":{"line":54,"column":45}}},"4":{"name":"(anonymous_4)","decl":{"start":{"line":75,"column":42},"end":{"line":75,"column":43}},"loc":{"start":{"line":75,"column":90},"end":{"line":78,"column":9}}},"5":{"name":"(anonymous_5)","decl":{"start":{"line":81,"column":17},"end":{"line":81,"column":18}},"loc":{"start":{"line":81,"column":37},"end":{"line":81,"column":52}}},"6":{"name":"(anonymous_6)","decl":{"start":{"line":82,"column":18},"end":{"line":82,"column":19}},"loc":{"start":{"line":82,"column":28},"end":{"line":82,"column":56}}},"7":{"name":"(anonymous_7)","decl":{"start":{"line":104,"column":143},"end":{"line":104,"column":144}},"loc":{"start":{"line":104,"column":152},"end":{"line":111,"column":13}}},"8":{"name":"(anonymous_8)","decl":{"start":{"line":114,"column":22},"end":{"line":114,"column":23}},"loc":{"start":{"line":114,"column":32},"end":{"line":114,"column":49}}},"9":{"name":"(anonymous_9)","decl":{"start":{"line":131,"column":30},"end":{"line":131,"column":31}},"loc":{"start":{"line":131,"column":49},"end":{"line":131,"column":167}}},"10":{"name":"(anonymous_10)","decl":{"start":{"line":132,"column":67},"end":{"line":132,"column":68}},"loc":{"start":{"line":132,"column":71},"end":{"line":146,"column":9}}}},"branchMap":{"0":{"loc":{"start":{"line":27,"column":23},"end":{"line":27,"column":51}},"type":"binary-expr","locations":[{"start":{"line":27,"column":23},"end":{"line":27,"column":38}},{"start":{"line":27,"column":42},"end":{"line":27,"column":51}}]},"1":{"loc":{"start":{"line":28,"column":20},"end":{"line":28,"column":40}},"type":"binary-expr","locations":[{"start":{"line":28,"column":20},"end":{"line":28,"column":32}},{"start":{"line":28,"column":36},"end":{"line":28,"column":40}}]},"2":{"loc":{"start":{"line":34,"column":24},"end":{"line":34,"column":90}},"type":"binary-expr","locations":[{"start":{"line":34,"column":24},"end":{"line":34,"column":46}},{"start":{"line":34,"column":50},"end":{"line":34,"column":84}},{"start":{"line":34,"column":88},"end":{"line":34,"column":90}}]},"3":{"loc":{"start":{"line":35,"column":24},"end":{"line":35,"column":100}},"type":"binary-expr","locations":[{"start":{"line":35,"column":24},"end":{"line":35,"column":51}},{"start":{"line":35,"column":55},"end":{"line":35,"column":94}},{"start":{"line":35,"column":98},"end":{"line":35,"column":100}}]},"4":{"loc":{"start":{"line":53,"column":47},"end":{"line":53,"column":85}},"type":"binary-expr","locations":[{"start":{"line":53,"column":47},"end":{"line":53,"column":76}},{"start":{"line":53,"column":80},"end":{"line":53,"column":85}}]},"5":{"loc":{"start":{"line":61,"column":8},"end":{"line":61,"column":null}},"type":"if","locations":[{"start":{"line":61,"column":8},"end":{"line":61,"column":null}},{"start":{},"end":{}}]},"6":{"loc":{"start":{"line":68,"column":15},"end":{"line":68,"column":71}},"type":"binary-expr","locations":[{"start":{"line":68,"column":15},"end":{"line":68,"column":53}},{"start":{"line":68,"column":57},"end":{"line":68,"column":71}}]},"7":{"loc":{"start":{"line":75,"column":11},"end":{"line":75,"column":32}},"type":"binary-expr","locations":[{"start":{"line":75,"column":11},"end":{"line":75,"column":26}},{"start":{"line":75,"column":30},"end":{"line":75,"column":32}}]},"8":{"loc":{"start":{"line":76,"column":28},"end":{"line":76,"column":73}},"type":"cond-expr","locations":[{"start":{"line":76,"column":39},"end":{"line":76,"column":68}},{"start":{"line":76,"column":71},"end":{"line":76,"column":73}}]},"9":{"loc":{"start":{"line":77,"column":12},"end":{"line":77,"column":null}},"type":"if","locations":[{"start":{"line":77,"column":12},"end":{"line":77,"column":null}},{"start":{},"end":{}}]},"10":{"loc":{"start":{"line":77,"column":16},"end":{"line":77,"column":53}},"type":"binary-expr","locations":[{"start":{"line":77,"column":16},"end":{"line":77,"column":23}},{"start":{"line":77,"column":27},"end":{"line":77,"column":53}}]},"11":{"loc":{"start":{"line":77,"column":89},"end":{"line":77,"column":103}},"type":"cond-expr","locations":[{"start":{"line":77,"column":98},"end":{"line":77,"column":102}},{"start":{"line":77,"column":102},"end":{"line":77,"column":103}}]},"12":{"loc":{"start":{"line":77,"column":89},"end":{"line":77,"column":102}},"type":"binary-expr","locations":[{"start":{"line":77,"column":89},"end":{"line":77,"column":102}},{"start":{"line":77,"column":98},"end":{"line":77,"column":102}}]},"13":{"loc":{"start":{"line":87,"column":8},"end":{"line":116,"column":9}},"type":"if","locations":[{"start":{"line":87,"column":8},"end":{"line":116,"column":9}},{"start":{},"end":{}}]},"14":{"loc":{"start":{"line":96,"column":16},"end":{"line":100,"column":17}},"type":"if","locations":[{"start":{"line":96,"column":16},"end":{"line":100,"column":17}},{"start":{"line":98,"column":23},"end":{"line":100,"column":17}}]},"15":{"loc":{"start":{"line":98,"column":23},"end":{"line":100,"column":17}},"type":"if","locations":[{"start":{"line":98,"column":23},"end":{"line":100,"column":17}},{"start":{},"end":{}}]},"16":{"loc":{"start":{"line":98,"column":27},"end":{"line":98,"column":45}},"type":"cond-expr","locations":[{"start":{"line":98,"column":37},"end":{"line":98,"column":39}},{"start":{"line":98,"column":27},"end":{"line":98,"column":45}}]},"17":{"loc":{"start":{"line":98,"column":27},"end":{"line":98,"column":39}},"type":"binary-expr","locations":[{"start":{"line":98,"column":27},"end":{"line":98,"column":39}},{"start":{"line":98,"column":27},"end":{"line":98,"column":39}}]},"18":{"loc":{"start":{"line":105,"column":29},"end":{"line":105,"column":87}},"type":"binary-expr","locations":[{"start":{"line":105,"column":29},"end":{"line":105,"column":48}},{"start":{"line":105,"column":52},"end":{"line":105,"column":69}},{"start":{"line":105,"column":73},"end":{"line":105,"column":87}}]},"19":{"loc":{"start":{"line":105,"column":29},"end":{"line":105,"column":48}},"type":"cond-expr","locations":[{"start":{"line":105,"column":42},"end":{"line":105,"column":44}},{"start":{"line":105,"column":42},"end":{"line":105,"column":48}}]},"20":{"loc":{"start":{"line":105,"column":29},"end":{"line":105,"column":44}},"type":"binary-expr","locations":[{"start":{"line":105,"column":29},"end":{"line":105,"column":44}},{"start":{"line":105,"column":42},"end":{"line":105,"column":44}}]},"21":{"loc":{"start":{"line":105,"column":52},"end":{"line":105,"column":69}},"type":"cond-expr","locations":[{"start":{"line":105,"column":63},"end":{"line":105,"column":65}},{"start":{"line":105,"column":63},"end":{"line":105,"column":69}}]},"22":{"loc":{"start":{"line":105,"column":52},"end":{"line":105,"column":65}},"type":"binary-expr","locations":[{"start":{"line":105,"column":52},"end":{"line":105,"column":65}},{"start":{"line":105,"column":63},"end":{"line":105,"column":65}}]},"23":{"loc":{"start":{"line":106,"column":16},"end":{"line":108,"column":17}},"type":"if","locations":[{"start":{"line":106,"column":16},"end":{"line":108,"column":17}},{"start":{},"end":{}}]},"24":{"loc":{"start":{"line":109,"column":61},"end":{"line":109,"column":81}},"type":"binary-expr","locations":[{"start":{"line":109,"column":61},"end":{"line":109,"column":76}},{"start":{"line":109,"column":80},"end":{"line":109,"column":81}}]},"25":{"loc":{"start":{"line":110,"column":56},"end":{"line":110,"column":74}},"type":"binary-expr","locations":[{"start":{"line":110,"column":56},"end":{"line":110,"column":69}},{"start":{"line":110,"column":73},"end":{"line":110,"column":74}}]},"26":{"loc":{"start":{"line":128,"column":8},"end":{"line":128,"column":86}},"type":"if","locations":[{"start":{"line":128,"column":8},"end":{"line":128,"column":86}},{"start":{},"end":{}}]},"27":{"loc":{"start":{"line":131,"column":49},"end":{"line":131,"column":167}},"type":"binary-expr","locations":[{"start":{"line":131,"column":49},"end":{"line":131,"column":158}},{"start":{"line":131,"column":162},"end":{"line":131,"column":167}}]},"28":{"loc":{"start":{"line":131,"column":72},"end":{"line":131,"column":157}},"type":"cond-expr","locations":[{"start":{"line":131,"column":100},"end":{"line":131,"column":108}},{"start":{"line":131,"column":111},"end":{"line":131,"column":157}}]},"29":{"loc":{"start":{"line":131,"column":111},"end":{"line":131,"column":157}},"type":"cond-expr","locations":[{"start":{"line":131,"column":140},"end":{"line":131,"column":149}},{"start":{"line":131,"column":152},"end":{"line":131,"column":157}}]},"30":{"loc":{"start":{"line":132,"column":42},"end":{"line":132,"column":61}},"type":"binary-expr","locations":[{"start":{"line":132,"column":42},"end":{"line":132,"column":55}},{"start":{"line":132,"column":59},"end":{"line":132,"column":61}}]}},"s":{"0":0,"1":0,"2":0,"3":0,"4":0,"5":0,"6":0,"7":0,"8":0,"9":0,"10":0,"11":0,"12":0,"13":0,"14":0,"15":0,"16":0,"17":0,"18":0,"19":0,"20":0,"21":0,"22":0,"23":0,"24":0,"25":0,"26":0,"27":0,"28":0,"29":0,"30":0,"31":0,"32":0,"33":0,"34":0,"35":0,"36":0,"37":0,"38":0,"39":0,"40":0,"41":0,"42":0,"43":0,"44":0,"45":0,"46":0,"47":0,"48":0,"49":0,"50":0,"51":0,"52":0,"53":0,"54":0,"55":0,"56":0,"57":0,"58":0,"59":0,"60":0,"61":0,"62":0,"63":0,"64":0,"65":0,"66":0,"67":0,"68":0,"69":0,"70":0,"71":0,"72":0,"73":0,"74":0,"75":0,"76":0,"77":0,"78":0,"79":0,"80":0,"81":0,"82":0,"83":0,"84":0,"85":0,"86":0,"87":0,"88":0,"89":0},"f":{"0":0,"1":0,"2":0,"3":0,"4":0,"5":0,"6":0,"7":0,"8":0,"9":0,"10":0},"b":{"0":[0,0],"1":[0,0],"2":[0,0,0],"3":[0,0,0],"4":[0,0],"5":[0,0],"6":[0,0],"7":[0,0],"8":[0,0],"9":[0,0],"10":[0,0],"11":[0,0],"12":[0,0],"13":[0,0],"14":[0,0],"15":[0,0],"16":[0,0],"17":[0,0],"18":[0,0,0],"19":[0,0],"20":[0,0],"21":[0,0],"22":[0,0],"23":[0,0],"24":[0,0],"25":[0,0],"26":[0,0],"27":[0,0],"28":[0,0],"29":[0,0],"30":[0,0]}}
,"C:\\Users\\plugify\\Documents\\Reydospaes-refactor\\src\\app\\api\\env\\routes.ts": {"path":"C:\\Users\\plugify\\Documents\\Reydospaes-refactor\\src\\app\\api\\env\\routes.ts","statementMap":{"0":{"start":{"line":1,"column":0},"end":{"line":1,"column":7}},"1":{"start":{"line":2,"column":2},"end":{"line":10,"column":5}}},"fnMap":{"0":{"name":"GET","decl":{"start":{"line":1,"column":22},"end":{"line":1,"column":25}},"loc":{"start":{"line":1,"column":25},"end":{"line":11,"column":1}}}},"branchMap":{},"s":{"0":0,"1":0},"f":{"0":0},"b":{}}
,"C:\\Users\\plugify\\Documents\\Reydospaes-refactor\\src\\app\\api\\gestao\\vendas\\metricas\\route.ts": {"path":"C:\\Users\\plugify\\Documents\\Reydospaes-refactor\\src\\app\\api\\gestao\\vendas\\metricas\\route.ts","statementMap":{"0":{"start":{"line":12,"column":0},"end":{"line":12,"column":7}},"1":{"start":{"line":1,"column":13},"end":{"line":1,"column":null}},"2":{"start":{"line":3,"column":0},"end":{"line":3,"column":42}},"3":{"start":{"line":4,"column":0},"end":{"line":4,"column":50}},"4":{"start":{"line":5,"column":0},"end":{"line":5,"column":53}},"5":{"start":{"line":6,"column":0},"end":{"line":6,"column":70}},"6":{"start":{"line":7,"column":0},"end":{"line":7,"column":44}},"7":{"start":{"line":8,"column":0},"end":{"line":8,"column":44}},"8":{"start":{"line":9,"column":0},"end":{"line":9,"column":64}},"9":{"start":{"line":10,"column":0},"end":{"line":10,"column":73}},"10":{"start":{"line":13,"column":27},"end":{"line":13,"column":47}},"11":{"start":{"line":14,"column":26},"end":{"line":14,"column":56}},"12":{"start":{"line":15,"column":23},"end":{"line":15,"column":50}},"13":{"start":{"line":17,"column":15},"end":{"line":17,"column":31}},"14":{"start":{"line":18,"column":20},"end":{"line":18,"column":36}},"15":{"start":{"line":19,"column":21},"end":{"line":19,"column":49}},"16":{"start":{"line":20,"column":18},"end":{"line":20,"column":38}},"17":{"start":{"line":22,"column":22},"end":{"line":22,"column":41}},"18":{"start":{"line":23,"column":22},"end":{"line":23,"column":88}},"19":{"start":{"line":24,"column":22},"end":{"line":24,"column":98}},"20":{"start":{"line":25,"column":19},"end":{"line":28,"column":null}},"21":{"start":{"line":31,"column":2},"end":{"line":48,"column":3}},"22":{"start":{"line":32,"column":21},"end":{"line":32,"column":79}},"23":{"start":{"line":34,"column":4},"end":{"line":44,"column":null}},"24":{"start":{"line":46,"column":4},"end":{"line":46,"column":null}},"25":{"start":{"line":47,"column":4},"end":{"line":47,"column":null}}},"fnMap":{"0":{"name":"GET","decl":{"start":{"line":12,"column":22},"end":{"line":12,"column":25}},"loc":{"start":{"line":12,"column":42},"end":{"line":49,"column":1}}}},"branchMap":{"0":{"loc":{"start":{"line":19,"column":21},"end":{"line":19,"column":49}},"type":"binary-expr","locations":[{"start":{"line":19,"column":21},"end":{"line":19,"column":36}},{"start":{"line":19,"column":40},"end":{"line":19,"column":49}}]},"1":{"loc":{"start":{"line":20,"column":18},"end":{"line":20,"column":38}},"type":"binary-expr","locations":[{"start":{"line":20,"column":18},"end":{"line":20,"column":30}},{"start":{"line":20,"column":34},"end":{"line":20,"column":38}}]},"2":{"loc":{"start":{"line":23,"column":22},"end":{"line":23,"column":88}},"type":"binary-expr","locations":[{"start":{"line":23,"column":22},"end":{"line":23,"column":44}},{"start":{"line":23,"column":48},"end":{"line":23,"column":82}},{"start":{"line":23,"column":86},"end":{"line":23,"column":88}}]},"3":{"loc":{"start":{"line":24,"column":22},"end":{"line":24,"column":98}},"type":"binary-expr","locations":[{"start":{"line":24,"column":22},"end":{"line":24,"column":49}},{"start":{"line":24,"column":53},"end":{"line":24,"column":92}},{"start":{"line":24,"column":96},"end":{"line":24,"column":98}}]}},"s":{"0":0,"1":0,"2":0,"3":0,"4":0,"5":0,"6":0,"7":0,"8":0,"9":0,"10":0,"11":0,"12":0,"13":0,"14":0,"15":0,"16":0,"17":0,"18":0,"19":0,"20":0,"21":0,"22":0,"23":0,"24":0,"25":0},"f":{"0":0},"b":{"0":[0,0],"1":[0,0],"2":[0,0,0],"3":[0,0,0]}}
,"C:\\Users\\plugify\\Documents\\Reydospaes-refactor\\src\\app\\api\\health\\route.ts": {"path":"C:\\Users\\plugify\\Documents\\Reydospaes-refactor\\src\\app\\api\\health\\route.ts","statementMap":{"0":{"start":{"line":1,"column":0},"end":{"line":1,"column":16}},"1":{"start":{"line":8,"column":0},"end":{"line":8,"column":16}},"2":{"start":{"line":2,"column":4},"end":{"line":5,"column":7}},"3":{"start":{"line":9,"column":4},"end":{"line":9,"column":47}}},"fnMap":{"0":{"name":"GET","decl":{"start":{"line":1,"column":16},"end":{"line":1,"column":19}},"loc":{"start":{"line":1,"column":19},"end":{"line":6,"column":1}}},"1":{"name":"HEAD","decl":{"start":{"line":8,"column":16},"end":{"line":8,"column":20}},"loc":{"start":{"line":8,"column":20},"end":{"line":10,"column":1}}}},"branchMap":{},"s":{"0":0,"1":0,"2":0,"3":0},"f":{"0":0,"1":0},"b":{}}
,"C:\\Users\\plugify\\Documents\\Reydospaes-refactor\\src\\app\\api\\logs\\route.ts": {"path":"C:\\Users\\plugify\\Documents\\Reydospaes-refactor\\src\\app\\api\\logs\\route.ts","statementMap":{"0":{"start":{"line":4,"column":0},"end":{"line":4,"column":7}},"1":{"start":{"line":51,"column":0},"end":{"line":51,"column":7}},"2":{"start":{"line":1,"column":0},"end":{"line":1,"column":55}},"3":{"start":{"line":5,"column":2},"end":{"line":48,"column":3}},"4":{"start":{"line":6,"column":31},"end":{"line":6,"column":51}},"5":{"start":{"line":9,"column":4},"end":{"line":18,"column":5}},"6":{"start":{"line":14,"column":6},"end":{"line":17,"column":null}},"7":{"start":{"line":21,"column":24},"end":{"line":21,"column":58}},"8":{"start":{"line":22,"column":4},"end":{"line":27,"column":5}},"9":{"start":{"line":23,"column":6},"end":{"line":26,"column":null}},"10":{"start":{"line":30,"column":4},"end":{"line":35,"column":null}},"11":{"start":{"line":38,"column":4},"end":{"line":38,"column":null}},"12":{"start":{"line":38,"column":33},"end":{"line":38,"column":56}},"13":{"start":{"line":40,"column":4},"end":{"line":40,"column":null}},"14":{"start":{"line":43,"column":4},"end":{"line":43,"column":null}},"15":{"start":{"line":44,"column":4},"end":{"line":47,"column":null}},"16":{"start":{"line":52,"column":2},"end":{"line":57,"column":null}}},"fnMap":{"0":{"name":"POST","decl":{"start":{"line":4,"column":22},"end":{"line":4,"column":26}},"loc":{"start":{"line":4,"column":47},"end":{"line":49,"column":1}}},"1":{"name":"(anonymous_1)","decl":{"start":{"line":38,"column":22},"end":{"line":38,"column":29}},"loc":{"start":{"line":38,"column":33},"end":{"line":38,"column":56}}},"2":{"name":"GET","decl":{"start":{"line":51,"column":22},"end":{"line":51,"column":25}},"loc":{"start":{"line":51,"column":25},"end":{"line":58,"column":1}}}},"branchMap":{"0":{"loc":{"start":{"line":9,"column":4},"end":{"line":18,"column":5}},"type":"if","locations":[{"start":{"line":9,"column":4},"end":{"line":18,"column":5}},{"start":{},"end":{}}]},"1":{"loc":{"start":{"line":10,"column":6},"end":{"line":12,"column":44}},"type":"binary-expr","locations":[{"start":{"line":10,"column":6},"end":{"line":10,"column":40}},{"start":{"line":11,"column":6},"end":{"line":11,"column":42}},{"start":{"line":12,"column":6},"end":{"line":12,"column":44}}]},"2":{"loc":{"start":{"line":22,"column":4},"end":{"line":27,"column":5}},"type":"if","locations":[{"start":{"line":22,"column":4},"end":{"line":27,"column":5}},{"start":{},"end":{}}]},"3":{"loc":{"start":{"line":33,"column":15},"end":{"line":33,"column":39}},"type":"binary-expr","locations":[{"start":{"line":33,"column":15},"end":{"line":33,"column":31}},{"start":{"line":33,"column":35},"end":{"line":33,"column":39}}]}},"s":{"0":0,"1":0,"2":0,"3":0,"4":0,"5":0,"6":0,"7":0,"8":0,"9":0,"10":0,"11":0,"12":0,"13":0,"14":0,"15":0,"16":0},"f":{"0":0,"1":0,"2":0},"b":{"0":[0,0],"1":[0,0,0],"2":[0,0],"3":[0,0]}}
,"C:\\Users\\plugify\\Documents\\Reydospaes-refactor\\src\\app\\sistema\\usuarios\\actions.ts": {"path":"C:\\Users\\plugify\\Documents\\Reydospaes-refactor\\src\\app\\sistema\\usuarios\\actions.ts","statementMap":{"0":{"start":{"line":16,"column":0},"end":{"line":16,"column":7}},"1":{"start":{"line":3,"column":0},"end":{"line":3,"column":52}},"2":{"start":{"line":5,"column":22},"end":{"line":13,"column":null}},"3":{"start":{"line":17,"column":2},"end":{"line":38,"column":3}},"4":{"start":{"line":19,"column":49},"end":{"line":24,"column":6}},"5":{"start":{"line":26,"column":4},"end":{"line":29,"column":5}},"6":{"start":{"line":27,"column":6},"end":{"line":27,"column":null}},"7":{"start":{"line":28,"column":6},"end":{"line":28,"column":null}},"8":{"start":{"line":34,"column":4},"end":{"line":34,"column":null}},"9":{"start":{"line":36,"column":4},"end":{"line":36,"column":null}},"10":{"start":{"line":37,"column":4},"end":{"line":37,"column":null}}},"fnMap":{"0":{"name":"criarUsuarioAuth","decl":{"start":{"line":16,"column":22},"end":{"line":16,"column":38}},"loc":{"start":{"line":16,"column":98},"end":{"line":39,"column":1}}}},"branchMap":{"0":{"loc":{"start":{"line":26,"column":4},"end":{"line":29,"column":5}},"type":"if","locations":[{"start":{"line":26,"column":4},"end":{"line":29,"column":5}},{"start":{},"end":{}}]}},"s":{"0":0,"1":0,"2":0,"3":0,"4":0,"5":0,"6":0,"7":0,"8":0,"9":0,"10":0},"f":{"0":0},"b":{"0":[0,0]}}
,"C:\\Users\\plugify\\Documents\\Reydospaes-refactor\\src\\components\\ThemeConfigurator.tsx": {"path":"C:\\Users\\plugify\\Documents\\Reydospaes-refactor\\src\\components\\ThemeConfigurator.tsx","statementMap":{"0":{"start":{"line":4,"column":0},"end":{"line":4,"column":24}},"1":{"start":{"line":2,"column":0},"end":{"line":2,"column":33}},"2":{"start":{"line":5,"column":2},"end":{"line":13,"column":null}},"3":{"start":{"line":6,"column":26},"end":{"line":6,"column":71}},"4":{"start":{"line":7,"column":23},"end":{"line":7,"column":63}},"5":{"start":{"line":8,"column":23},"end":{"line":8,"column":73}},"6":{"start":{"line":10,"column":4},"end":{"line":10,"column":null}},"7":{"start":{"line":11,"column":4},"end":{"line":11,"column":null}},"8":{"start":{"line":12,"column":4},"end":{"line":12,"column":null}},"9":{"start":{"line":15,"column":2},"end":{"line":15,"column":null}}},"fnMap":{"0":{"name":"ThemeConfigurator","decl":{"start":{"line":4,"column":24},"end":{"line":4,"column":41}},"loc":{"start":{"line":4,"column":41},"end":{"line":16,"column":1}}},"1":{"name":"(anonymous_1)","decl":{"start":{"line":5,"column":12},"end":{"line":5,"column":15}},"loc":{"start":{"line":5,"column":17},"end":{"line":13,"column":3}}}},"branchMap":{"0":{"loc":{"start":{"line":6,"column":26},"end":{"line":6,"column":71}},"type":"binary-expr","locations":[{"start":{"line":6,"column":26},"end":{"line":6,"column":59}},{"start":{"line":6,"column":63},"end":{"line":6,"column":71}}]},"1":{"loc":{"start":{"line":7,"column":23},"end":{"line":7,"column":63}},"type":"binary-expr","locations":[{"start":{"line":7,"column":23},"end":{"line":7,"column":52}},{"start":{"line":7,"column":56},"end":{"line":7,"column":63}}]},"2":{"loc":{"start":{"line":8,"column":23},"end":{"line":8,"column":73}},"type":"binary-expr","locations":[{"start":{"line":8,"column":23},"end":{"line":8,"column":60}},{"start":{"line":8,"column":64},"end":{"line":8,"column":73}}]}},"s":{"0":0,"1":0,"2":0,"3":0,"4":0,"5":0,"6":0,"7":0,"8":0,"9":0},"f":{"0":0,"1":0},"b":{"0":[0,0],"1":[0,0],"2":[0,0]}}
,"C:\\Users\\plugify\\Documents\\Reydospaes-refactor\\src\\env\\client-env.ts": {"path":"C:\\Users\\plugify\\Documents\\Reydospaes-refactor\\src\\env\\client-env.ts","statementMap":{"0":{"start":{"line":11,"column":30},"end":{"line":11,"column":32}},"1":{"start":{"line":13,"column":16},"end":{"line":13,"column":40}},"2":{"start":{"line":15,"column":16},"end":{"line":15,"column":52}},"3":{"start":{"line":16,"column":17},"end":{"line":16,"column":58}},"4":{"start":{"line":17,"column":22},"end":{"line":17,"column":56}},"5":{"start":{"line":19,"column":4},"end":{"line":20,"column":null}},"6":{"start":{"line":19,"column":14},"end":{"line":19,"column":null}},"7":{"start":{"line":20,"column":9},"end":{"line":20,"column":null}},"8":{"start":{"line":22,"column":4},"end":{"line":23,"column":null}},"9":{"start":{"line":22,"column":15},"end":{"line":22,"column":null}},"10":{"start":{"line":23,"column":9},"end":{"line":23,"column":null}},"11":{"start":{"line":25,"column":4},"end":{"line":25,"column":null}},"12":{"start":{"line":25,"column":19},"end":{"line":25,"column":null}},"13":{"start":{"line":27,"column":4},"end":{"line":29,"column":5}},"14":{"start":{"line":28,"column":8},"end":{"line":28,"column":56}},"15":{"start":{"line":31,"column":4},"end":{"line":31,"column":15}},"16":{"start":{"line":34,"column":13},"end":{"line":34,"column":40}}},"fnMap":{"0":{"name":"getClientEnv","decl":{"start":{"line":10,"column":9},"end":{"line":10,"column":21}},"loc":{"start":{"line":10,"column":21},"end":{"line":32,"column":1}}}},"branchMap":{"0":{"loc":{"start":{"line":19,"column":4},"end":{"line":20,"column":null}},"type":"if","locations":[{"start":{"line":19,"column":4},"end":{"line":20,"column":null}},{"start":{"line":20,"column":9},"end":{"line":20,"column":null}}]},"1":{"loc":{"start":{"line":22,"column":4},"end":{"line":23,"column":null}},"type":"if","locations":[{"start":{"line":22,"column":4},"end":{"line":23,"column":null}},{"start":{"line":23,"column":9},"end":{"line":23,"column":null}}]},"2":{"loc":{"start":{"line":25,"column":4},"end":{"line":25,"column":null}},"type":"if","locations":[{"start":{"line":25,"column":4},"end":{"line":25,"column":null}},{"start":{},"end":{}}]},"3":{"loc":{"start":{"line":27,"column":4},"end":{"line":29,"column":5}},"type":"if","locations":[{"start":{"line":27,"column":4},"end":{"line":29,"column":5}},{"start":{},"end":{}}]}},"s":{"0":0,"1":0,"2":0,"3":0,"4":0,"5":0,"6":0,"7":0,"8":0,"9":0,"10":0,"11":0,"12":0,"13":0,"14":0,"15":0,"16":0},"f":{"0":0},"b":{"0":[0,0],"1":[0,0],"2":[0,0],"3":[0,0]}}
,"C:\\Users\\plugify\\Documents\\Reydospaes-refactor\\src\\env\\server-env.ts": {"path":"C:\\Users\\plugify\\Documents\\Reydospaes-refactor\\src\\env\\server-env.ts","statementMap":{"0":{"start":{"line":62,"column":0},"end":{"line":62,"column":16}},"1":{"start":{"line":68,"column":0},"end":{"line":68,"column":16}},"2":{"start":{"line":5,"column":26},"end":{"line":11,"column":11}},"3":{"start":{"line":17,"column":34},"end":{"line":17,"column":36}},"4":{"start":{"line":20,"column":30},"end":{"line":20,"column":32}},"5":{"start":{"line":22,"column":16},"end":{"line":22,"column":50}},"6":{"start":{"line":25,"column":32},"end":{"line":25,"column":69}},"7":{"start":{"line":26,"column":24},"end":{"line":26,"column":48}},"8":{"start":{"line":27,"column":25},"end":{"line":27,"column":54}},"9":{"start":{"line":28,"column":24},"end":{"line":28,"column":48}},"10":{"start":{"line":29,"column":22},"end":{"line":29,"column":44}},"11":{"start":{"line":31,"column":4},"end":{"line":32,"column":null}},"12":{"start":{"line":31,"column":30},"end":{"line":31,"column":null}},"13":{"start":{"line":32,"column":9},"end":{"line":32,"column":null}},"14":{"start":{"line":34,"column":4},"end":{"line":35,"column":null}},"15":{"start":{"line":34,"column":22},"end":{"line":34,"column":null}},"16":{"start":{"line":35,"column":9},"end":{"line":35,"column":null}},"17":{"start":{"line":37,"column":4},"end":{"line":38,"column":null}},"18":{"start":{"line":37,"column":23},"end":{"line":37,"column":null}},"19":{"start":{"line":38,"column":9},"end":{"line":38,"column":null}},"20":{"start":{"line":40,"column":4},"end":{"line":41,"column":null}},"21":{"start":{"line":40,"column":22},"end":{"line":40,"column":null}},"22":{"start":{"line":41,"column":9},"end":{"line":41,"column":null}},"23":{"start":{"line":43,"column":4},"end":{"line":44,"column":null}},"24":{"start":{"line":43,"column":20},"end":{"line":43,"column":null}},"25":{"start":{"line":44,"column":9},"end":{"line":44,"column":null}},"26":{"start":{"line":46,"column":4},"end":{"line":51,"column":5}},"27":{"start":{"line":47,"column":8},"end":{"line":47,"column":56}},"28":{"start":{"line":50,"column":8},"end":{"line":50,"column":36}},"29":{"start":{"line":53,"column":4},"end":{"line":53,"column":15}},"30":{"start":{"line":56,"column":13},"end":{"line":56,"column":40}},"31":{"start":{"line":59,"column":13},"end":{"line":59,"column":62}},"32":{"start":{"line":63,"column":4},"end":{"line":63,"column":29}},"33":{"start":{"line":69,"column":4},"end":{"line":71,"column":5}},"34":{"start":{"line":70,"column":8},"end":{"line":70,"column":90}},"35":{"start":{"line":75,"column":13},"end":{"line":120,"column":null}}},"fnMap":{"0":{"name":"getServerEnv","decl":{"start":{"line":19,"column":9},"end":{"line":19,"column":21}},"loc":{"start":{"line":19,"column":21},"end":{"line":54,"column":1}}},"1":{"name":"getServerEnvMissing","decl":{"start":{"line":62,"column":16},"end":{"line":62,"column":35}},"loc":{"start":{"line":62,"column":35},"end":{"line":64,"column":1}}},"2":{"name":"assertServerEnv","decl":{"start":{"line":68,"column":16},"end":{"line":68,"column":31}},"loc":{"start":{"line":68,"column":31},"end":{"line":72,"column":1}}}},"branchMap":{"0":{"loc":{"start":{"line":31,"column":4},"end":{"line":32,"column":null}},"type":"if","locations":[{"start":{"line":31,"column":4},"end":{"line":32,"column":null}},{"start":{"line":32,"column":9},"end":{"line":32,"column":null}}]},"1":{"loc":{"start":{"line":34,"column":4},"end":{"line":35,"column":null}},"type":"if","locations":[{"start":{"line":34,"column":4},"end":{"line":35,"column":null}},{"start":{"line":35,"column":9},"end":{"line":35,"column":null}}]},"2":{"loc":{"start":{"line":37,"column":4},"end":{"line":38,"column":null}},"type":"if","locations":[{"start":{"line":37,"column":4},"end":{"line":38,"column":null}},{"start":{"line":38,"column":9},"end":{"line":38,"column":null}}]},"3":{"loc":{"start":{"line":40,"column":4},"end":{"line":41,"column":null}},"type":"if","locations":[{"start":{"line":40,"column":4},"end":{"line":41,"column":null}},{"start":{"line":41,"column":9},"end":{"line":41,"column":null}}]},"4":{"loc":{"start":{"line":43,"column":4},"end":{"line":44,"column":null}},"type":"if","locations":[{"start":{"line":43,"column":4},"end":{"line":44,"column":null}},{"start":{"line":44,"column":9},"end":{"line":44,"column":null}}]},"5":{"loc":{"start":{"line":46,"column":4},"end":{"line":51,"column":5}},"type":"if","locations":[{"start":{"line":46,"column":4},"end":{"line":51,"column":5}},{"start":{},"end":{}}]},"6":{"loc":{"start":{"line":59,"column":24},"end":{"line":59,"column":61}},"type":"binary-expr","locations":[{"start":{"line":59,"column":24},"end":{"line":59,"column":44}},{"start":{"line":59,"column":48},"end":{"line":59,"column":61}}]},"7":{"loc":{"start":{"line":69,"column":4},"end":{"line":71,"column":5}},"type":"if","locations":[{"start":{"line":69,"column":4},"end":{"line":71,"column":5}},{"start":{},"end":{}}]},"8":{"loc":{"start":{"line":112,"column":19},"end":{"line":112,"column":72}},"type":"binary-expr","locations":[{"start":{"line":112,"column":19},"end":{"line":112,"column":43}},{"start":{"line":112,"column":47},"end":{"line":112,"column":72}}]}},"s":{"0":0,"1":0,"2":0,"3":0,"4":0,"5":0,"6":0,"7":0,"8":0,"9":0,"10":0,"11":0,"12":0,"13":0,"14":0,"15":0,"16":0,"17":0,"18":0,"19":0,"20":0,"21":0,"22":0,"23":0,"24":0,"25":0,"26":0,"27":0,"28":0,"29":0,"30":0,"31":0,"32":0,"33":0,"34":0,"35":0},"f":{"0":0,"1":0,"2":0},"b":{"0":[0,0],"1":[0,0],"2":[0,0],"3":[0,0],"4":[0,0],"5":[0,0],"6":[0,0],"7":[0,0],"8":[0,0]}}
,"C:\\Users\\plugify\\Documents\\Reydospaes-refactor\\src\\hooks\\useAdminUnlock.ts": {"path":"C:\\Users\\plugify\\Documents\\Reydospaes-refactor\\src\\hooks\\useAdminUnlock.ts","statementMap":{"0":{"start":{"line":25,"column":0},"end":{"line":25,"column":16}},"1":{"start":{"line":3,"column":0},"end":{"line":3,"column":73}},"2":{"start":{"line":4,"column":0},"end":{"line":4,"column":48}},"3":{"start":{"line":5,"column":0},"end":{"line":5,"column":35}},"4":{"start":{"line":6,"column":0},"end":{"line":6,"column":132}},"5":{"start":{"line":8,"column":20},"end":{"line":8,"column":41}},"6":{"start":{"line":10,"column":23},"end":{"line":10,"column":28}},"7":{"start":{"line":26,"column":51},"end":{"line":26,"column":60}},"8":{"start":{"line":27,"column":38},"end":{"line":34,"column":4}},"9":{"start":{"line":29,"column":4},"end":{"line":32,"column":5}},"10":{"start":{"line":30,"column":20},"end":{"line":30,"column":55}},"11":{"start":{"line":31,"column":6},"end":{"line":31,"column":null}},"12":{"start":{"line":33,"column":4},"end":{"line":33,"column":null}},"13":{"start":{"line":35,"column":40},"end":{"line":35,"column":55}},"14":{"start":{"line":36,"column":28},"end":{"line":36,"column":57}},"15":{"start":{"line":37,"column":24},"end":{"line":37,"column":37}},"16":{"start":{"line":40,"column":2},"end":{"line":53,"column":null}},"17":{"start":{"line":41,"column":4},"end":{"line":41,"column":105}},"18":{"start":{"line":41,"column":99},"end":{"line":41,"column":105}},"19":{"start":{"line":43,"column":18},"end":{"line":43,"column":53}},"20":{"start":{"line":44,"column":4},"end":{"line":50,"column":5}},"21":{"start":{"line":45,"column":6},"end":{"line":45,"column":null}},"22":{"start":{"line":46,"column":11},"end":{"line":50,"column":5}},"23":{"start":{"line":48,"column":6},"end":{"line":48,"column":null}},"24":{"start":{"line":49,"column":6},"end":{"line":49,"column":null}},"25":{"start":{"line":51,"column":4},"end":{"line":51,"column":null}},"26":{"start":{"line":52,"column":4},"end":{"line":52,"column":null}},"27":{"start":{"line":56,"column":17},"end":{"line":190,"column":22}},"28":{"start":{"line":57,"column":4},"end":{"line":60,"column":5}},"29":{"start":{"line":58,"column":6},"end":{"line":58,"column":null}},"30":{"start":{"line":59,"column":6},"end":{"line":59,"column":null}},"31":{"start":{"line":62,"column":4},"end":{"line":62,"column":null}},"32":{"start":{"line":63,"column":4},"end":{"line":63,"column":null}},"33":{"start":{"line":65,"column":4},"end":{"line":189,"column":5}},"34":{"start":{"line":67,"column":24},"end":{"line":67,"column":77}},"35":{"start":{"line":68,"column":6},"end":{"line":104,"column":7}},"36":{"start":{"line":70,"column":27},"end":{"line":70,"column":54}},"37":{"start":{"line":71,"column":8},"end":{"line":83,"column":9}},"38":{"start":{"line":72,"column":24},"end":{"line":72,"column":93}},"39":{"start":{"line":73,"column":10},"end":{"line":82,"column":11}},"40":{"start":{"line":74,"column":12},"end":{"line":74,"column":null}},"41":{"start":{"line":75,"column":12},"end":{"line":78,"column":13}},"42":{"start":{"line":76,"column":14},"end":{"line":76,"column":null}},"43":{"start":{"line":77,"column":14},"end":{"line":77,"column":null}},"44":{"start":{"line":79,"column":12},"end":{"line":79,"column":null}},"45":{"start":{"line":80,"column":12},"end":{"line":80,"column":null}},"46":{"start":{"line":81,"column":12},"end":{"line":81,"column":null}},"47":{"start":{"line":86,"column":26},"end":{"line":86,"column":46}},"48":{"start":{"line":87,"column":8},"end":{"line":99,"column":9}},"49":{"start":{"line":88,"column":24},"end":{"line":88,"column":92}},"50":{"start":{"line":89,"column":10},"end":{"line":98,"column":11}},"51":{"start":{"line":90,"column":12},"end":{"line":90,"column":null}},"52":{"start":{"line":91,"column":12},"end":{"line":94,"column":13}},"53":{"start":{"line":92,"column":14},"end":{"line":92,"column":null}},"54":{"start":{"line":93,"column":14},"end":{"line":93,"column":null}},"55":{"start":{"line":95,"column":12},"end":{"line":95,"column":null}},"56":{"start":{"line":96,"column":12},"end":{"line":96,"column":null}},"57":{"start":{"line":97,"column":12},"end":{"line":97,"column":null}},"58":{"start":{"line":101,"column":8},"end":{"line":101,"column":null}},"59":{"start":{"line":102,"column":8},"end":{"line":102,"column":null}},"60":{"start":{"line":103,"column":8},"end":{"line":103,"column":null}},"61":{"start":{"line":107,"column":52},"end":{"line":107,"column":85}},"62":{"start":{"line":109,"column":51},"end":{"line":112,"column":8}},"63":{"start":{"line":114,"column":6},"end":{"line":118,"column":7}},"64":{"start":{"line":115,"column":8},"end":{"line":115,"column":null}},"65":{"start":{"line":116,"column":8},"end":{"line":116,"column":null}},"66":{"start":{"line":117,"column":8},"end":{"line":117,"column":null}},"67":{"start":{"line":120,"column":6},"end":{"line":124,"column":7}},"68":{"start":{"line":121,"column":8},"end":{"line":121,"column":null}},"69":{"start":{"line":122,"column":8},"end":{"line":122,"column":null}},"70":{"start":{"line":123,"column":8},"end":{"line":123,"column":null}},"71":{"start":{"line":126,"column":49},"end":{"line":131,"column":17}},"72":{"start":{"line":133,"column":6},"end":{"line":143,"column":7}},"73":{"start":{"line":134,"column":8},"end":{"line":134,"column":null}},"74":{"start":{"line":135,"column":8},"end":{"line":135,"column":null}},"75":{"start":{"line":136,"column":8},"end":{"line":141,"column":9}},"76":{"start":{"line":137,"column":10},"end":{"line":140,"column":null}},"77":{"start":{"line":142,"column":8},"end":{"line":142,"column":null}},"78":{"start":{"line":145,"column":23},"end":{"line":145,"column":36}},"79":{"start":{"line":146,"column":6},"end":{"line":156,"column":7}},"80":{"start":{"line":147,"column":8},"end":{"line":147,"column":null}},"81":{"start":{"line":148,"column":8},"end":{"line":148,"column":null}},"82":{"start":{"line":149,"column":8},"end":{"line":154,"column":9}},"83":{"start":{"line":150,"column":10},"end":{"line":153,"column":null}},"84":{"start":{"line":155,"column":8},"end":{"line":155,"column":null}},"85":{"start":{"line":158,"column":6},"end":{"line":163,"column":7}},"86":{"start":{"line":159,"column":8},"end":{"line":162,"column":null}},"87":{"start":{"line":166,"column":27},"end":{"line":166,"column":68}},"88":{"start":{"line":167,"column":6},"end":{"line":172,"column":null}},"89":{"start":{"line":174,"column":6},"end":{"line":174,"column":null}},"90":{"start":{"line":175,"column":6},"end":{"line":178,"column":7}},"91":{"start":{"line":176,"column":8},"end":{"line":176,"column":null}},"92":{"start":{"line":177,"column":8},"end":{"line":177,"column":null}},"93":{"start":{"line":179,"column":6},"end":{"line":179,"column":null}},"94":{"start":{"line":181,"column":6},"end":{"line":181,"column":null}},"95":{"start":{"line":182,"column":6},"end":{"line":182,"column":null}},"96":{"start":{"line":184,"column":27},"end":{"line":184,"column":90}},"97":{"start":{"line":185,"column":6},"end":{"line":185,"column":null}},"98":{"start":{"line":186,"column":6},"end":{"line":186,"column":null}},"99":{"start":{"line":187,"column":6},"end":{"line":187,"column":null}},"100":{"start":{"line":188,"column":6},"end":{"line":188,"column":null}},"101":{"start":{"line":193,"column":15},"end":{"line":202,"column":8}},"102":{"start":{"line":194,"column":4},"end":{"line":194,"column":null}},"103":{"start":{"line":195,"column":4},"end":{"line":199,"column":5}},"104":{"start":{"line":196,"column":6},"end":{"line":196,"column":null}},"105":{"start":{"line":198,"column":6},"end":{"line":198,"column":null}},"106":{"start":{"line":200,"column":4},"end":{"line":200,"column":null}},"107":{"start":{"line":201,"column":4},"end":{"line":201,"column":29}},"108":{"start":{"line":205,"column":28},"end":{"line":216,"column":35}},"109":{"start":{"line":206,"column":4},"end":{"line":206,"column":60}},"110":{"start":{"line":206,"column":54},"end":{"line":206,"column":60}},"111":{"start":{"line":208,"column":18},"end":{"line":208,"column":53}},"112":{"start":{"line":209,"column":29},"end":{"line":209,"column":63}},"113":{"start":{"line":211,"column":4},"end":{"line":211,"column":null}},"114":{"start":{"line":213,"column":4},"end":{"line":215,"column":5}},"115":{"start":{"line":214,"column":6},"end":{"line":214,"column":null}},"116":{"start":{"line":219,"column":2},"end":{"line":242,"column":null}},"117":{"start":{"line":220,"column":4},"end":{"line":220,"column":45}},"118":{"start":{"line":220,"column":39},"end":{"line":220,"column":45}},"119":{"start":{"line":222,"column":30},"end":{"line":227,"column":5}},"120":{"start":{"line":223,"column":28},"end":{"line":223,"column":46}},"121":{"start":{"line":224,"column":6},"end":{"line":226,"column":7}},"122":{"start":{"line":225,"column":8},"end":{"line":225,"column":null}},"123":{"start":{"line":229,"column":32},"end":{"line":233,"column":5}},"124":{"start":{"line":230,"column":6},"end":{"line":232,"column":7}},"125":{"start":{"line":231,"column":8},"end":{"line":231,"column":null}},"126":{"start":{"line":235,"column":4},"end":{"line":235,"column":null}},"127":{"start":{"line":236,"column":4},"end":{"line":236,"column":null}},"128":{"start":{"line":238,"column":4},"end":{"line":241,"column":null}},"129":{"start":{"line":239,"column":6},"end":{"line":239,"column":null}},"130":{"start":{"line":240,"column":6},"end":{"line":240,"column":null}},"131":{"start":{"line":245,"column":2},"end":{"line":252,"column":null}},"132":{"start":{"line":245,"column":24},"end":{"line":252,"column":4}}},"fnMap":{"0":{"name":"useAdminUnlock","decl":{"start":{"line":25,"column":16},"end":{"line":25,"column":30}},"loc":{"start":{"line":25,"column":30},"end":{"line":253,"column":1}}},"1":{"name":"(anonymous_1)","decl":{"start":{"line":27,"column":47},"end":{"line":27,"column":50}},"loc":{"start":{"line":27,"column":52},"end":{"line":34,"column":3}}},"2":{"name":"(anonymous_2)","decl":{"start":{"line":40,"column":12},"end":{"line":40,"column":15}},"loc":{"start":{"line":40,"column":17},"end":{"line":53,"column":3}}},"3":{"name":"(anonymous_3)","decl":{"start":{"line":56,"column":29},"end":{"line":56,"column":34}},"loc":{"start":{"line":56,"column":89},"end":{"line":190,"column":3}}},"4":{"name":"(anonymous_4)","decl":{"start":{"line":193,"column":27},"end":{"line":193,"column":30}},"loc":{"start":{"line":193,"column":32},"end":{"line":202,"column":3}}},"5":{"name":"(anonymous_5)","decl":{"start":{"line":205,"column":40},"end":{"line":205,"column":43}},"loc":{"start":{"line":205,"column":45},"end":{"line":216,"column":3}}},"6":{"name":"(anonymous_6)","decl":{"start":{"line":219,"column":12},"end":{"line":219,"column":15}},"loc":{"start":{"line":219,"column":17},"end":{"line":242,"column":3}}},"7":{"name":"(anonymous_7)","decl":{"start":{"line":222,"column":30},"end":{"line":222,"column":31}},"loc":{"start":{"line":222,"column":41},"end":{"line":227,"column":5}}},"8":{"name":"(anonymous_8)","decl":{"start":{"line":229,"column":32},"end":{"line":229,"column":33}},"loc":{"start":{"line":229,"column":52},"end":{"line":233,"column":5}}},"9":{"name":"(anonymous_9)","decl":{"start":{"line":238,"column":11},"end":{"line":238,"column":14}},"loc":{"start":{"line":238,"column":16},"end":{"line":241,"column":5}}},"10":{"name":"(anonymous_10)","decl":{"start":{"line":245,"column":17},"end":{"line":245,"column":20}},"loc":{"start":{"line":245,"column":24},"end":{"line":252,"column":4}}}},"branchMap":{"0":{"loc":{"start":{"line":29,"column":4},"end":{"line":32,"column":5}},"type":"if","locations":[{"start":{"line":29,"column":4},"end":{"line":32,"column":5}},{"start":{},"end":{}}]},"1":{"loc":{"start":{"line":41,"column":4},"end":{"line":41,"column":105}},"type":"if","locations":[{"start":{"line":41,"column":4},"end":{"line":41,"column":105}},{"start":{},"end":{}}]},"2":{"loc":{"start":{"line":41,"column":8},"end":{"line":41,"column":97}},"type":"binary-expr","locations":[{"start":{"line":41,"column":8},"end":{"line":41,"column":37}},{"start":{"line":41,"column":41},"end":{"line":41,"column":52}},{"start":{"line":41,"column":56},"end":{"line":41,"column":72}},{"start":{"line":41,"column":76},"end":{"line":41,"column":97}}]},"3":{"loc":{"start":{"line":44,"column":4},"end":{"line":50,"column":5}},"type":"if","locations":[{"start":{"line":44,"column":4},"end":{"line":50,"column":5}},{"start":{"line":46,"column":11},"end":{"line":50,"column":5}}]},"4":{"loc":{"start":{"line":44,"column":8},"end":{"line":44,"column":42}},"type":"binary-expr","locations":[{"start":{"line":44,"column":8},"end":{"line":44,"column":24}},{"start":{"line":44,"column":28},"end":{"line":44,"column":42}}]},"5":{"loc":{"start":{"line":46,"column":11},"end":{"line":50,"column":5}},"type":"if","locations":[{"start":{"line":46,"column":11},"end":{"line":50,"column":5}},{"start":{},"end":{}}]},"6":{"loc":{"start":{"line":46,"column":15},"end":{"line":46,"column":50}},"type":"binary-expr","locations":[{"start":{"line":46,"column":15},"end":{"line":46,"column":31}},{"start":{"line":46,"column":35},"end":{"line":46,"column":50}}]},"7":{"loc":{"start":{"line":57,"column":4},"end":{"line":60,"column":5}},"type":"if","locations":[{"start":{"line":57,"column":4},"end":{"line":60,"column":5}},{"start":{},"end":{}}]},"8":{"loc":{"start":{"line":67,"column":24},"end":{"line":67,"column":77}},"type":"binary-expr","locations":[{"start":{"line":67,"column":24},"end":{"line":67,"column":56}},{"start":{"line":67,"column":60},"end":{"line":67,"column":77}}]},"9":{"loc":{"start":{"line":68,"column":6},"end":{"line":104,"column":7}},"type":"if","locations":[{"start":{"line":68,"column":6},"end":{"line":104,"column":7}},{"start":{},"end":{}}]},"10":{"loc":{"start":{"line":71,"column":8},"end":{"line":83,"column":9}},"type":"if","locations":[{"start":{"line":71,"column":8},"end":{"line":83,"column":9}},{"start":{},"end":{}}]},"11":{"loc":{"start":{"line":71,"column":12},"end":{"line":71,"column":84}},"type":"binary-expr","locations":[{"start":{"line":71,"column":12},"end":{"line":71,"column":22}},{"start":{"line":71,"column":26},"end":{"line":71,"column":84}}]},"12":{"loc":{"start":{"line":71,"column":26},"end":{"line":71,"column":57}},"type":"cond-expr","locations":[{"start":{"line":71,"column":42},"end":{"line":71,"column":44}},{"start":{"line":71,"column":42},"end":{"line":71,"column":57}}]},"13":{"loc":{"start":{"line":71,"column":26},"end":{"line":71,"column":44}},"type":"binary-expr","locations":[{"start":{"line":71,"column":26},"end":{"line":71,"column":44}},{"start":{"line":71,"column":42},"end":{"line":71,"column":44}}]},"14":{"loc":{"start":{"line":71,"column":62},"end":{"line":71,"column":82}},"type":"cond-expr","locations":[{"start":{"line":71,"column":67},"end":{"line":71,"column":69}},{"start":{"line":71,"column":62},"end":{"line":71,"column":82}}]},"15":{"loc":{"start":{"line":71,"column":62},"end":{"line":71,"column":69}},"type":"binary-expr","locations":[{"start":{"line":71,"column":62},"end":{"line":71,"column":69}},{"start":{"line":71,"column":62},"end":{"line":71,"column":69}}]},"16":{"loc":{"start":{"line":73,"column":10},"end":{"line":82,"column":11}},"type":"if","locations":[{"start":{"line":73,"column":10},"end":{"line":82,"column":11}},{"start":{},"end":{}}]},"17":{"loc":{"start":{"line":73,"column":14},"end":{"line":73,"column":85}},"type":"binary-expr","locations":[{"start":{"line":73,"column":14},"end":{"line":73,"column":19}},{"start":{"line":73,"column":24},"end":{"line":73,"column":51}},{"start":{"line":73,"column":55},"end":{"line":73,"column":84}}]},"18":{"loc":{"start":{"line":75,"column":12},"end":{"line":78,"column":13}},"type":"if","locations":[{"start":{"line":75,"column":12},"end":{"line":78,"column":13}},{"start":{},"end":{}}]},"19":{"loc":{"start":{"line":87,"column":8},"end":{"line":99,"column":9}},"type":"if","locations":[{"start":{"line":87,"column":8},"end":{"line":99,"column":9}},{"start":{},"end":{}}]},"20":{"loc":{"start":{"line":87,"column":12},"end":{"line":87,"column":91}},"type":"binary-expr","locations":[{"start":{"line":87,"column":12},"end":{"line":87,"column":21}},{"start":{"line":87,"column":25},"end":{"line":87,"column":91}}]},"21":{"loc":{"start":{"line":87,"column":25},"end":{"line":87,"column":64}},"type":"cond-expr","locations":[{"start":{"line":87,"column":49},"end":{"line":87,"column":51}},{"start":{"line":87,"column":49},"end":{"line":87,"column":64}}]},"22":{"loc":{"start":{"line":87,"column":25},"end":{"line":87,"column":51}},"type":"binary-expr","locations":[{"start":{"line":87,"column":25},"end":{"line":87,"column":51}},{"start":{"line":87,"column":49},"end":{"line":87,"column":51}}]},"23":{"loc":{"start":{"line":87,"column":69},"end":{"line":87,"column":89}},"type":"cond-expr","locations":[{"start":{"line":87,"column":74},"end":{"line":87,"column":76}},{"start":{"line":87,"column":69},"end":{"line":87,"column":89}}]},"24":{"loc":{"start":{"line":87,"column":69},"end":{"line":87,"column":76}},"type":"binary-expr","locations":[{"start":{"line":87,"column":69},"end":{"line":87,"column":76}},{"start":{"line":87,"column":69},"end":{"line":87,"column":76}}]},"25":{"loc":{"start":{"line":89,"column":10},"end":{"line":98,"column":11}},"type":"if","locations":[{"start":{"line":89,"column":10},"end":{"line":98,"column":11}},{"start":{},"end":{}}]},"26":{"loc":{"start":{"line":89,"column":14},"end":{"line":89,"column":101}},"type":"binary-expr","locations":[{"start":{"line":89,"column":14},"end":{"line":89,"column":19}},{"start":{"line":89,"column":24},"end":{"line":89,"column":59}},{"start":{"line":89,"column":63},"end":{"line":89,"column":100}}]},"27":{"loc":{"start":{"line":91,"column":12},"end":{"line":94,"column":13}},"type":"if","locations":[{"start":{"line":91,"column":12},"end":{"line":94,"column":13}},{"start":{},"end":{}}]},"28":{"loc":{"start":{"line":114,"column":6},"end":{"line":118,"column":7}},"type":"if","locations":[{"start":{"line":114,"column":6},"end":{"line":118,"column":7}},{"start":{},"end":{}}]},"29":{"loc":{"start":{"line":120,"column":6},"end":{"line":124,"column":7}},"type":"if","locations":[{"start":{"line":120,"column":6},"end":{"line":124,"column":7}},{"start":{},"end":{}}]},"30":{"loc":{"start":{"line":133,"column":6},"end":{"line":143,"column":7}},"type":"if","locations":[{"start":{"line":133,"column":6},"end":{"line":143,"column":7}},{"start":{},"end":{}}]},"31":{"loc":{"start":{"line":133,"column":10},"end":{"line":133,"column":30}},"type":"binary-expr","locations":[{"start":{"line":133,"column":10},"end":{"line":133,"column":17}},{"start":{"line":133,"column":21},"end":{"line":133,"column":30}}]},"32":{"loc":{"start":{"line":136,"column":8},"end":{"line":141,"column":9}},"type":"if","locations":[{"start":{"line":136,"column":8},"end":{"line":141,"column":9}},{"start":{},"end":{}}]},"33":{"loc":{"start":{"line":146,"column":6},"end":{"line":156,"column":7}},"type":"if","locations":[{"start":{"line":146,"column":6},"end":{"line":156,"column":7}},{"start":{},"end":{}}]},"34":{"loc":{"start":{"line":146,"column":10},"end":{"line":146,"column":56}},"type":"binary-expr","locations":[{"start":{"line":146,"column":10},"end":{"line":146,"column":30}},{"start":{"line":146,"column":34},"end":{"line":146,"column":56}}]},"35":{"loc":{"start":{"line":149,"column":8},"end":{"line":154,"column":9}},"type":"if","locations":[{"start":{"line":149,"column":8},"end":{"line":154,"column":9}},{"start":{},"end":{}}]},"36":{"loc":{"start":{"line":158,"column":6},"end":{"line":163,"column":7}},"type":"if","locations":[{"start":{"line":158,"column":6},"end":{"line":163,"column":7}},{"start":{},"end":{}}]},"37":{"loc":{"start":{"line":175,"column":6},"end":{"line":178,"column":7}},"type":"if","locations":[{"start":{"line":175,"column":6},"end":{"line":178,"column":7}},{"start":{},"end":{}}]},"38":{"loc":{"start":{"line":184,"column":27},"end":{"line":184,"column":90}},"type":"cond-expr","locations":[{"start":{"line":184,"column":50},"end":{"line":184,"column":61}},{"start":{"line":184,"column":64},"end":{"line":184,"column":90}}]},"39":{"loc":{"start":{"line":195,"column":4},"end":{"line":199,"column":5}},"type":"if","locations":[{"start":{"line":195,"column":4},"end":{"line":199,"column":5}},{"start":{},"end":{}}]},"40":{"loc":{"start":{"line":206,"column":4},"end":{"line":206,"column":60}},"type":"if","locations":[{"start":{"line":206,"column":4},"end":{"line":206,"column":60}},{"start":{},"end":{}}]},"41":{"loc":{"start":{"line":206,"column":8},"end":{"line":206,"column":52}},"type":"binary-expr","locations":[{"start":{"line":206,"column":8},"end":{"line":206,"column":37}},{"start":{"line":206,"column":41},"end":{"line":206,"column":52}}]},"42":{"loc":{"start":{"line":209,"column":29},"end":{"line":209,"column":63}},"type":"binary-expr","locations":[{"start":{"line":209,"column":29},"end":{"line":209,"column":45}},{"start":{"line":209,"column":49},"end":{"line":209,"column":63}}]},"43":{"loc":{"start":{"line":213,"column":4},"end":{"line":215,"column":5}},"type":"if","locations":[{"start":{"line":213,"column":4},"end":{"line":215,"column":5}},{"start":{},"end":{}}]},"44":{"loc":{"start":{"line":213,"column":8},"end":{"line":213,"column":43}},"type":"binary-expr","locations":[{"start":{"line":213,"column":8},"end":{"line":213,"column":24}},{"start":{"line":213,"column":28},"end":{"line":213,"column":43}}]},"45":{"loc":{"start":{"line":220,"column":4},"end":{"line":220,"column":45}},"type":"if","locations":[{"start":{"line":220,"column":4},"end":{"line":220,"column":45}},{"start":{},"end":{}}]},"46":{"loc":{"start":{"line":223,"column":28},"end":{"line":223,"column":46}},"type":"cond-expr","locations":[{"start":{"line":223,"column":36},"end":{"line":223,"column":38}},{"start":{"line":223,"column":36},"end":{"line":223,"column":46}}]},"47":{"loc":{"start":{"line":223,"column":28},"end":{"line":223,"column":38}},"type":"binary-expr","locations":[{"start":{"line":223,"column":28},"end":{"line":223,"column":38}},{"start":{"line":223,"column":36},"end":{"line":223,"column":38}}]},"48":{"loc":{"start":{"line":224,"column":6},"end":{"line":226,"column":7}},"type":"if","locations":[{"start":{"line":224,"column":6},"end":{"line":226,"column":7}},{"start":{},"end":{}}]},"49":{"loc":{"start":{"line":230,"column":6},"end":{"line":232,"column":7}},"type":"if","locations":[{"start":{"line":230,"column":6},"end":{"line":232,"column":7}},{"start":{},"end":{}}]}},"s":{"0":0,"1":0,"2":0,"3":0,"4":0,"5":0,"6":0,"7":0,"8":0,"9":0,"10":0,"11":0,"12":0,"13":0,"14":0,"15":0,"16":0,"17":0,"18":0,"19":0,"20":0,"21":0,"22":0,"23":0,"24":0,"25":0,"26":0,"27":0,"28":0,"29":0,"30":0,"31":0,"32":0,"33":0,"34":0,"35":0,"36":0,"37":0,"38":0,"39":0,"40":0,"41":0,"42":0,"43":0,"44":0,"45":0,"46":0,"47":0,"48":0,"49":0,"50":0,"51":0,"52":0,"53":0,"54":0,"55":0,"56":0,"57":0,"58":0,"59":0,"60":0,"61":0,"62":0,"63":0,"64":0,"65":0,"66":0,"67":0,"68":0,"69":0,"70":0,"71":0,"72":0,"73":0,"74":0,"75":0,"76":0,"77":0,"78":0,"79":0,"80":0,"81":0,"82":0,"83":0,"84":0,"85":0,"86":0,"87":0,"88":0,"89":0,"90":0,"91":0,"92":0,"93":0,"94":0,"95":0,"96":0,"97":0,"98":0,"99":0,"100":0,"101":0,"102":0,"103":0,"104":0,"105":0,"106":0,"107":0,"108":0,"109":0,"110":0,"111":0,"112":0,"113":0,"114":0,"115":0,"116":0,"117":0,"118":0,"119":0,"120":0,"121":0,"122":0,"123":0,"124":0,"125":0,"126":0,"127":0,"128":0,"129":0,"130":0,"131":0,"132":0},"f":{"0":0,"1":0,"2":0,"3":0,"4":0,"5":0,"6":0,"7":0,"8":0,"9":0,"10":0},"b":{"0":[0,0],"1":[0,0],"2":[0,0,0,0],"3":[0,0],"4":[0,0],"5":[0,0],"6":[0,0],"7":[0,0],"8":[0,0],"9":[0,0],"10":[0,0],"11":[0,0],"12":[0,0],"13":[0,0],"14":[0,0],"15":[0,0],"16":[0,0],"17":[0,0,0],"18":[0,0],"19":[0,0],"20":[0,0],"21":[0,0],"22":[0,0],"23":[0,0],"24":[0,0],"25":[0,0],"26":[0,0,0],"27":[0,0],"28":[0,0],"29":[0,0],"30":[0,0],"31":[0,0],"32":[0,0],"33":[0,0],"34":[0,0],"35":[0,0],"36":[0,0],"37":[0,0],"38":[0,0],"39":[0,0],"40":[0,0],"41":[0,0],"42":[0,0],"43":[0,0],"44":[0,0],"45":[0,0],"46":[0,0],"47":[0,0],"48":[0,0],"49":[0,0]}}
,"C:\\Users\\plugify\\Documents\\Reydospaes-refactor\\src\\hooks\\useCadernetaOffline.ts": {"path":"C:\\Users\\plugify\\Documents\\Reydospaes-refactor\\src\\hooks\\useCadernetaOffline.ts","statementMap":{"0":{"start":{"line":35,"column":0},"end":{"line":35,"column":16}},"1":{"start":{"line":6,"column":0},"end":{"line":6,"column":49}},"2":{"start":{"line":7,"column":0},"end":{"line":7,"column":48}},"3":{"start":{"line":8,"column":0},"end":{"line":8,"column":48}},"4":{"start":{"line":48,"column":6},"end":{"line":51,"column":4}},"5":{"start":{"line":63,"column":6},"end":{"line":66,"column":4}},"6":{"start":{"line":72,"column":6},"end":{"line":75,"column":4}},"7":{"start":{"line":82,"column":6},"end":{"line":85,"column":4}},"8":{"start":{"line":89,"column":6},"end":{"line":92,"column":4}},"9":{"start":{"line":96,"column":6},"end":{"line":99,"column":4}},"10":{"start":{"line":102,"column":27},"end":{"line":131,"column":3}},"11":{"start":{"line":103,"column":4},"end":{"line":130,"column":5}},"12":{"start":{"line":104,"column":56},"end":{"line":116,"column":null}},"13":{"start":{"line":118,"column":6},"end":{"line":118,"column":null}},"14":{"start":{"line":120,"column":6},"end":{"line":123,"column":null}},"15":{"start":{"line":125,"column":6},"end":{"line":125,"column":null}},"16":{"start":{"line":126,"column":6},"end":{"line":129,"column":null}},"17":{"start":{"line":134,"column":27},"end":{"line":152,"column":3}},"18":{"start":{"line":135,"column":4},"end":{"line":151,"column":5}},"19":{"start":{"line":136,"column":6},"end":{"line":139,"column":null}},"20":{"start":{"line":141,"column":6},"end":{"line":144,"column":null}},"21":{"start":{"line":146,"column":6},"end":{"line":146,"column":null}},"22":{"start":{"line":147,"column":6},"end":{"line":150,"column":null}},"23":{"start":{"line":155,"column":25},"end":{"line":179,"column":3}},"24":{"start":{"line":156,"column":4},"end":{"line":178,"column":5}},"25":{"start":{"line":158,"column":35},"end":{"line":158,"column":81}},"26":{"start":{"line":158,"column":61},"end":{"line":158,"column":80}},"27":{"start":{"line":159,"column":6},"end":{"line":164,"column":7}},"28":{"start":{"line":160,"column":8},"end":{"line":163,"column":null}},"29":{"start":{"line":166,"column":6},"end":{"line":166,"column":null}},"30":{"start":{"line":168,"column":6},"end":{"line":171,"column":null}},"31":{"start":{"line":173,"column":6},"end":{"line":173,"column":null}},"32":{"start":{"line":174,"column":6},"end":{"line":177,"column":null}},"33":{"start":{"line":182,"column":29},"end":{"line":205,"column":3}},"34":{"start":{"line":183,"column":4},"end":{"line":204,"column":5}},"35":{"start":{"line":184,"column":22},"end":{"line":184,"column":53}},"36":{"start":{"line":184,"column":41},"end":{"line":184,"column":52}},"37":{"start":{"line":185,"column":6},"end":{"line":187,"column":7}},"38":{"start":{"line":186,"column":8},"end":{"line":186,"column":null}},"39":{"start":{"line":189,"column":6},"end":{"line":192,"column":null}},"40":{"start":{"line":194,"column":6},"end":{"line":197,"column":null}},"41":{"start":{"line":199,"column":6},"end":{"line":199,"column":null}},"42":{"start":{"line":200,"column":6},"end":{"line":203,"column":null}},"43":{"start":{"line":208,"column":32},"end":{"line":258,"column":3}},"44":{"start":{"line":209,"column":4},"end":{"line":257,"column":5}},"45":{"start":{"line":210,"column":22},"end":{"line":210,"column":70}},"46":{"start":{"line":210,"column":41},"end":{"line":210,"column":69}},"47":{"start":{"line":211,"column":6},"end":{"line":213,"column":7}},"48":{"start":{"line":212,"column":8},"end":{"line":212,"column":null}},"49":{"start":{"line":215,"column":28},"end":{"line":215,"column":49}},"50":{"start":{"line":216,"column":24},"end":{"line":218,"column":40}},"51":{"start":{"line":221,"column":6},"end":{"line":226,"column":7}},"52":{"start":{"line":222,"column":8},"end":{"line":225,"column":null}},"53":{"start":{"line":228,"column":66},"end":{"line":236,"column":null}},"54":{"start":{"line":239,"column":6},"end":{"line":239,"column":null}},"55":{"start":{"line":242,"column":6},"end":{"line":245,"column":null}},"56":{"start":{"line":247,"column":6},"end":{"line":250,"column":null}},"57":{"start":{"line":252,"column":6},"end":{"line":252,"column":null}},"58":{"start":{"line":253,"column":6},"end":{"line":256,"column":null}},"59":{"start":{"line":262,"column":29},"end":{"line":388,"column":3}},"60":{"start":{"line":263,"column":19},"end":{"line":268,"column":6}},"61":{"start":{"line":270,"column":17},"end":{"line":270,"column":57}},"62":{"start":{"line":271,"column":18},"end":{"line":271,"column":75}},"63":{"start":{"line":272,"column":26},"end":{"line":272,"column":157}},"64":{"start":{"line":273,"column":27},"end":{"line":273,"column":53}},"65":{"start":{"line":275,"column":4},"end":{"line":386,"column":5}},"66":{"start":{"line":276,"column":6},"end":{"line":385,"column":7}},"67":{"start":{"line":279,"column":52},"end":{"line":285,"column":24}},"68":{"start":{"line":286,"column":23},"end":{"line":286,"column":32}},"69":{"start":{"line":287,"column":8},"end":{"line":296,"column":9}},"70":{"start":{"line":289,"column":53},"end":{"line":294,"column":26}},"71":{"start":{"line":295,"column":10},"end":{"line":295,"column":57}},"72":{"start":{"line":295,"column":36},"end":{"line":295,"column":57}},"73":{"start":{"line":297,"column":8},"end":{"line":300,"column":9}},"74":{"start":{"line":299,"column":10},"end":{"line":299,"column":24}},"75":{"start":{"line":302,"column":29},"end":{"line":304,"column":10}},"76":{"start":{"line":305,"column":8},"end":{"line":311,"column":9}},"77":{"start":{"line":306,"column":10},"end":{"line":306,"column":112}},"78":{"start":{"line":307,"column":10},"end":{"line":307,"column":138}},"79":{"start":{"line":307,"column":36},"end":{"line":307,"column":138}},"80":{"start":{"line":308,"column":10},"end":{"line":308,"column":123}},"81":{"start":{"line":308,"column":31},"end":{"line":308,"column":123}},"82":{"start":{"line":309,"column":10},"end":{"line":309,"column":184}},"83":{"start":{"line":309,"column":86},"end":{"line":309,"column":184}},"84":{"start":{"line":310,"column":10},"end":{"line":310,"column":190}},"85":{"start":{"line":310,"column":90},"end":{"line":310,"column":190}},"86":{"start":{"line":312,"column":8},"end":{"line":315,"column":33}},"87":{"start":{"line":317,"column":8},"end":{"line":326,"column":13}},"88":{"start":{"line":328,"column":8},"end":{"line":339,"column":13}},"89":{"start":{"line":342,"column":8},"end":{"line":384,"column":9}},"90":{"start":{"line":344,"column":28},"end":{"line":344,"column":100}},"91":{"start":{"line":344,"column":59},"end":{"line":344,"column":99}},"92":{"start":{"line":345,"column":10},"end":{"line":345,"column":42}},"93":{"start":{"line":345,"column":28},"end":{"line":345,"column":42}},"94":{"start":{"line":348,"column":23},"end":{"line":348,"column":49}},"95":{"start":{"line":349,"column":10},"end":{"line":355,"column":11}},"96":{"start":{"line":350,"column":12},"end":{"line":350,"column":115}},"97":{"start":{"line":351,"column":12},"end":{"line":351,"column":141}},"98":{"start":{"line":351,"column":38},"end":{"line":351,"column":141}},"99":{"start":{"line":352,"column":12},"end":{"line":352,"column":126}},"100":{"start":{"line":352,"column":33},"end":{"line":352,"column":126}},"101":{"start":{"line":353,"column":12},"end":{"line":353,"column":187}},"102":{"start":{"line":353,"column":88},"end":{"line":353,"column":187}},"103":{"start":{"line":354,"column":12},"end":{"line":354,"column":193}},"104":{"start":{"line":354,"column":92},"end":{"line":354,"column":193}},"105":{"start":{"line":356,"column":10},"end":{"line":356,"column":58}},"106":{"start":{"line":359,"column":10},"end":{"line":359,"column":61}},"107":{"start":{"line":362,"column":10},"end":{"line":369,"column":13}},"108":{"start":{"line":372,"column":10},"end":{"line":381,"column":13}},"109":{"start":{"line":383,"column":10},"end":{"line":383,"column":100}},"110":{"start":{"line":387,"column":4},"end":{"line":387,"column":18}},"111":{"start":{"line":391,"column":38},"end":{"line":408,"column":3}},"112":{"start":{"line":392,"column":4},"end":{"line":407,"column":null}},"113":{"start":{"line":393,"column":35},"end":{"line":395,"column":92}},"114":{"start":{"line":394,"column":21},"end":{"line":394,"column":48}},"115":{"start":{"line":395,"column":24},"end":{"line":395,"column":91}},"116":{"start":{"line":397,"column":27},"end":{"line":397,"column":90}},"117":{"start":{"line":397,"column":58},"end":{"line":397,"column":77}},"118":{"start":{"line":398,"column":30},"end":{"line":398,"column":96}},"119":{"start":{"line":398,"column":61},"end":{"line":398,"column":83}},"120":{"start":{"line":400,"column":6},"end":{"line":405,"column":null}},"121":{"start":{"line":411,"column":26},"end":{"line":413,"column":3}},"122":{"start":{"line":412,"column":4},"end":{"line":412,"column":null}},"123":{"start":{"line":412,"column":51},"end":{"line":412,"column":62}},"124":{"start":{"line":416,"column":30},"end":{"line":418,"column":3}},"125":{"start":{"line":417,"column":4},"end":{"line":417,"column":null}},"126":{"start":{"line":417,"column":53},"end":{"line":417,"column":83}},"127":{"start":{"line":421,"column":36},"end":{"line":426,"column":3}},"128":{"start":{"line":422,"column":4},"end":{"line":425,"column":null}},"129":{"start":{"line":423,"column":28},"end":{"line":423,"column":70}},"130":{"start":{"line":424,"column":6},"end":{"line":424,"column":null}},"131":{"start":{"line":429,"column":29},"end":{"line":443,"column":3}},"132":{"start":{"line":430,"column":29},"end":{"line":430,"column":50}},"133":{"start":{"line":432,"column":25},"end":{"line":432,"column":90}},"134":{"start":{"line":432,"column":63},"end":{"line":432,"column":86}},"135":{"start":{"line":433,"column":24},"end":{"line":433,"column":90}},"136":{"start":{"line":433,"column":62},"end":{"line":433,"column":86}},"137":{"start":{"line":434,"column":27},"end":{"line":434,"column":61}},"138":{"start":{"line":436,"column":4},"end":{"line":442,"column":null}},"139":{"start":{"line":446,"column":27},"end":{"line":459,"column":3}},"140":{"start":{"line":447,"column":4},"end":{"line":458,"column":5}},"141":{"start":{"line":448,"column":6},"end":{"line":451,"column":null}},"142":{"start":{"line":452,"column":6},"end":{"line":452,"column":null}},"143":{"start":{"line":454,"column":6},"end":{"line":457,"column":null}},"144":{"start":{"line":462,"column":26},"end":{"line":474,"column":3}},"145":{"start":{"line":463,"column":19},"end":{"line":463,"column":39}},"146":{"start":{"line":465,"column":4},"end":{"line":472,"column":null}},"147":{"start":{"line":469,"column":8},"end":{"line":469,"column":75}},"148":{"start":{"line":476,"column":2},"end":{"line":505,"column":null}}},"fnMap":{"0":{"name":"useCadernetaOffline","decl":{"start":{"line":35,"column":16},"end":{"line":35,"column":35}},"loc":{"start":{"line":35,"column":35},"end":{"line":506,"column":1}}},"1":{"name":"(anonymous_1)","decl":{"start":{"line":102,"column":27},"end":{"line":102,"column":32}},"loc":{"start":{"line":102,"column":108},"end":{"line":131,"column":3}}},"2":{"name":"(anonymous_2)","decl":{"start":{"line":134,"column":27},"end":{"line":134,"column":32}},"loc":{"start":{"line":134,"column":83},"end":{"line":152,"column":3}}},"3":{"name":"(anonymous_3)","decl":{"start":{"line":155,"column":25},"end":{"line":155,"column":30}},"loc":{"start":{"line":155,"column":46},"end":{"line":179,"column":3}}},"4":{"name":"(anonymous_4)","decl":{"start":{"line":158,"column":56},"end":{"line":158,"column":57}},"loc":{"start":{"line":158,"column":61},"end":{"line":158,"column":80}}},"5":{"name":"(anonymous_5)","decl":{"start":{"line":182,"column":29},"end":{"line":182,"column":34}},"loc":{"start":{"line":182,"column":50},"end":{"line":205,"column":3}}},"6":{"name":"(anonymous_6)","decl":{"start":{"line":184,"column":36},"end":{"line":184,"column":37}},"loc":{"start":{"line":184,"column":41},"end":{"line":184,"column":52}}},"7":{"name":"(anonymous_7)","decl":{"start":{"line":208,"column":32},"end":{"line":208,"column":37}},"loc":{"start":{"line":208,"column":73},"end":{"line":258,"column":3}}},"8":{"name":"(anonymous_8)","decl":{"start":{"line":210,"column":36},"end":{"line":210,"column":37}},"loc":{"start":{"line":210,"column":41},"end":{"line":210,"column":69}}},"9":{"name":"(anonymous_9)","decl":{"start":{"line":262,"column":29},"end":{"line":262,"column":34}},"loc":{"start":{"line":262,"column":178},"end":{"line":388,"column":3}}},"10":{"name":"(anonymous_10)","decl":{"start":{"line":344,"column":47},"end":{"line":344,"column":48}},"loc":{"start":{"line":344,"column":59},"end":{"line":344,"column":99}}},"11":{"name":"(anonymous_11)","decl":{"start":{"line":391,"column":38},"end":{"line":391,"column":68}},"loc":{"start":{"line":391,"column":70},"end":{"line":408,"column":3}}},"12":{"name":"(anonymous_12)","decl":{"start":{"line":392,"column":24},"end":{"line":392,"column":31}},"loc":{"start":{"line":392,"column":34},"end":{"line":407,"column":5}}},"13":{"name":"(anonymous_13)","decl":{"start":{"line":394,"column":16},"end":{"line":394,"column":17}},"loc":{"start":{"line":394,"column":21},"end":{"line":394,"column":48}}},"14":{"name":"(anonymous_14)","decl":{"start":{"line":395,"column":14},"end":{"line":395,"column":15}},"loc":{"start":{"line":395,"column":24},"end":{"line":395,"column":91}}},"15":{"name":"(anonymous_15)","decl":{"start":{"line":397,"column":53},"end":{"line":397,"column":54}},"loc":{"start":{"line":397,"column":58},"end":{"line":397,"column":77}}},"16":{"name":"(anonymous_16)","decl":{"start":{"line":398,"column":56},"end":{"line":398,"column":57}},"loc":{"start":{"line":398,"column":61},"end":{"line":398,"column":83}}},"17":{"name":"(anonymous_17)","decl":{"start":{"line":411,"column":26},"end":{"line":411,"column":27}},"loc":{"start":{"line":411,"column":78},"end":{"line":413,"column":3}}},"18":{"name":"(anonymous_18)","decl":{"start":{"line":412,"column":46},"end":{"line":412,"column":47}},"loc":{"start":{"line":412,"column":51},"end":{"line":412,"column":62}}},"19":{"name":"(anonymous_19)","decl":{"start":{"line":416,"column":30},"end":{"line":416,"column":33}},"loc":{"start":{"line":416,"column":35},"end":{"line":418,"column":3}}},"20":{"name":"(anonymous_20)","decl":{"start":{"line":417,"column":48},"end":{"line":417,"column":49}},"loc":{"start":{"line":417,"column":53},"end":{"line":417,"column":83}}},"21":{"name":"(anonymous_21)","decl":{"start":{"line":421,"column":36},"end":{"line":421,"column":39}},"loc":{"start":{"line":421,"column":41},"end":{"line":426,"column":3}}},"22":{"name":"(anonymous_22)","decl":{"start":{"line":422,"column":48},"end":{"line":422,"column":49}},"loc":{"start":{"line":422,"column":52},"end":{"line":425,"column":5}}},"23":{"name":"(anonymous_23)","decl":{"start":{"line":429,"column":29},"end":{"line":429,"column":32}},"loc":{"start":{"line":429,"column":34},"end":{"line":443,"column":3}}},"24":{"name":"(anonymous_24)","decl":{"start":{"line":432,"column":49},"end":{"line":432,"column":50}},"loc":{"start":{"line":432,"column":63},"end":{"line":432,"column":86}}},"25":{"name":"(anonymous_25)","decl":{"start":{"line":433,"column":48},"end":{"line":433,"column":49}},"loc":{"start":{"line":433,"column":62},"end":{"line":433,"column":86}}},"26":{"name":"(anonymous_26)","decl":{"start":{"line":446,"column":27},"end":{"line":446,"column":32}},"loc":{"start":{"line":446,"column":38},"end":{"line":459,"column":3}}},"27":{"name":"(anonymous_27)","decl":{"start":{"line":462,"column":26},"end":{"line":462,"column":29}},"loc":{"start":{"line":462,"column":31},"end":{"line":474,"column":3}}},"28":{"name":"(anonymous_28)","decl":{"start":{"line":468,"column":46},"end":{"line":468,"column":47}},"loc":{"start":{"line":469,"column":8},"end":{"line":469,"column":75}}}},"branchMap":{"0":{"loc":{"start":{"line":102,"column":61},"end":{"line":102,"column":104}},"type":"default-arg","locations":[{"start":{"line":102,"column":95},"end":{"line":102,"column":104}}]},"1":{"loc":{"start":{"line":106,"column":18},"end":{"line":106,"column":41}},"type":"binary-expr","locations":[{"start":{"line":106,"column":18},"end":{"line":106,"column":35}},{"start":{"line":106,"column":39},"end":{"line":106,"column":41}}]},"2":{"loc":{"start":{"line":107,"column":18},"end":{"line":107,"column":48}},"type":"binary-expr","locations":[{"start":{"line":107,"column":18},"end":{"line":107,"column":35}},{"start":{"line":107,"column":39},"end":{"line":107,"column":48}}]},"3":{"loc":{"start":{"line":108,"column":18},"end":{"line":108,"column":41}},"type":"binary-expr","locations":[{"start":{"line":108,"column":18},"end":{"line":108,"column":35}},{"start":{"line":108,"column":39},"end":{"line":108,"column":41}}]},"4":{"loc":{"start":{"line":112,"column":21},"end":{"line":112,"column":47}},"type":"binary-expr","locations":[{"start":{"line":112,"column":21},"end":{"line":112,"column":41}},{"start":{"line":112,"column":45},"end":{"line":112,"column":47}}]},"5":{"loc":{"start":{"line":122,"column":17},"end":{"line":122,"column":89}},"type":"cond-expr","locations":[{"start":{"line":122,"column":29},"end":{"line":122,"column":53}},{"start":{"line":122,"column":56},"end":{"line":122,"column":89}}]},"6":{"loc":{"start":{"line":128,"column":17},"end":{"line":128,"column":85}},"type":"cond-expr","locations":[{"start":{"line":128,"column":42},"end":{"line":128,"column":55}},{"start":{"line":128,"column":58},"end":{"line":128,"column":85}}]},"7":{"loc":{"start":{"line":143,"column":17},"end":{"line":143,"column":92}},"type":"cond-expr","locations":[{"start":{"line":143,"column":29},"end":{"line":143,"column":57}},{"start":{"line":143,"column":60},"end":{"line":143,"column":92}}]},"8":{"loc":{"start":{"line":149,"column":17},"end":{"line":149,"column":85}},"type":"cond-expr","locations":[{"start":{"line":149,"column":42},"end":{"line":149,"column":55}},{"start":{"line":149,"column":58},"end":{"line":149,"column":85}}]},"9":{"loc":{"start":{"line":159,"column":6},"end":{"line":164,"column":7}},"type":"if","locations":[{"start":{"line":159,"column":6},"end":{"line":164,"column":7}},{"start":{},"end":{}}]},"10":{"loc":{"st
[...]
,"column":16},"end":{"line":59,"column":77}},"type":"cond-expr","locations":[{"start":{"line":59,"column":57},"end":{"line":59,"column":65}},{"start":{"line":59,"column":68},"end":{"line":59,"column":77}}]},"10":{"loc":{"start":{"line":59,"column":17},"end":{"line":59,"column":53}},"type":"binary-expr","locations":[{"start":{"line":59,"column":17},"end":{"line":59,"column":39}},{"start":{"line":59,"column":43},"end":{"line":59,"column":53}}]},"11":{"loc":{"start":{"line":63,"column":27},"end":{"line":63,"column":51}},"type":"binary-expr","locations":[{"start":{"line":63,"column":27},"end":{"line":63,"column":46}},{"start":{"line":63,"column":50},"end":{"line":63,"column":51}}]},"12":{"loc":{"start":{"line":64,"column":23},"end":{"line":64,"column":43}},"type":"binary-expr","locations":[{"start":{"line":64,"column":23},"end":{"line":64,"column":38}},{"start":{"line":64,"column":42},"end":{"line":64,"column":43}}]},"13":{"loc":{"start":{"line":76,"column":4},"end":{"line":76,"column":67}},"type":"if","locations":[{"start":{"line":76,"column":4},"end":{"line":76,"column":67}},{"start":{},"end":{}}]},"14":{"loc":{"start":{"line":76,"column":8},"end":{"line":76,"column":59}},"type":"binary-expr","locations":[{"start":{"line":76,"column":8},"end":{"line":76,"column":30}},{"start":{"line":76,"column":35},"end":{"line":76,"column":37}},{"start":{"line":76,"column":41},"end":{"line":76,"column":58}}]},"15":{"loc":{"start":{"line":79,"column":4},"end":{"line":79,"column":72}},"type":"if","locations":[{"start":{"line":79,"column":4},"end":{"line":79,"column":72}},{"start":{},"end":{}}]},"16":{"loc":{"start":{"line":79,"column":8},"end":{"line":79,"column":64}},"type":"binary-expr","locations":[{"start":{"line":79,"column":8},"end":{"line":79,"column":31}},{"start":{"line":79,"column":36},"end":{"line":79,"column":40}},{"start":{"line":79,"column":44},"end":{"line":79,"column":63}}]},"17":{"loc":{"start":{"line":82,"column":4},"end":{"line":82,"column":26}},"type":"if","locations":[{"start":{"line":82,"column":4},"end":{"line":82,"column":26}},{"start":{},"end":{}}]},"18":{"loc":{"start":{"line":82,"column":8},"end":{"line":82,"column":18}},"type":"binary-expr","locations":[{"start":{"line":82,"column":8},"end":{"line":82,"column":10}},{"start":{"line":82,"column":14},"end":{"line":82,"column":18}}]},"19":{"loc":{"start":{"line":89,"column":4},"end":{"line":101,"column":5}},"type":"if","locations":[{"start":{"line":89,"column":4},"end":{"line":101,"column":5}},{"start":{"line":99,"column":11},"end":{"line":101,"column":5}}]},"20":{"loc":{"start":{"line":90,"column":6},"end":{"line":98,"column":7}},"type":"if","locations":[{"start":{"line":90,"column":6},"end":{"line":98,"column":7}},{"start":{},"end":{}}]},"21":{"loc":{"start":{"line":95,"column":8},"end":{"line":97,"column":9}},"type":"if","locations":[{"start":{"line":95,"column":8},"end":{"line":97,"column":9}},{"start":{},"end":{}}]},"22":{"loc":{"start":{"line":95,"column":12},"end":{"line":95,"column":48}},"type":"binary-expr","locations":[{"start":{"line":95,"column":12},"end":{"line":95,"column":29}},{"start":{"line":95,"column":33},"end":{"line":95,"column":48}}]},"23":{"loc":{"start":{"line":99,"column":11},"end":{"line":101,"column":5}},"type":"if","locations":[{"start":{"line":99,"column":11},"end":{"line":101,"column":5}},{"start":{},"end":{}}]},"24":{"loc":{"start":{"line":104,"column":4},"end":{"line":118,"column":5}},"type":"if","locations":[{"start":{"line":104,"column":4},"end":{"line":118,"column":5}},{"start":{},"end":{}}]},"25":{"loc":{"start":{"line":110,"column":6},"end":{"line":117,"column":7}},"type":"if","locations":[{"start":{"line":110,"column":6},"end":{"line":117,"column":7}},{"start":{},"end":{}}]},"26":{"loc":{"start":{"line":113,"column":22},"end":{"line":113,"column":54}},"type":"binary-expr","locations":[{"start":{"line":113,"column":22},"end":{"line":113,"column":49}},{"start":{"line":113,"column":53},"end":{"line":113,"column":54}}]},"27":{"loc":{"start":{"line":114,"column":35},"end":{"line":114,"column":73}},"type":"binary-expr","locations":[{"start":{"line":114,"column":35},"end":{"line":114,"column":68}},{"start":{"line":114,"column":72},"end":{"line":114,"column":73}}]},"28":{"loc":{"start":{"line":121,"column":4},"end":{"line":126,"column":5}},"type":"if","locations":[{"start":{"line":121,"column":4},"end":{"line":126,"column":5}},{"start":{},"end":{}}]},"29":{"loc":{"start":{"line":123,"column":6},"end":{"line":125,"column":7}},"type":"if","locations":[{"start":{"line":123,"column":6},"end":{"line":125,"column":7}},{"start":{},"end":{}}]},"30":{"loc":{"start":{"line":123,"column":10},"end":{"line":123,"column":79}},"type":"binary-expr","locations":[{"start":{"line":123,"column":10},"end":{"line":123,"column":26}},{"start":{"line":123,"column":30},"end":{"line":123,"column":79}}]},"31":{"loc":{"start":{"line":129,"column":4},"end":{"line":138,"column":5}},"type":"if","locations":[{"start":{"line":129,"column":4},"end":{"line":138,"column":5}},{"start":{},"end":{}}]},"32":{"loc":{"start":{"line":129,"column":8},"end":{"line":129,"column":53}},"type":"binary-expr","locations":[{"start":{"line":129,"column":8},"end":{"line":129,"column":27}},{"start":{"line":129,"column":31},"end":{"line":129,"column":53}}]},"33":{"loc":{"start":{"line":131,"column":6},"end":{"line":137,"column":7}},"type":"if","locations":[{"start":{"line":131,"column":6},"end":{"line":137,"column":7}},{"start":{},"end":{}}]},"34":{"loc":{"start":{"line":132,"column":8},"end":{"line":136,"column":9}},"type":"if","locations":[{"start":{"line":132,"column":8},"end":{"line":136,"column":9}},{"start":{"line":134,"column":15},"end":{"line":136,"column":9}}]},"35":{"loc":{"start":{"line":134,"column":15},"end":{"line":136,"column":9}},"type":"if","locations":[{"start":{"line":134,"column":15},"end":{"line":136,"column":9}},{"start":{},"end":{}}]},"36":{"loc":{"start":{"line":134,"column":19},"end":{"line":134,"column":74}},"type":"binary-expr","locations":[{"start":{"line":134,"column":19},"end":{"line":134,"column":45}},{"start":{"line":134,"column":49},"end":{"line":134,"column":74}}]},"37":{"loc":{"start":{"line":141,"column":4},"end":{"line":146,"column":5}},"type":"if","locations":[{"start":{"line":141,"column":4},"end":{"line":146,"column":5}},{"start":{},"end":{}}]},"38":{"loc":{"start":{"line":143,"column":6},"end":{"line":145,"column":7}},"type":"if","locations":[{"start":{"line":143,"column":6},"end":{"line":145,"column":7}},{"start":{},"end":{}}]},"39":{"loc":{"start":{"line":143,"column":10},"end":{"line":143,"column":76}},"type":"binary-expr","locations":[{"start":{"line":143,"column":10},"end":{"line":143,"column":13}},{"start":{"line":143,"column":17},"end":{"line":143,"column":45}},{"start":{"line":143,"column":49},"end":{"line":143,"column":76}}]},"40":{"loc":{"start":{"line":152,"column":23},"end":{"line":152,"column":81}},"type":"cond-expr","locations":[{"start":{"line":152,"column":41},"end":{"line":152,"column":77}},{"start":{"line":152,"column":80},"end":{"line":152,"column":81}}]},"41":{"loc":{"start":{"line":156,"column":4},"end":{"line":164,"column":5}},"type":"if","locations":[{"start":{"line":156,"column":4},"end":{"line":164,"column":5}},{"start":{"line":158,"column":11},"end":{"line":164,"column":5}}]},"42":{"loc":{"start":{"line":158,"column":11},"end":{"line":164,"column":5}},"type":"if","locations":[{"start":{"line":158,"column":11},"end":{"line":164,"column":5}},{"start":{"line":160,"column":11},"end":{"line":164,"column":5}}]},"43":{"loc":{"start":{"line":159,"column":20},"end":{"line":159,"column":72}},"type":"binary-expr","locations":[{"start":{"line":159,"column":20},"end":{"line":159,"column":49}},{"start":{"line":159,"column":53},"end":{"line":159,"column":72}}]},"44":{"loc":{"start":{"line":159,"column":20},"end":{"line":159,"column":49}},"type":"cond-expr","locations":[{"start":{"line":159,"column":43},"end":{"line":159,"column":45}},{"start":{"line":159,"column":43},"end":{"line":159,"column":49}}]},"45":{"loc":{"start":{"line":159,"column":20},"end":{"line":159,"column":45}},"type":"binary-expr","locations":[{"start":{"line":159,"column":20},"end":{"line":159,"column":45}},{"start":{"line":159,"column":43},"end":{"line":159,"column":45}}]},"46":{"loc":{"start":{"line":163,"column":20},"end":{"line":163,"column":73}},"type":"binary-expr","locations":[{"start":{"line":163,"column":20},"end":{"line":163,"column":33}},{"start":{"line":163,"column":37},"end":{"line":163,"column":50}},{"start":{"line":163,"column":54},"end":{"line":163,"column":73}}]},"47":{"loc":{"start":{"line":163,"column":20},"end":{"line":163,"column":33}},"type":"cond-expr","locations":[{"start":{"line":163,"column":27},"end":{"line":163,"column":29}},{"start":{"line":163,"column":20},"end":{"line":163,"column":33}}]},"48":{"loc":{"start":{"line":163,"column":20},"end":{"line":163,"column":29}},"type":"binary-expr","locations":[{"start":{"line":163,"column":20},"end":{"line":163,"column":29}},{"start":{"line":163,"column":20},"end":{"line":163,"column":29}}]},"49":{"loc":{"start":{"line":163,"column":37},"end":{"line":163,"column":50}},"type":"cond-expr","locations":[{"start":{"line":163,"column":44},"end":{"line":163,"column":46}},{"start":{"line":163,"column":37},"end":{"line":163,"column":50}}]},"50":{"loc":{"start":{"line":163,"column":37},"end":{"line":163,"column":46}},"type":"binary-expr","locations":[{"start":{"line":163,"column":37},"end":{"line":163,"column":46}},{"start":{"line":163,"column":37},"end":{"line":163,"column":46}}]},"51":{"loc":{"start":{"line":167,"column":4},"end":{"line":170,"column":5}},"type":"if","locations":[{"start":{"line":167,"column":4},"end":{"line":170,"column":5}},{"start":{},"end":{}}]},"52":{"loc":{"start":{"line":167,"column":8},"end":{"line":167,"column":60}},"type":"binary-expr","locations":[{"start":{"line":167,"column":8},"end":{"line":167,"column":20}},{"start":{"line":167,"column":24},"end":{"line":167,"column":60}}]},"53":{"loc":{"start":{"line":168,"column":25},"end":{"line":168,"column":null}},"type":"binary-expr","locations":[{"start":{"line":168,"column":25},"end":{"line":168,"column":52}},{"start":{"line":168,"column":56},"end":{"line":168,"column":83}}]},"54":{"loc":{"start":{"line":168,"column":25},"end":{"line":168,"column":52}},"type":"cond-expr","locations":[{"start":{"line":168,"column":41},"end":{"line":168,"column":43}},{"start":{"line":168,"column":25},"end":{"line":168,"column":52}}]},"55":{"loc":{"start":{"line":168,"column":25},"end":{"line":168,"column":43}},"type":"binary-expr","locations":[{"start":{"line":168,"column":25},"end":{"line":168,"column":43}},{"start":{"line":168,"column":25},"end":{"line":168,"column":43}}]},"56":{"loc":{"start":{"line":168,"column":56},"end":{"line":168,"column":83}},"type":"cond-expr","locations":[{"start":{"line":168,"column":72},"end":{"line":168,"column":74}},{"start":{"line":168,"column":56},"end":{"line":168,"column":83}}]},"57":{"loc":{"start":{"line":168,"column":56},"end":{"line":168,"column":74}},"type":"binary-expr","locations":[{"start":{"line":168,"column":56},"end":{"line":168,"column":74}},{"start":{"line":168,"column":56},"end":{"line":168,"column":74}}]},"58":{"loc":{"start":{"line":169,"column":7},"end":{"line":169,"column":null}},"type":"if","locations":[{"start":{"line":169,"column":7},"end":{"line":169,"column":null}},{"start":{},"end":{}}]},"59":{"loc":{"start":{"line":173,"column":4},"end":{"line":194,"column":5}},"type":"if","locations":[{"start":{"line":173,"column":4},"end":{"line":194,"column":5}},{"start":{"line":182,"column":11},"end":{"line":194,"column":5}}]},"60":{"loc":{"start":{"line":180,"column":29},"end":{"line":180,"column":112}},"type":"cond-expr","locations":[{"start":{"line":180,"column":57},"end":{"line":180,"column":108}},{"start":{"line":180,"column":111},"end":{"line":180,"column":112}}]},"61":{"loc":{"start":{"line":213,"column":22},"end":{"line":213,"column":97}},"type":"cond-expr","locations":[{"start":{"line":213,"column":48},"end":{"line":213,"column":93}},{"start":{"line":213,"column":96},"end":{"line":213,"column":97}}]},"62":{"loc":{"start":{"line":214,"column":24},"end":{"line":214,"column":96}},"type":"cond-expr","locations":[{"start":{"line":214,"column":50},"end":{"line":214,"column":92}},{"start":{"line":214,"column":95},"end":{"line":214,"column":96}}]},"63":{"loc":{"start":{"line":215,"column":9},"end":{"line":217,"column":9}},"type":"cond-expr","locations":[{"start":{"line":216,"column":8},"end":{"line":216,"column":77}},{"start":{"line":217,"column":8},"end":{"line":217,"column":9}}]}},"s":{"0":0,"1":0,"2":0,"3":0,"4":0,"5":0,"6":0,"7":0,"8":0,"9":0,"10":0,"11":0,"12":0,"13":0,"14":0,"15":0,"16":0,"17":0,"18":0,"19":0,"20":0,"21":0,"22":0,"23":0,"24":0,"25":0,"26":0,"27":0,"28":0,"29":0,"30":0,"31":0,"32":0,"33":0,"34":0,"35":0,"36":0,"37":0,"38":0,"39":0,"40":0,"41":0,"42":0,"43":0,"44":0,"45":0,"46":0,"47":0,"48":0,"49":0,"50":0,"51":0,"52":0,"53":0,"54":0,"55":0,"56":0,"57":0,"58":0,"59":0,"60":0,"61":0,"62":0,"63":0,"64":0,"65":0,"66":0,"67":0,"68":0,"69":0,"70":0,"71":0,"72":0,"73":0,"74":0,"75":0,"76":0,"77":0,"78":0,"79":0,"80":0,"81":0,"82":0,"83":0,"84":0,"85":0,"86":0,"87":0,"88":0,"89":0,"90":0,"91":0,"92":0,"93":0,"94":0,"95":0,"96":0,"97":0,"98":0,"99":0,"100":0,"101":0,"102":0,"103":0,"104":0,"105":0,"106":0},"f":{"0":0,"1":0,"2":0,"3":0,"4":0,"5":0,"6":0,"7":0,"8":0,"9":0,"10":0},"b":{"0":[0,0],"1":[0,0],"2":[0,0],"3":[0,0,0],"4":[0,0],"5":[0,0],"6":[0,0],"7":[0,0],"8":[0,0,0],"9":[0,0],"10":[0,0],"11":[0,0],"12":[0,0],"13":[0,0],"14":[0,0,0],"15":[0,0],"16":[0,0,0],"17":[0,0],"18":[0,0],"19":[0,0],"20":[0,0],"21":[0,0],"22":[0,0],"23":[0,0],"24":[0,0],"25":[0,0],"26":[0,0],"27":[0,0],"28":[0,0],"29":[0,0],"30":[0,0],"31":[0,0],"32":[0,0],"33":[0,0],"34":[0,0],"35":[0,0],"36":[0,0],"37":[0,0],"38":[0,0],"39":[0,0,0],"40":[0,0],"41":[0,0],"42":[0,0],"43":[0,0],"44":[0,0],"45":[0,0],"46":[0,0,0],"47":[0,0],"48":[0,0],"49":[0,0],"50":[0,0],"51":[0,0],"52":[0,0],"53":[0,0],"54":[0,0],"55":[0,0],"56":[0,0],"57":[0,0],"58":[0,0],"59":[0,0],"60":[0,0],"61":[0,0],"62":[0,0],"63":[0,0]}}
,"C:\\Users\\plugify\\Documents\\Reydospaes-refactor\\src\\services\\turnoOperadorService.ts": {"path":"C:\\Users\\plugify\\Documents\\Reydospaes-refactor\\src\\services\\turnoOperadorService.ts","statementMap":{"0":{"start":{"line":10,"column":0},"end":{"line":10,"column":7}},"1":{"start":{"line":40,"column":0},"end":{"line":40,"column":7}},"2":{"start":{"line":2,"column":0},"end":{"line":2,"column":null}},"3":{"start":{"line":22,"column":21},"end":{"line":22,"column":65}},"4":{"start":{"line":23,"column":2},"end":{"line":27,"column":3}},"5":{"start":{"line":25,"column":23},"end":{"line":25,"column":87}},"6":{"start":{"line":26,"column":4},"end":{"line":26,"column":null}},"7":{"start":{"line":26,"column":21},"end":{"line":26,"column":null}},"8":{"start":{"line":29,"column":20},"end":{"line":34,"column":4}},"9":{"start":{"line":35,"column":2},"end":{"line":35,"column":null}},"10":{"start":{"line":35,"column":18},"end":{"line":35,"column":null}},"11":{"start":{"line":36,"column":2},"end":{"line":36,"column":null}},"12":{"start":{"line":41,"column":2},"end":{"line":41,"column":null}}},"fnMap":{"0":{"name":"trocarOperador","decl":{"start":{"line":10,"column":22},"end":{"line":10,"column":36}},"loc":{"start":{"line":20,"column":1},"end":{"line":37,"column":1}}},"1":{"name":"listarTurnos","decl":{"start":{"line":40,"column":22},"end":{"line":40,"column":34}},"loc":{"start":{"line":40,"column":58},"end":{"line":42,"column":1}}}},"branchMap":{"0":{"loc":{"start":{"line":23,"column":2},"end":{"line":27,"column":3}},"type":"if","locations":[{"start":{"line":23,"column":2},"end":{"line":27,"column":3}},{"start":{},"end":{}}]},"1":{"loc":{"start":{"line":26,"column":4},"end":{"line":26,"column":null}},"type":"if","locations":[{"start":{"line":26,"column":4},"end":{"line":26,"column":null}},{"start":{},"end":{}}]},"2":{"loc":{"start":{"line":35,"column":2},"end":{"line":35,"column":null}},"type":"if","locations":[{"start":{"line":35,"column":2},"end":{"line":35,"column":null}},{"start":{},"end":{}}]}},"s":{"0":0,"1":0,"2":0,"3":0,"4":0,"5":0,"6":0,"7":0,"8":0,"9":0,"10":0,"11":0,"12":0},"f":{"0":0,"1":0},"b":{"0":[0,0],"1":[0,0],"2":[0,0]}}
,"C:\\Users\\plugify\\Documents\\Reydospaes-refactor\\src\\services\\vendasMetricas.service.ts": {"path":"C:\\Users\\plugify\\Documents\\Reydospaes-refactor\\src\\services\\vendasMetricas.service.ts","statementMap":{"0":{"start":{"line":31,"column":0},"end":{"line":31,"column":7}},"1":{"start":{"line":2,"column":0},"end":{"line":2,"column":null}},"2":{"start":{"line":23,"column":94},"end":{"line":29,"column":null}},"3":{"start":{"line":36,"column":17},"end":{"line":36,"column":73}},"4":{"start":{"line":38,"column":23},"end":{"line":38,"column":81}},"5":{"start":{"line":38,"column":47},"end":{"line":38,"column":77}},"6":{"start":{"line":39,"column":22},"end":{"line":39,"column":35}},"7":{"start":{"line":40,"column":22},"end":{"line":40,"column":70}},"8":{"start":{"line":41,"column":23},"end":{"line":41,"column":84}},"9":{"start":{"line":41,"column":47},"end":{"line":41,"column":80}},"10":{"start":{"line":43,"column":28},"end":{"line":49,"column":null}},"11":{"start":{"line":51,"column":2},"end":{"line":56,"column":3}},"12":{"start":{"line":52,"column":16},"end":{"line":52,"column":54}},"13":{"start":{"line":53,"column":4},"end":{"line":55,"column":5}},"14":{"start":{"line":54,"column":6},"end":{"line":54,"column":null}},"15":{"start":{"line":58,"column":19},"end":{"line":58,"column":58}},"16":{"start":{"line":58,"column":37},"end":{"line":58,"column":41}},"17":{"start":{"line":59,"column":23},"end":{"line":59,"column":70}},"18":{"start":{"line":60,"column":27},"end":{"line":60,"column":63}},"19":{"start":{"line":62,"column":2},"end":{"line":70,"column":null}}},"fnMap":{"0":{"name":"buscarMetricasPeriodo","decl":{"start":{"line":31,"column":22},"end":{"line":31,"column":43}},"loc":{"start":{"line":34,"column":17},"end":{"line":71,"column":1}}},"1":{"name":"(anonymous_1)","decl":{"start":{"line":38,"column":37},"end":{"line":38,"column":38}},"loc":{"start":{"line":38,"column":47},"end":{"line":38,"column":77}}},"2":{"name":"(anonymous_2)","decl":{"start":{"line":41,"column":37},"end":{"line":41,"column":38}},"loc":{"start":{"line":41,"column":47},"end":{"line":41,"column":80}}},"3":{"name":"(anonymous_3)","decl":{"start":{"line":58,"column":30},"end":{"line":58,"column":31}},"loc":{"start":{"line":58,"column":37},"end":{"line":58,"column":41}}}},"branchMap":{"0":{"loc":{"start":{"line":38,"column":58},"end":{"line":38,"column":76}},"type":"binary-expr","locations":[{"start":{"line":38,"column":58},"end":{"line":38,"column":71}},{"start":{"line":38,"column":75},"end":{"line":38,"column":76}}]},"1":{"loc":{"start":{"line":40,"column":22},"end":{"line":40,"column":70}},"type":"cond-expr","locations":[{"start":{"line":40,"column":40},"end":{"line":40,"column":66}},{"start":{"line":40,"column":69},"end":{"line":40,"column":70}}]},"2":{"loc":{"start":{"line":41,"column":52},"end":{"line":41,"column":79}},"type":"binary-expr","locations":[{"start":{"line":41,"column":52},"end":{"line":41,"column":74}},{"start":{"line":41,"column":78},"end":{"line":41,"column":79}}]},"3":{"loc":{"start":{"line":53,"column":4},"end":{"line":55,"column":5}},"type":"if","locations":[{"start":{"line":53,"column":4},"end":{"line":55,"column":5}},{"start":{},"end":{}}]},"4":{"loc":{"start":{"line":54,"column":39},"end":{"line":54,"column":57}},"type":"binary-expr","locations":[{"start":{"line":54,"column":39},"end":{"line":54,"column":52}},{"start":{"line":54,"column":56},"end":{"line":54,"column":57}}]}},"s":{"0":0,"1":0,"2":0,"3":0,"4":0,"5":0,"6":0,"7":0,"8":0,"9":0,"10":0,"11":0,"12":0,"13":0,"14":0,"15":0,"16":0,"17":0,"18":0,"19":0},"f":{"0":0,"1":0,"2":0,"3":0},"b":{"0":[0,0],"1":[0,0],"2":[0,0],"3":[0,0],"4":[0,0]}}
}
