TN:
SF:src\middleware.ts
FN:8,middleware
FN:14,(anonymous_1)
FNF:2
FNH:0
FNDA:0,middleware
FNDA:0,(anonymous_1)
DA:1,0
DA:8,0
DA:9,0
DA:12,0
DA:14,0
DA:15,0
DA:20,0
DA:23,0
LF:8
LH:0
BRDA:14,0,0,0
BRDA:14,0,1,0
BRF:2
BRH:0
end_of_record
TN:
SF:src\app\api\dashboard\route.ts
FN:20,GET
FN:52,(anonymous_1)
FN:53,(anonymous_2)
FN:54,(anonymous_3)
FN:75,(anonymous_4)
FN:81,(anonymous_5)
FN:82,(anonymous_6)
FN:104,(anonymous_7)
FN:114,(anonymous_8)
FN:131,(anonymous_9)
FN:132,(anonymous_10)
FNF:11
FNH:0
FNDA:0,GET
FNDA:0,(anonymous_1)
FNDA:0,(anonymous_2)
FNDA:0,(anonymous_3)
FNDA:0,(anonymous_4)
FNDA:0,(anonymous_5)
FNDA:0,(anonymous_6)
FNDA:0,(anonymous_7)
FNDA:0,(anonymous_8)
FNDA:0,(anonymous_9)
FNDA:0,(anonymous_10)
DA:1,0
DA:3,0
DA:4,0
DA:5,0
DA:6,0
DA:7,0
DA:8,0
DA:9,0
DA:10,0
DA:12,0
DA:20,0
DA:21,0
DA:22,0
DA:23,0
DA:25,0
DA:26,0
DA:27,0
DA:28,0
DA:29,0
DA:30,0
DA:33,0
DA:34,0
DA:35,0
DA:36,0
DA:41,0
DA:42,0
DA:44,0
DA:45,0
DA:46,0
DA:47,0
DA:48,0
DA:49,0
DA:50,0
DA:51,0
DA:52,0
DA:53,0
DA:54,0
DA:55,0
DA:58,0
DA:61,0
DA:63,0
DA:64,0
DA:65,0
DA:66,0
DA:67,0
DA:68,0
DA:69,0
DA:70,0
DA:71,0
DA:72,0
DA:75,0
DA:76,0
DA:77,0
DA:80,0
DA:81,0
DA:82,0
DA:85,0
DA:87,0
DA:88,0
DA:89,0
DA:90,0
DA:91,0
DA:96,0
DA:97,0
DA:98,0
DA:99,0
DA:103,0
DA:104,0
DA:105,0
DA:106,0
DA:107,0
DA:109,0
DA:110,0
DA:113,0
DA:114,0
DA:119,0
DA:128,0
DA:131,0
DA:132,0
DA:133,0
DA:134,0
DA:141,0
DA:148,0
DA:165,0
DA:166,0
LF:85
LH:0
BRDA:27,0,0,0
BRDA:27,0,1,0
BRDA:28,1,0,0
BRDA:28,1,1,0
BRDA:34,2,0,0
BRDA:34,2,1,0
BRDA:34,2,2,0
BRDA:35,3,0,0
BRDA:35,3,1,0
BRDA:35,3,2,0
BRDA:53,4,0,0
BRDA:53,4,1,0
BRDA:61,5,0,0
BRDA:61,5,1,0
BRDA:68,6,0,0
BRDA:68,6,1,0
BRDA:75,7,0,0
BRDA:75,7,1,0
BRDA:76,8,0,0
BRDA:76,8,1,0
BRDA:77,9,0,0
BRDA:77,9,1,0
BRDA:77,10,0,0
BRDA:77,10,1,0
BRDA:77,11,0,0
BRDA:77,11,1,0
BRDA:77,12,0,0
BRDA:77,12,1,0
BRDA:87,13,0,0
BRDA:87,13,1,0
BRDA:96,14,0,0
BRDA:96,14,1,0
BRDA:98,15,0,0
BRDA:98,15,1,0
BRDA:98,16,0,0
BRDA:98,16,1,0
BRDA:98,17,0,0
BRDA:98,17,1,0
BRDA:105,18,0,0
BRDA:105,18,1,0
BRDA:105,18,2,0
BRDA:105,19,0,0
BRDA:105,19,1,0
BRDA:105,20,0,0
BRDA:105,20,1,0
BRDA:105,21,0,0
BRDA:105,21,1,0
BRDA:105,22,0,0
BRDA:105,22,1,0
BRDA:106,23,0,0
BRDA:106,23,1,0
BRDA:109,24,0,0
BRDA:109,24,1,0
BRDA:110,25,0,0
BRDA:110,25,1,0
BRDA:128,26,0,0
BRDA:128,26,1,0
BRDA:131,27,0,0
BRDA:131,27,1,0
BRDA:131,28,0,0
BRDA:131,28,1,0
BRDA:131,29,0,0
BRDA:131,29,1,0
BRDA:132,30,0,0
BRDA:132,30,1,0
BRF:65
BRH:0
end_of_record
TN:
SF:src\app\api\env\routes.ts
FN:1,GET
FNF:1
FNH:0
FNDA:0,GET
DA:1,0
DA:2,0
LF:2
LH:0
BRF:0
BRH:0
end_of_record
TN:
SF:src\app\api\gestao\vendas\metricas\route.ts
FN:12,GET
FNF:1
FNH:0
FNDA:0,GET
DA:1,0
DA:3,0
DA:4,0
DA:5,0
DA:6,0
DA:7,0
DA:8,0
DA:9,0
DA:10,0
DA:12,0
DA:13,0
DA:14,0
DA:15,0
DA:17,0
DA:18,0
DA:19,0
DA:20,0
DA:22,0
DA:23,0
DA:24,0
DA:25,0
DA:31,0
DA:32,0
DA:34,0
DA:46,0
DA:47,0
LF:26
LH:0
BRDA:19,0,0,0
BRDA:19,0,1,0
BRDA:20,1,0,0
BRDA:20,1,1,0
BRDA:23,2,0,0
BRDA:23,2,1,0
BRDA:23,2,2,0
BRDA:24,3,0,0
BRDA:24,3,1,0
BRDA:24,3,2,0
BRF:10
BRH:0
end_of_record
TN:
SF:src\app\api\health\route.ts
FN:1,GET
FN:8,HEAD
FNF:2
FNH:0
FNDA:0,GET
FNDA:0,HEAD
DA:1,0
DA:2,0
DA:8,0
DA:9,0
LF:4
LH:0
BRF:0
BRH:0
end_of_record
TN:
SF:src\app\api\logs\route.ts
FN:4,POST
FN:38,(anonymous_1)
FN:51,GET
FNF:3
FNH:0
FNDA:0,POST
FNDA:0,(anonymous_1)
FNDA:0,GET
DA:1,0
DA:4,0
DA:5,0
DA:6,0
DA:9,0
DA:14,0
DA:21,0
DA:22,0
DA:23,0
DA:30,0
DA:38,0
DA:40,0
DA:43,0
DA:44,0
DA:51,0
DA:52,0
LF:16
LH:0
BRDA:9,0,0,0
BRDA:9,0,1,0
BRDA:10,1,0,0
BRDA:10,1,1,0
BRDA:10,1,2,0
BRDA:22,2,0,0
BRDA:22,2,1,0
BRDA:33,3,0,0
BRDA:33,3,1,0
BRF:9
BRH:0
end_of_record
TN:
SF:src\app\sistema\usuarios\actions.ts
FN:16,criarUsuarioAuth
FNF:1
FNH:0
FNDA:0,criarUsuarioAuth
DA:3,0
DA:5,0
DA:16,0
DA:17,0
DA:19,0
DA:26,0
DA:27,0
DA:28,0
DA:34,0
DA:36,0
DA:37,0
LF:11
LH:0
BRDA:26,0,0,0
BRDA:26,0,1,0
BRF:2
BRH:0
end_of_record
TN:
SF:src\components\ThemeConfigurator.tsx
FN:4,ThemeConfigurator
FN:5,(anonymous_1)
FNF:2
FNH:0
FNDA:0,ThemeConfigurator
FNDA:0,(anonymous_1)
DA:2,0
DA:4,0
DA:5,0
DA:6,0
DA:7,0
DA:8,0
DA:10,0
DA:11,0
DA:12,0
DA:15,0
LF:10
LH:0
BRDA:6,0,0,0
BRDA:6,0,1,0
BRDA:7,1,0,0
BRDA:7,1,1,0
BRDA:8,2,0,0
BRDA:8,2,1,0
BRF:6
BRH:0
end_of_record
TN:
SF:src\env\client-env.ts
FN:10,getClientEnv
FNF:1
FNH:0
FNDA:0,getClientEnv
DA:11,0
DA:13,0
DA:15,0
DA:16,0
DA:17,0
DA:19,0
DA:20,0
DA:22,0
DA:23,0
DA:25,0
DA:27,0
DA:28,0
DA:31,0
DA:34,0
LF:14
LH:0
BRDA:19,0,0,0
BRDA:19,0,1,0
BRDA:22,1,0,0
BRDA:22,1,1,0
BRDA:25,2,0,0
BRDA:25,2,1,0
BRDA:27,3,0,0
BRDA:27,3,1,0
BRF:8
BRH:0
end_of_record
TN:
SF:src\env\server-env.ts
FN:19,getServerEnv
FN:62,getServerEnvMissing
FN:68,assertServerEnv
FNF:3
FNH:0
FNDA:0,getServerEnv
FNDA:0,getServerEnvMissing
FNDA:0,assertServerEnv
DA:5,0
DA:17,0
DA:20,0
DA:22,0
DA:25,0
DA:26,0
DA:27,0
DA:28,0
DA:29,0
DA:31,0
DA:32,0
DA:34,0
DA:35,0
DA:37,0
DA:38,0
DA:40,0
DA:41,0
DA:43,0
DA:44,0
DA:46,0
DA:47,0
DA:50,0
DA:53,0
DA:56,0
DA:59,0
DA:62,0
DA:63,0
DA:68,0
DA:69,0
DA:70,0
DA:75,0
LF:31
LH:0
BRDA:31,0,0,0
BRDA:31,0,1,0
BRDA:34,1,0,0
BRDA:34,1,1,0
BRDA:37,2,0,0
BRDA:37,2,1,0
BRDA:40,3,0,0
BRDA:40,3,1,0
BRDA:43,4,0,0
BRDA:43,4,1,0
BRDA:46,5,0,0
BRDA:46,5,1,0
BRDA:59,6,0,0
BRDA:59,6,1,0
BRDA:69,7,0,0
BRDA:69,7,1,0
BRDA:112,8,0,0
BRDA:112,8,1,0
BRF:18
BRH:0
end_of_record
TN:
SF:src\hooks\useAdminUnlock.ts
FN:25,useAdminUnlock
FN:27,(anonymous_1)
FN:40,(anonymous_2)
FN:56,(anonymous_3)
FN:193,(anonymous_4)
FN:205,(anonymous_5)
FN:219,(anonymous_6)
FN:222,(anonymous_7)
FN:229,(anonymous_8)
FN:238,(anonymous_9)
FN:245,(anonymous_10)
FNF:11
FNH:0
FNDA:0,useAdminUnlock
FNDA:0,(anonymous_1)
FNDA:0,(anonymous_2)
FNDA:0,(anonymous_3)
FNDA:0,(anonymous_4)
FNDA:0,(anonymous_5)
FNDA:0,(anonymous_6)
FNDA:0,(anonymous_7)
FNDA:0,(anonymous_8)
FNDA:0,(anonymous_9)
FNDA:0,(anonymous_10)
DA:3,0
DA:4,0
DA:5,0
DA:6,0
DA:8,0
DA:10,0
DA:25,0
DA:26,0
DA:27,0
DA:29,0
DA:30,0
DA:31,0
DA:33,0
DA:35,0
DA:36,0
DA:37,0
DA:40,0
DA:41,0
DA:43,0
DA:44,0
DA:45,0
DA:46,0
DA:48,0
DA:49,0
DA:51,0
DA:52,0
DA:56,0
DA:57,0
DA:58,0
DA:59,0
DA:62,0
DA:63,0
DA:65,0
DA:67,0
DA:68,0
DA:70,0
DA:71,0
DA:72,0
DA:73,0
DA:74,0
DA:75,0
DA:76,0
DA:77,0
DA:79,0
DA:80,0
DA:81,0
DA:86,0
DA:87,0
DA:88,0
DA:89,0
DA:90,0
DA:91,0
DA:92,0
DA:93,0
DA:95,0
DA:96,0
DA:97,0
DA:101,0
DA:102,0
DA:103,0
DA:107,0
DA:109,0
DA:114,0
DA:115,0
DA:116,0
DA:117,0
DA:120,0
DA:121,0
DA:122,0
DA:123,0
DA:126,0
DA:133,0
DA:134,0
DA:135,0
DA:136,0
DA:137,0
DA:142,0
DA:145,0
DA:146,0
DA:147,0
DA:148,0
DA:149,0
DA:150,0
DA:155,0
DA:158,0
DA:159,0
DA:166,0
DA:167,0
DA:174,0
DA:175,0
DA:176,0
DA:177,0
DA:179,0
DA:181,0
DA:182,0
DA:184,0
DA:185,0
DA:186,0
DA:187,0
DA:188,0
DA:193,0
DA:194,0
DA:195,0
DA:196,0
DA:198,0
DA:200,0
DA:201,0
DA:205,0
DA:206,0
DA:208,0
DA:209,0
DA:211,0
DA:213,0
DA:214,0
DA:219,0
DA:220,0
DA:222,0
DA:223,0
DA:224,0
DA:225,0
DA:229,0
DA:230,0
DA:231,0
DA:235,0
DA:236,0
DA:238,0
DA:239,0
DA:240,0
DA:245,0
LF:129
LH:0
BRDA:29,0,0,0
BRDA:29,0,1,0
BRDA:41,1,0,0
BRDA:41,1,1,0
BRDA:41,2,0,0
BRDA:41,2,1,0
BRDA:41,2,2,0
BRDA:41,2,3,0
BRDA:44,3,0,0
BRDA:44,3,1,0
BRDA:44,4,0,0
BRDA:44,4,1,0
BRDA:46,5,0,0
BRDA:46,5,1,0
BRDA:46,6,0,0
BRDA:46,6,1,0
BRDA:57,7,0,0
BRDA:57,7,1,0
BRDA:67,8,0,0
BRDA:67,8,1,0
BRDA:68,9,0,0
BRDA:68,9,1,0
BRDA:71,10,0,0
BRDA:71,10,1,0
BRDA:71,11,0,0
BRDA:71,11,1,0
BRDA:71,12,0,0
BRDA:71,12,1,0
BRDA:71,13,0,0
BRDA:71,13,1,0
BRDA:71,14,0,0
BRDA:71,14,1,0
BRDA:71,15,0,0
BRDA:71,15,1,0
BRDA:73,16,0,0
BRDA:73,16,1,0
BRDA:73,17,0,0
BRDA:73,17,1,0
BRDA:73,17,2,0
BRDA:75,18,0,0
BRDA:75,18,1,0
BRDA:87,19,0,0
BRDA:87,19,1,0
BRDA:87,20,0,0
BRDA:87,20,1,0
BRDA:87,21,0,0
BRDA:87,21,1,0
BRDA:87,22,0,0
BRDA:87,22,1,0
BRDA:87,23,0,0
BRDA:87,23,1,0
BRDA:87,24,0,0
BRDA:87,24,1,0
BRDA:89,25,0,0
BRDA:89,25,1,0
BRDA:89,26,0,0
BRDA:89,26,1,0
BRDA:89,26,2,0
BRDA:91,27,0,0
BRDA:91,27,1,0
BRDA:114,28,0,0
BRDA:114,28,1,0
BRDA:120,29,0,0
BRDA:120,29,1,0
BRDA:133,30,0,0
BRDA:133,30,1,0
BRDA:133,31,0,0
BRDA:133,31,1,0
BRDA:136,32,0,0
BRDA:136,32,1,0
BRDA:146,33,0,0
BRDA:146,33,1,0
BRDA:146,34,0,0
BRDA:146,34,1,0
BRDA:149,35,0,0
BRDA:149,35,1,0
BRDA:158,36,0,0
BRDA:158,36,1,0
BRDA:175,37,0,0
BRDA:175,37,1,0
BRDA:184,38,0,0
BRDA:184,38,1,0
BRDA:195,39,0,0
BRDA:195,39,1,0
BRDA:206,40,0,0
BRDA:206,40,1,0
BRDA:206,41,0,0
BRDA:206,41,1,0
BRDA:209,42,0,0
BRDA:209,42,1,0
BRDA:213,43,0,0
BRDA:213,43,1,0
BRDA:213,44,0,0
BRDA:213,44,1,0
BRDA:220,45,0,0
BRDA:220,45,1,0
BRDA:223,46,0,0
BRDA:223,46,1,0
BRDA:223,47,0,0
BRDA:223,47,1,0
BRDA:224,48,0,0
BRDA:224,48,1,0
BRDA:230,49,0,0
BRDA:230,49,1,0
BRF:104
BRH:0
end_of_record
TN:
SF:src\hooks\useCadernetaOffline.ts
FN:35,useCadernetaOffline
FN:102,(anonymous_1)
FN:134,(anonymous_2)
FN:155,(anonymous_3)
FN:158,(anonymous_4)
FN:182,(anonymous_5)
FN:184,(anonymous_6)
FN:208,(anonymous_7)
FN:210,(anonymous_8)
FN:262,(anonymous_9)
FN:344,(anonymous_10)
FN:391,(anonymous_11)
FN:392,(anonymous_12)
FN:394,(anonymous_13)
FN:395,(anonymous_14)
FN:397,(anonymous_15)
FN:398,(anonymous_16)
FN:411,(anonymous_17)
FN:412,(anonymous_18)
FN:416,(anonymous_19)
FN:417,(anonymous_20)
FN:421,(anonymous_21)
FN:422,(anonymous_22)
FN:429,(anonymous_23)
FN:432,(anonymous_24)
FN:433,(anonymous_25)
FN:446,(anonymous_26)
FN:462,(anonymous_27)
FN:468,(anonymous_28)
FNF:29
FNH:0
FNDA:0,useCadernetaOffline
FNDA:0,(anonymous_1)
FNDA:0,(anonymous_2)
FNDA:0,(anonymous_3)
FNDA:0,(anonymous_4)
FNDA:0,(anonymous_5)
FNDA:0,(anonymous_6)
FNDA:0,(anonymous_7)
FNDA:0,(anonymous_8)
FNDA:0,(anonymous_9)
FNDA:0,(anonymous_10)
FNDA:0,(anonymous_11)
FNDA:0,(anonymous_12)
FNDA:0,(anonymous_13)
FNDA:0,(anonymous_14)
FNDA:0,(anonymous_15)
FNDA:0,(anonymous_16)
FNDA:0,(anonymous_17)
FNDA:0,(anonymous_18)
FNDA:0,(anonymous_19)
FNDA:0,(anonymous_20)
FNDA:0,(anonymous_21)
FNDA:0,(anonymous_22)
FNDA:0,(anonymous_23)
FNDA:0,(anonymous_24)
FNDA:0,(anonymous_25)
FNDA:0,(anonymous_26)
FNDA:0,(anonymous_27)
FNDA:0,(anonymous_28)
DA:6,0
DA:7,0
DA:8,0
DA:35,0
DA:48,0
DA:63,0
DA:72,0
DA:82,0
DA:89,0
DA:96,0
DA:102,0
DA:103,0
DA:104,0
DA:118,0
DA:120,0
DA:125,0
DA:126,0
DA:134,0
DA:135,0
DA:136,0
DA:141,0
DA:146,0
DA:147,0
DA:155,0
DA:156,0
DA:158,0
DA:159,0
DA:160,0
DA:166,0
DA:168,0
DA:173,0
DA:174,0
DA:182,0
DA:183,0
DA:184,0
DA:185,0
DA:186,0
DA:189,0
DA:194,0
DA:199,0
DA:200,0
DA:208,0
DA:209,0
DA:210,0
DA:211,0
DA:212,0
DA:215,0
DA:216,0
DA:221,0
DA:222,0
DA:228,0
DA:239,0
DA:242,0
DA:247,0
DA:252,0
DA:253,0
DA:262,0
DA:263,0
DA:270,0
DA:271,0
DA:272,0
DA:273,0
DA:275,0
DA:276,0
DA:279,0
DA:286,0
DA:287,0
DA:289,0
DA:295,0
DA:297,0
DA:299,0
DA:302,0
DA:305,0
DA:306,0
DA:307,0
DA:308,0
DA:309,0
DA:310,0
DA:312,0
DA:317,0
DA:328,0
DA:342,0
DA:344,0
DA:345,0
DA:348,0
DA:349,0
DA:350,0
DA:351,0
DA:352,0
DA:353,0
DA:354,0
DA:356,0
DA:359,0
DA:362,0
DA:372,0
DA:383,0
DA:387,0
DA:391,0
DA:392,0
DA:393,0
DA:394,0
DA:395,0
DA:397,0
DA:398,0
DA:400,0
DA:411,0
DA:412,0
DA:416,0
DA:417,0
DA:421,0
DA:422,0
DA:423,0
DA:424,0
DA:429,0
DA:430,0
DA:432,0
DA:433,0
DA:434,0
DA:436,0
DA:446,0
DA:447,0
DA:448,0
DA:452,0
DA:454,0
DA:462,0
DA:463,0
DA:465,0
DA:469,0
DA:476,0
LF:129
LH:0
BRDA:102,0,0,0
BRDA:106,1,0,0
BRDA:106,1,1,0
BRDA:107,2,0,0
BRDA:107,2,1,0
BRDA:108,3,0,0
BRDA:108,3,1,0
BRDA:112,4,0,0
BRDA:112,4,1,0
BRDA:122,5,0,0
BRDA:122,5,1,0
BRDA:128,6,0,0
BRDA:128,6,1,0
BRDA:143,7,0,0
BRDA:143,7,1,0
BRDA:149,8,0,0
BRDA:149,8,1,0
BRDA:159,9,0,0
BRDA:159,9,1,0
BRDA:170,10,0,0
BRDA:170,10,1,0
BRDA:176,11,0,0
BRDA:176,11,1,0
BRDA:185,12,0,0
BRDA:185,12,1,0
BRDA:196,13,0,0
BRDA:196,13,1,0
BRDA:202,14,0,0
BRDA:202,14,1,0
BRDA:211,15,0,0
BRDA:211,15,1,0
BRDA:216,16,0,0
BRDA:216,16,1,0
BRDA:221,17,0,0
BRDA:221,17,1,0
BRDA:249,18,0,0
BRDA:249,18,1,0
BRDA:255,19,0,0
BRDA:255,19,1,0
BRDA:270,20,0,0
BRDA:270,20,1,0
BRDA:270,21,0,0
BRDA:270,21,1,0
BRDA:270,22,0,0
BRDA:270,22,1,0
BRDA:271,23,0,0
BRDA:271,23,1,0
BRDA:271,24,0,0
BRDA:271,24,1,0
BRDA:271,25,0,0
BRDA:271,25,1,0
BRDA:273,26,0,0
BRDA:273,26,1,0
BRDA:273,27,0,0
BRDA:273,27,1,0
BRDA:273,28,0,0
BRDA:273,28,1,0
BRDA:273,29,0,0
BRDA:273,29,1,0
BRDA:275,30,0,0
BRDA:275,30,1,0
BRDA:276,31,0,0
BRDA:276,31,1,0
BRDA:287,32,0,0
BRDA:287,32,1,0
BRDA:287,33,0,0
BRDA:287,33,1,0
BRDA:295,34,0,0
BRDA:295,34,1,0
BRDA:295,35,0,0
BRDA:295,35,1,0
BRDA:297,36,0,0
BRDA:297,36,1,0
BRDA:297,37,0,0
BRDA:297,37,1,0
BRDA:305,38,0,0
BRDA:305,38,1,0
BRDA:306,39,0,0
BRDA:306,39,1,0
BRDA:307,40,0,0
BRDA:307,40,1,0
BRDA:307,41,0,0
BRDA:307,41,1,0
BRDA:308,42,0,0
BRDA:308,42,1,0
BRDA:308,43,0,0
BRDA:308,43,1,0
BRDA:309,44,0,0
BRDA:309,44,1,0
BRDA:309,45,0,0
BRDA:309,45,1,0
BRDA:310,46,0,0
BRDA:310,46,1,0
BRDA:310,47,0,0
BRDA:310,47,1,0
BRDA:324,48,0,0
BRDA:324,48,1,0
BRDA:331,49,0,0
BRDA:331,49,1,0
BRDA:337,50,0,0
BRDA:337,50,1,0
BRDA:344,51,0,0
BRDA:344,51,1,0
BRDA:345,52,0,0
BRDA:345,52,1,0
BRDA:349,53,0,0
BRDA:349,53,1,0
BRDA:350,54,0,0
BRDA:350,54,1,0
BRDA:351,55,0,0
BRDA:351,55,1,0
BRDA:351,56,0,0
BRDA:351,56,1,0
BRDA:352,57,0,0
BRDA:352,57,1,0
BRDA:352,58,0,0
BRDA:352,58,1,0
BRDA:353,59,0,0
BRDA:353,59,1,0
BRDA:353,60,0,0
BRDA:353,60,1,0
BRDA:354,61,0,0
BRDA:354,61,1,0
BRDA:354,62,0,0
BRDA:354,62,1,0
BRDA:367,63,0,0
BRDA:367,63,1,0
BRDA:373,64,0,0
BRDA:373,64,1,0
BRDA:379,65,0,0
BRDA:379,65,1,0
BRDA:397,66,0,0
BRDA:397,66,1,0
BRDA:397,67,0,0
BRDA:397,67,1,0
BRDA:398,68,0,0
BRDA:398,68,1,0
BRDA:398,69,0,0
BRDA:398,69,1,0
BRDA:417,70,0,0
BRDA:417,70,1,0
BRDA:424,71,0,0
BRDA:424,71,1,0
BRDA:456,72,0,0
BRDA:456,72,1,0
BRDA:486,73,0,0
BRDA:486,73,1,0
BRDA:486,73,2,0
BRDA:487,74,0,0
BRDA:487,74,1,0
BRF:150
BRH:0
end_of_record
TN:
SF:src\hooks\useCaixa.ts
FN:11,useCaixa
FN:16,(anonymous_2)
FN:40,(anonymous_3)
FN:57,(anonymous_4)
FN:140,(anonymous_5)
FN:196,(anonymous_6)
FN:254,(anonymous_7)
FN:291,(anonymous_8)
FN:292,(anonymous_9)
FNF:9
FNH:0
FNDA:0,useCaixa
FNDA:0,(anonymous_2)
FNDA:0,(anonymous_3)
FNDA:0,(anonymous_4)
FNDA:0,(anonymous_5)
FNDA:0,(anonymous_6)
FNDA:0,(anonymous_7)
FNDA:0,(anonymous_8)
FNDA:0,(anonymous_9)
DA:1,0
DA:2,0
DA:5,0
DA:6,0
DA:7,0
DA:8,0
DA:9,0
DA:11,0
DA:12,0
DA:13,0
DA:14,0
DA:16,0
DA:17,0
DA:18,0
DA:19,0
DA:20,0
DA:22,0
DA:24,0
DA:30,0
DA:32,0
DA:33,0
DA:34,0
DA:38,0
DA:39,0
DA:40,0
DA:41,0
DA:47,0
DA:49,0
DA:51,0
DA:57,0
DA:59,0
DA:64,0
DA:65,0
DA:68,0
DA:69,0
DA:73,0
DA:76,0
DA:77,0
DA:78,0
DA:80,0
DA:83,0
DA:84,0
DA:88,0
DA:89,0
DA:90,0
DA:91,0
DA:92,0
DA:93,0
DA:94,0
DA:95,0
DA:96,0
DA:97,0
DA:98,0
DA:99,0
DA:101,0
DA:104,0
DA:105,0
DA:106,0
DA:110,0
DA:111,0
DA:112,0
DA:113,0
DA:116,0
DA:117,0
DA:118,0
DA:119,0
DA:120,0
DA:121,0
DA:122,0
DA:123,0
DA:124,0
DA:125,0
DA:127,0
DA:128,0
DA:131,0
DA:132,0
DA:133,0
DA:136,0
DA:140,0
DA:141,0
DA:142,0
DA:145,0
DA:146,0
DA:153,0
DA:154,0
DA:155,0
DA:156,0
DA:159,0
DA:162,0
DA:170,0
DA:172,0
DA:176,0
DA:179,0
DA:186,0
DA:187,0
DA:188,0
DA:190,0
DA:191,0
DA:192,0
DA:196,0
DA:205,0
DA:206,0
DA:209,0
DA:210,0
DA:211,0
DA:214,0
DA:227,0
DA:229,0
DA:234,0
DA:237,0
DA:244,0
DA:245,0
DA:246,0
DA:248,0
DA:249,0
DA:250,0
DA:254,0
DA:255,0
DA:256,0
DA:257,0
DA:265,0
DA:267,0
DA:271,0
DA:274,0
DA:281,0
DA:282,0
DA:283,0
DA:285,0
DA:286,0
DA:287,0
DA:291,0
DA:292,0
DA:295,0
LF:133
LH:0
BRDA:22,0,0,0
BRDA:22,0,1,0
BRDA:30,1,0,0
BRDA:30,1,1,0
BRDA:32,2,0,0
BRDA:32,2,1,0
BRDA:32,3,0,0
BRDA:32,3,1,0
BRDA:39,4,0,0
BRDA:39,4,1,0
BRDA:57,5,0,0
BRDA:57,5,1,0
BRDA:57,6,0,0
BRDA:57,6,1,0
BRDA:64,7,0,0
BRDA:64,7,1,0
BRDA:71,8,0,0
BRDA:71,8,1,0
BRDA:71,9,0,0
BRDA:71,9,1,0
BRDA:97,10,0,0
BRDA:97,10,1,0
BRDA:98,11,0,0
BRDA:98,11,1,0
BRDA:98,12,0,0
BRDA:98,12,1,0
BRDA:122,13,0,0
BRDA:122,13,1,0
BRDA:123,14,0,0
BRDA:123,14,1,0
BRDA:123,15,0,0
BRDA:123,15,1,0
BRDA:153,16,0,0
BRDA:153,16,1,0
BRDA:153,17,0,0
BRDA:153,17,1,0
BRDA:153,17,2,0
BRDA:166,18,0,0
BRDA:166,18,1,0
BRDA:170,19,0,0
BRDA:170,19,1,0
BRDA:176,20,0,0
BRDA:176,20,1,0
BRDA:206,21,0,0
BRDA:206,21,1,0
BRDA:209,22,0,0
BRDA:209,22,1,0
BRDA:227,23,0,0
BRDA:227,23,1,0
BRDA:234,24,0,0
BRDA:234,24,1,0
BRDA:265,25,0,0
BRDA:265,25,1,0
BRDA:271,26,0,0
BRDA:271,26,1,0
BRF:55
BRH:0
end_of_record
TN:
SF:src\hooks\useCaixaOffline.ts
FN:45,useCaixaOffline
FN:93,(anonymous_1)
FN:98,(anonymous_2)
FN:133,(anonymous_3)
FN:135,(anonymous_4)
FN:145,(anonymous_5)
FN:146,(anonymous_6)
FN:150,(anonymous_7)
FN:151,(anonymous_8)
FN:154,(anonymous_9)
FN:155,(anonymous_10)
FN:158,(anonymous_11)
FN:159,(anonymous_12)
FN:162,(anonymous_13)
FN:163,(anonymous_14)
FN:166,(anonymous_15)
FN:168,(anonymous_16)
FN:169,(anonymous_17)
FN:172,(anonymous_18)
FN:173,(anonymous_19)
FN:242,(anonymous_20)
FN:271,(anonymous_21)
FN:273,(anonymous_22)
FN:277,(anonymous_23)
FN:279,(anonymous_24)
FN:283,(anonymous_25)
FN:284,(anonymous_26)
FN:285,(anonymous_27)
FN:286,(anonymous_28)
FN:288,(anonymous_29)
FN:290,(anonymous_30)
FN:291,(anonymous_31)
FN:294,(anonymous_32)
FN:295,(anonymous_33)
FN:314,(anonymous_34)
FN:315,(anonymous_35)
FN:319,(anonymous_36)
FN:322,(anonymous_37)
FN:323,(anonymous_38)
FN:325,(anonymous_39)
FN:327,(anonymous_40)
FN:328,(anonymous_41)
FN:331,(anonymous_42)
FN:332,(anonymous_43)
FN:346,(anonymous_44)
FN:362,(anonymous_45)
FN:368,(anonymous_46)
FNF:47
FNH:0
FNDA:0,useCaixaOffline
FNDA:0,(anonymous_1)
FNDA:0,(anonymous_2)
FNDA:0,(anonymous_3)
FNDA:0,(anonymous_4)
FNDA:0,(anonymous_5)
FNDA:0,(anonymous_6)
FNDA:0,(anonymous_7)
FNDA:0,(anonymous_8)
FNDA:0,(anonymous_9)
FNDA:0,(anonymous_10)
FNDA:0,(anonymous_11)
FNDA:0,(anonymous_12)
FNDA:0,(anonymous_13)
FNDA:0,(anonymous_14)
FNDA:0,(anonymous_15)
FNDA:0,(anonymous_16)
FNDA:0,(anonymous_17)
FNDA:0,(anonymous_18)
FNDA:0,(anonymous_19)
FNDA:0,(anonymous_20)
FNDA:0,(anonymous_21)
FNDA:0,(anonymous_22)
FNDA:0,(anonymous_23)
FNDA:0,(anonymous_24)
FNDA:0,(anonymous_25)
FNDA:0,(anonymous_26)
FNDA:0,(anonymous_27)
FNDA:0,(anonymous_28)
FNDA:0,(anonymous_29)
FNDA:0,(anonymous_30)
FNDA:0,(anonymous_31)
FNDA:0,(anonymous_32)
FNDA:0,(anonymous_33)
FNDA:0,(anonymous_34)
FNDA:0,(anonymous_35)
FNDA:0,(anonymous_36)
FNDA:0,(anonymous_37)
FNDA:0,(anonymous_38)
FNDA:0,(anonymous_39)
FNDA:0,(anonymous_40)
FNDA:0,(anonymous_41)
FNDA:0,(anonymous_42)
FNDA:0,(anonymous_43)
FNDA:0,(anonymous_44)
FNDA:0,(anonymous_45)
FNDA:0,(anonymous_46)
DA:6,0
DA:8,0
DA:9,0
DA:45,0
DA:58,0
DA:75,0
DA:84,0
DA:89,0
DA:90,0
DA:93,0
DA:94,0
DA:95,0
DA:98,0
DA:99,0
DA:100,0
DA:106,0
DA:117,0
DA:119,0
DA:124,0
DA:125,0
DA:133,0
DA:134,0
DA:135,0
DA:136,0
DA:137,0
DA:140,0
DA:141,0
DA:145,0
DA:146,0
DA:149,0
DA:150,0
DA:151,0
DA:153,0
DA:154,0
DA:155,0
DA:157,0
DA:158,0
DA:159,0
DA:161,0
DA:162,0
DA:163,0
DA:166,0
DA:167,0
DA:168,0
DA:169,0
DA:171,0
DA:172,0
DA:173,0
DA:176,0
DA:179,0
DA:183,0
DA:187,0
DA:191,0
DA:195,0
DA:197,0
DA:200,0
DA:225,0
DA:227,0
DA:233,0
DA:234,0
DA:242,0
DA:243,0
DA:244,0
DA:246,0
DA:255,0
DA:257,0
DA:262,0
DA:263,0
DA:271,0
DA:272,0
DA:273,0
DA:277,0
DA:278,0
DA:279,0
DA:283,0
DA:284,0
DA:285,0
DA:286,0
DA:288,0
DA:289,0
DA:290,0
DA:291,0
DA:293,0
DA:294,0
DA:295,0
DA:297,0
DA:299,0
DA:314,0
DA:315,0
DA:319,0
DA:320,0
DA:321,0
DA:322,0
DA:323,0
DA:325,0
DA:326,0
DA:327,0
DA:328,0
DA:330,0
DA:331,0
DA:332,0
DA:334,0
DA:346,0
DA:347,0
DA:348,0
DA:352,0
DA:354,0
DA:362,0
DA:363,0
DA:364,0
DA:366,0
DA:368,0
DA:376,0
LF:113
LH:0
BRDA:89,0,0,0
BRDA:89,0,1,0
BRDA:90,1,0,0
BRDA:90,1,1,0
BRDA:99,2,0,0
BRDA:99,2,1,0
BRDA:110,3,0,0
BRDA:110,3,1,0
BRDA:111,4,0,0
BRDA:111,4,1,0
BRDA:121,5,0,0
BRDA:121,5,1,0
BRDA:127,6,0,0
BRDA:127,6,1,0
BRDA:136,7,0,0
BRDA:136,7,1,0
BRDA:140,8,0,0
BRDA:140,8,1,0
BRDA:179,9,0,0
BRDA:179,9,1,0
BRDA:183,10,0,0
BRDA:183,10,1,0
BRDA:187,11,0,0
BRDA:187,11,1,0
BRDA:191,12,0,0
BRDA:191,12,1,0
BRDA:219,13,0,0
BRDA:219,13,1,0
BRDA:220,14,0,0
BRDA:220,14,1,0
BRDA:229,15,0,0
BRDA:229,15,1,0
BRDA:236,16,0,0
BRDA:236,16,1,0
BRDA:259,17,0,0
BRDA:259,17,1,0
BRDA:265,18,0,0
BRDA:265,18,1,0
BRDA:272,19,0,0
BRDA:272,19,1,0
BRDA:279,20,0,0
BRDA:279,20,1,0
BRDA:315,21,0,0
BRDA:315,21,1,0
BRDA:320,22,0,0
BRDA:320,22,1,0
BRDA:340,23,0,0
BRDA:340,23,1,0
BRDA:340,24,0,0
BRDA:340,24,1,0
BRDA:340,25,0,0
BRDA:340,25,1,0
BRDA:341,26,0,0
BRDA:341,26,1,0
BRDA:341,27,0,0
BRDA:341,27,1,0
BRDA:341,28,0,0
BRDA:341,28,1,0
BRDA:356,29,0,0
BRDA:356,29,1,0
BRDA:385,30,0,0
BRDA:385,30,1,0
BRDA:385,30,2,0
BRDA:386,31,0,0
BRDA:386,31,1,0
BRF:65
BRH:0
end_of_record
TN:
SF:src\hooks\useComposicoes.ts
FN:4,useComposicoes
FN:7,(anonymous_1)
FN:27,(anonymous_2)
FN:31,(anonymous_3)
FNF:4
FNH:0
FNDA:0,useComposicoes
FNDA:0,(anonymous_1)
FNDA:0,(anonymous_2)
FNDA:0,(anonymous_3)
DA:1,0
DA:2,0
DA:4,0
DA:5,0
DA:7,0
DA:8,0
DA:9,0
DA:10,0
DA:14,0
DA:15,0
DA:16,0
DA:18,0
DA:20,0
DA:21,0
DA:23,0
DA:27,0
DA:28,0
DA:31,0
DA:32,0
DA:33,0
DA:34,0
DA:37,0
DA:38,0
DA:45,0
DA:49,0
LF:25
LH:0
BRDA:14,0,0,0
BRDA:14,0,1,0
BRDA:37,1,0,0
BRDA:37,1,1,0
BRDA:39,2,0,0
BRDA:39,2,1,0
BRDA:39,2,2,0
BRDA:39,3,0,0
BRDA:39,3,1,0
BRDA:39,4,0,0
BRDA:39,4,1,0
BRDA:40,5,0,0
BRDA:40,5,1,0
BRDA:41,6,0,0
BRDA:41,6,1,0
BRDA:42,7,0,0
BRDA:42,7,1,0
BRDA:43,8,0,0
BRDA:43,8,1,0
BRF:19
BRH:0
end_of_record
TN:
SF:src\hooks\useComposicoesFull.ts
FN:4,useComposicoesFull
FN:8,(anonymous_1)
FN:28,(anonymous_2)
FNF:3
FNH:0
FNDA:0,useComposicoesFull
FNDA:0,(anonymous_1)
FNDA:0,(anonymous_2)
DA:1,0
DA:2,0
DA:4,0
DA:5,0
DA:6,0
DA:8,0
DA:9,0
DA:10,0
DA:11,0
DA:14,0
DA:15,0
DA:16,0
DA:18,0
DA:19,0
DA:21,0
DA:22,0
DA:24,0
DA:28,0
DA:29,0
DA:33,0
LF:20
LH:0
BRDA:14,0,0,0
BRDA:14,0,1,0
BRDA:18,1,0,0
BRDA:18,1,1,0
BRF:4
BRH:0
end_of_record
TN:
SF:src\hooks\useDebounce.ts
FN:7,useDebounce
FN:10,(anonymous_1)
FN:11,(anonymous_2)
FN:15,(anonymous_3)
FN:27,useDebouncedCallback
FN:33,(anonymous_5)
FN:38,(anonymous_6)
FN:48,useThrottledCallback
FN:55,(anonymous_8)
FN:66,(anonymous_9)
FNF:10
FNH:0
FNDA:0,useDebounce
FNDA:0,(anonymous_1)
FNDA:0,(anonymous_2)
FNDA:0,(anonymous_3)
FNDA:0,useDebouncedCallback
FNDA:0,(anonymous_5)
FNDA:0,(anonymous_6)
FNDA:0,useThrottledCallback
FNDA:0,(anonymous_8)
FNDA:0,(anonymous_9)
DA:1,0
DA:7,0
DA:8,0
DA:10,0
DA:11,0
DA:12,0
DA:15,0
DA:16,0
DA:20,0
DA:27,0
DA:31,0
DA:33,0
DA:34,0
DA:35,0
DA:38,0
DA:39,0
DA:48,0
DA:52,0
DA:53,0
DA:55,0
DA:56,0
DA:58,0
DA:59,0
DA:60,0
DA:62,0
DA:63,0
DA:66,0
DA:67,0
DA:68,0
LF:29
LH:0
BRDA:34,0,0,0
BRDA:34,0,1,0
BRDA:58,1,0,0
BRDA:58,1,1,0
BRDA:62,2,0,0
BRDA:62,2,1,0
BRF:6
BRH:0
end_of_record
TN:
SF:src\hooks\useEstoqueOffline.ts
FN:29,useEstoqueOffline
FN:66,(anonymous_1)
FN:98,(anonymous_2)
FN:119,(anonymous_3)
FN:136,(anonymous_4)
FN:139,(anonymous_5)
FN:175,(anonymous_6)
FN:176,(anonymous_7)
FN:180,(anonymous_8)
FN:181,(anonymous_9)
FN:189,(anonymous_10)
FN:190,(anonymous_11)
FN:195,(anonymous_12)
FN:200,(anonymous_13)
FN:216,(anonymous_14)
FNF:15
FNH:0
FNDA:0,useEstoqueOffline
FNDA:0,(anonymous_1)
FNDA:0,(anonymous_2)
FNDA:0,(anonymous_3)
FNDA:0,(anonymous_4)
FNDA:0,(anonymous_5)
FNDA:0,(anonymous_6)
FNDA:0,(anonymous_7)
FNDA:0,(anonymous_8)
FNDA:0,(anonymous_9)
FNDA:0,(anonymous_10)
FNDA:0,(anonymous_11)
FNDA:0,(anonymous_12)
FNDA:0,(anonymous_13)
FNDA:0,(anonymous_14)
DA:6,0
DA:8,0
DA:29,0
DA:42,0
DA:57,0
DA:62,0
DA:63,0
DA:66,0
DA:67,0
DA:68,0
DA:82,0
DA:84,0
DA:89,0
DA:90,0
DA:98,0
DA:99,0
DA:100,0
DA:105,0
DA:110,0
DA:111,0
DA:119,0
DA:120,0
DA:121,0
DA:122,0
DA:127,0
DA:128,0
DA:136,0
DA:137,0
DA:139,0
DA:141,0
DA:151,0
DA:152,0
DA:158,0
DA:161,0
DA:166,0
DA:167,0
DA:175,0
DA:176,0
DA:180,0
DA:181,0
DA:184,0
DA:189,0
DA:190,0
DA:191,0
DA:195,0
DA:196,0
DA:200,0
DA:201,0
DA:202,0
DA:206,0
DA:208,0
DA:216,0
DA:217,0
DA:218,0
DA:219,0
DA:225,0
DA:234,0
LF:57
LH:0
BRDA:62,0,0,0
BRDA:62,0,1,0
BRDA:63,1,0,0
BRDA:63,1,1,0
BRDA:70,2,0,0
BRDA:70,2,1,0
BRDA:71,3,0,0
BRDA:71,3,1,0
BRDA:86,4,0,0
BRDA:86,4,1,0
BRDA:92,5,0,0
BRDA:92,5,1,0
BRDA:107,6,0,0
BRDA:107,6,1,0
BRDA:113,7,0,0
BRDA:113,7,1,0
BRDA:124,8,0,0
BRDA:124,8,1,0
BRDA:130,9,0,0
BRDA:130,9,1,0
BRDA:139,10,0,0
BRDA:139,10,1,0
BRDA:151,11,0,0
BRDA:151,11,1,0
BRDA:163,12,0,0
BRDA:163,12,1,0
BRDA:169,13,0,0
BRDA:169,13,1,0
BRDA:190,14,0,0
BRDA:190,14,1,0
BRDA:190,14,2,0
BRDA:191,15,0,0
BRDA:191,15,1,0
BRDA:191,16,0,0
BRDA:191,16,1,0
BRDA:191,17,0,0
BRDA:191,17,1,0
BRDA:210,18,0,0
BRDA:210,18,1,0
BRDA:246,19,0,0
BRDA:246,19,1,0
BRDA:247,20,0,0
BRDA:247,20,1,0
BRF:43
BRH:0
end_of_record
TN:
SF:src\hooks\useFormValidation.ts
FN:33,useFormValidation
FN:39,(anonymous_1)
FN:86,(anonymous_2)
FN:89,(anonymous_3)
FN:100,(anonymous_4)
FN:101,(anonymous_5)
FN:104,(anonymous_6)
FN:108,(anonymous_7)
FN:109,(anonymous_8)
FN:139,(anonymous_9)
FN:169,(anonymous_10)
FN:178,(anonymous_11)
FNF:12
FNH:0
FNDA:0,useFormValidation
FNDA:0,(anonymous_1)
FNDA:0,(anonymous_2)
FNDA:0,(anonymous_3)
FNDA:0,(anonymous_4)
FNDA:0,(anonymous_5)
FNDA:0,(anonymous_6)
FNDA:0,(anonymous_7)
FNDA:0,(anonymous_8)
FNDA:0,(anonymous_9)
FNDA:0,(anonymous_10)
FNDA:0,(anonymous_11)
DA:1,0
DA:33,0
DA:37,0
DA:39,0
DA:40,0
DA:41,0
DA:44,0
DA:45,0
DA:49,0
DA:50,0
DA:54,0
DA:55,0
DA:59,0
DA:60,0
DA:64,0
DA:65,0
DA:69,0
DA:70,0
DA:74,0
DA:75,0
DA:79,0
DA:80,0
DA:83,0
DA:86,0
DA:87,0
DA:89,0
DA:90,0
DA:91,0
DA:92,0
DA:96,0
DA:97,0
DA:100,0
DA:101,0
DA:104,0
DA:105,0
DA:108,0
DA:109,0
DA:115,0
DA:128,0
DA:141,0
DA:142,0
DA:145,0
DA:146,0
DA:147,0
DA:149,0
DA:150,0
DA:151,0
DA:153,0
DA:154,0
DA:155,0
DA:157,0
DA:158,0
DA:159,0
DA:161,0
DA:170,0
DA:171,0
DA:172,0
DA:173,0
DA:179,0
DA:180,0
DA:181,0
DA:182,0
LF:62
LH:0
BRDA:35,0,0,0
BRDA:41,1,0,0
BRDA:41,1,1,0
BRDA:44,2,0,0
BRDA:44,2,1,0
BRDA:44,3,0,0
BRDA:44,3,1,0
BRDA:44,3,2,0
BRDA:49,4,0,0
BRDA:49,4,1,0
BRDA:49,5,0,0
BRDA:49,5,1,0
BRDA:54,6,0,0
BRDA:54,6,1,0
BRDA:54,7,0,0
BRDA:54,7,1,0
BRDA:59,8,0,0
BRDA:59,8,1,0
BRDA:59,9,0,0
BRDA:59,9,1,0
BRDA:64,10,0,0
BRDA:64,10,1,0
BRDA:64,11,0,0
BRDA:64,11,1,0
BRDA:69,12,0,0
BRDA:69,12,1,0
BRDA:69,13,0,0
BRDA:69,13,1,0
BRDA:74,14,0,0
BRDA:74,14,1,0
BRDA:74,15,0,0
BRDA:74,15,1,0
BRDA:79,16,0,0
BRDA:79,16,1,0
BRDA:91,17,0,0
BRDA:91,17,1,0
BRDA:142,18,0,0
BRDA:142,18,1,0
BRDA:150,19,0,0
BRDA:150,19,1,0
BRDA:150,20,0,0
BRDA:150,20,1,0
BRDA:151,21,0,0
BRDA:151,21,1,0
BRDA:158,22,0,0
BRDA:158,22,1,0
BRDA:158,23,0,0
BRDA:158,23,1,0
BRDA:159,24,0,0
BRDA:159,24,1,0
BRDA:170,25,0,0
BRDA:170,25,1,0
BRDA:171,26,0,0
BRDA:171,26,1,0
BRDA:172,27,0,0
BRDA:172,27,1,0
BRDA:179,28,0,0
BRDA:179,28,1,0
BRDA:180,29,0,0
BRDA:180,29,1,0
BRDA:181,30,0,0
BRDA:181,30,1,0
BRF:62
BRH:0
end_of_record
TN:
SF:src\hooks\useInsumos.ts
FN:5,useInsumos
FN:9,(anonymous_1)
FN:27,(anonymous_2)
FNF:3
FNH:0
FNDA:0,useInsumos
FNDA:0,(anonymous_1)
FNDA:0,(anonymous_2)
DA:1,0
DA:2,0
DA:5,0
DA:6,0
DA:7,0
DA:9,0
DA:10,0
DA:11,0
DA:12,0
DA:13,0
DA:14,0
DA:15,0
DA:17,0
DA:18,0
DA:20,0
DA:21,0
DA:23,0
DA:27,0
DA:28,0
DA:32,0
LF:20
LH:0
BRDA:13,0,0,0
BRDA:13,0,1,0
BRDA:17,1,0,0
BRDA:17,1,1,0
BRF:4
BRH:0
end_of_record
TN:
SF:src\hooks\useLazyData.ts
FN:16,useLazyData
FN:27,(anonymous_1)
FN:36,(anonymous_2)
FN:48,(anonymous_3)
FN:49,(anonymous_4)
FN:57,(anonymous_5)
FN:63,(anonymous_6)
FN:78,useLazyQuery
FN:85,(anonymous_8)
FN:91,(anonymous_9)
FNF:10
FNH:0
FNDA:0,useLazyData
FNDA:0,(anonymous_1)
FNDA:0,(anonymous_2)
FNDA:0,(anonymous_3)
FNDA:0,(anonymous_4)
FNDA:0,(anonymous_5)
FNDA:0,(anonymous_6)
FNDA:0,useLazyQuery
FNDA:0,(anonymous_8)
FNDA:0,(anonymous_9)
DA:1,0
DA:16,0
DA:20,0
DA:22,0
DA:23,0
DA:24,0
DA:25,0
DA:27,0
DA:28,0
DA:30,0
DA:31,0
DA:33,0
DA:35,0
DA:36,0
DA:39,0
DA:40,0
DA:41,0
DA:43,0
DA:44,0
DA:47,0
DA:48,0
DA:49,0
DA:53,0
DA:57,0
DA:58,0
DA:59,0
DA:63,0
DA:64,0
DA:65,0
DA:69,0
DA:78,0
DA:82,0
DA:84,0
DA:86,0
DA:91,0
DA:92,0
DA:95,0
LF:37
LH:0
BRDA:18,0,0,0
BRDA:20,1,0,0
BRDA:20,2,0,0
BRDA:20,3,0,0
BRDA:28,4,0,0
BRDA:28,4,1,0
BRDA:35,5,0,0
BRDA:35,5,1,0
BRDA:43,6,0,0
BRDA:43,6,1,0
BRDA:47,7,0,0
BRDA:47,7,1,0
BRDA:64,8,0,0
BRDA:64,8,1,0
BRDA:64,9,0,0
BRDA:64,9,1,0
BRDA:80,10,0,0
BRDA:85,11,0,0
BRDA:85,11,1,0
BRF:19
BRH:0
end_of_record
TN:
SF:src\hooks\useLocalStorage.ts
FN:6,useLocalStorage
FN:11,(anonymous_1)
FN:26,(anonymous_2)
FN:40,(anonymous_3)
FN:52,(anonymous_4)
FN:55,(anonymous_5)
FN:66,(anonymous_6)
FN:75,useSessionStorage
FN:79,(anonymous_8)
FN:93,(anonymous_9)
FN:106,(anonymous_10)
FNF:11
FNH:0
FNDA:0,useLocalStorage
FNDA:0,(anonymous_1)
FNDA:0,(anonymous_2)
FNDA:0,(anonymous_3)
FNDA:0,(anonymous_4)
FNDA:0,(anonymous_5)
FNDA:0,(anonymous_6)
FNDA:0,useSessionStorage
FNDA:0,(anonymous_8)
FNDA:0,(anonymous_9)
FNDA:0,(anonymous_10)
DA:1,0
DA:6,0
DA:11,0
DA:12,0
DA:14,0
DA:15,0
DA:16,0
DA:18,0
DA:19,0
DA:23,0
DA:26,0
DA:27,0
DA:28,0
DA:29,0
DA:31,0
DA:32,0
DA:35,0
DA:40,0
DA:41,0
DA:42,0
DA:43,0
DA:44,0
DA:47,0
DA:52,0
DA:53,0
DA:55,0
DA:56,0
DA:57,0
DA:58,0
DA:60,0
DA:65,0
DA:66,0
DA:69,0
DA:75,0
DA:79,0
DA:80,0
DA:82,0
DA:83,0
DA:84,0
DA:86,0
DA:87,0
DA:91,0
DA:93,0
DA:94,0
DA:95,0
DA:96,0
DA:98,0
DA:99,0
DA:102,0
DA:106,0
DA:107,0
DA:108,0
DA:109,0
DA:110,0
DA:113,0
DA:117,0
LF:56
LH:0
BRDA:12,0,0,0
BRDA:12,0,1,0
BRDA:16,1,0,0
BRDA:16,1,1,0
BRDA:28,2,0,0
BRDA:28,2,1,0
BRDA:31,3,0,0
BRDA:31,3,1,0
BRDA:43,4,0,0
BRDA:43,4,1,0
BRDA:53,5,0,0
BRDA:53,5,1,0
BRDA:56,6,0,0
BRDA:56,6,1,0
BRDA:56,7,0,0
BRDA:56,7,1,0
BRDA:80,8,0,0
BRDA:80,8,1,0
BRDA:84,9,0,0
BRDA:84,9,1,0
BRDA:95,10,0,0
BRDA:95,10,1,0
BRDA:98,11,0,0
BRDA:98,11,1,0
BRDA:109,12,0,0
BRDA:109,12,1,0
BRF:26
BRH:0
end_of_record
TN:
SF:src\hooks\useOfflineData.ts
FN:32,useOfflineData
FN:44,(anonymous_1)
FN:95,(anonymous_2)
FN:106,(anonymous_3)
FN:132,(anonymous_4)
FN:132,(anonymous_5)
FN:145,(anonymous_6)
FN:145,(anonymous_7)
FN:168,(anonymous_8)
FN:168,(anonymous_9)
FN:174,(anonymous_10)
FN:177,(anonymous_11)
FN:186,(anonymous_12)
FN:202,(anonymous_13)
FN:203,(anonymous_14)
FN:204,(anonymous_15)
FN:223,(anonymous_16)
FN:224,(anonymous_17)
FN:225,(anonymous_18)
FN:232,(anonymous_19)
FN:235,(anonymous_20)
FN:235,(anonymous_21)
FN:241,(anonymous_22)
FN:265,(anonymous_23)
FN:281,(anonymous_24)
FN:283,(anonymous_25)
FN:287,(anonymous_26)
FN:287,(anonymous_27)
FN:308,(anonymous_28)
FN:322,(anonymous_29)
FN:341,(anonymous_30)
FN:346,(anonymous_31)
FN:351,(anonymous_32)
FN:358,(anonymous_33)
FN:359,(anonymous_34)
FN:368,(anonymous_35)
FNF:36
FNH:0
FNDA:0,useOfflineData
FNDA:0,(anonymous_1)
FNDA:0,(anonymous_2)
FNDA:0,(anonymous_3)
FNDA:0,(anonymous_4)
FNDA:0,(anonymous_5)
FNDA:0,(anonymous_6)
FNDA:0,(anonymous_7)
FNDA:0,(anonymous_8)
FNDA:0,(anonymous_9)
FNDA:0,(anonymous_10)
FNDA:0,(anonymous_11)
FNDA:0,(anonymous_12)
FNDA:0,(anonymous_13)
FNDA:0,(anonymous_14)
FNDA:0,(anonymous_15)
FNDA:0,(anonymous_16)
FNDA:0,(anonymous_17)
FNDA:0,(anonymous_18)
FNDA:0,(anonymous_19)
FNDA:0,(anonymous_20)
FNDA:0,(anonymous_21)
FNDA:0,(anonymous_22)
FNDA:0,(anonymous_23)
FNDA:0,(anonymous_24)
FNDA:0,(anonymous_25)
FNDA:0,(anonymous_26)
FNDA:0,(anonymous_27)
FNDA:0,(anonymous_28)
FNDA:0,(anonymous_29)
FNDA:0,(anonymous_30)
FNDA:0,(anonymous_31)
FNDA:0,(anonymous_32)
FNDA:0,(anonymous_33)
FNDA:0,(anonymous_34)
FNDA:0,(anonymous_35)
DA:6,0
DA:7,0
DA:8,0
DA:9,0
DA:10,0
DA:32,0
DA:37,0
DA:38,0
DA:39,0
DA:40,0
DA:41,0
DA:44,0
DA:45,0
DA:46,0
DA:47,0
DA:49,0
DA:51,0
DA:56,0
DA:57,0
DA:60,0
DA:63,0
DA:65,0
DA:68,0
DA:69,0
DA:73,0
DA:74,0
DA:77,0
DA:78,0
DA:79,0
DA:82,0
DA:83,0
DA:84,0
DA:86,0
DA:87,0
DA:90,0
DA:95,0
DA:96,0
DA:104,0
DA:106,0
DA:108,0
DA:110,0
DA:111,0
DA:115,0
DA:116,0
DA:117,0
DA:119,0
DA:125,0
DA:126,0
DA:127,0
DA:128,0
DA:132,0
DA:133,0
DA:137,0
DA:138,0
DA:140,0
DA:142,0
DA:143,0
DA:144,0
DA:145,0
DA:146,0
DA:150,0
DA:155,0
DA:158,0
DA:160,0
DA:163,0
DA:164,0
DA:165,0
DA:168,0
DA:169,0
DA:174,0
DA:175,0
DA:177,0
DA:184,0
DA:185,0
DA:186,0
DA:188,0
DA:189,0
DA:190,0
DA:191,0
DA:192,0
DA:193,0
DA:194,0
DA:199,0
DA:200,0
DA:202,0
DA:203,0
DA:204,0
DA:205,0
DA:207,0
DA:208,0
DA:209,0
DA:211,0
DA:212,0
DA:218,0
DA:219,0
DA:220,0
DA:223,0
DA:224,0
DA:225,0
DA:227,0
DA:232,0
DA:233,0
DA:235,0
DA:236,0
DA:241,0
DA:242,0
DA:244,0
DA:246,0
DA:248,0
DA:253,0
DA:256,0
DA:261,0
DA:265,0
DA:266,0
DA:268,0
DA:271,0
DA:272,0
DA:273,0
DA:276,0
DA:281,0
DA:282,0
DA:283,0
DA:284,0
DA:287,0
DA:289,0
DA:291,0
DA:296,0
DA:299,0
DA:304,0
DA:308,0
DA:309,0
DA:312,0
DA:313,0
DA:314,0
DA:317,0
DA:322,0
DA:323,0
DA:324,0
DA:325,0
DA:327,0
DA:328,0
DA:329,0
DA:332,0
DA:334,0
DA:335,0
DA:336,0
DA:341,0
DA:342,0
DA:346,0
DA:347,0
DA:351,0
DA:352,0
DA:353,0
DA:358,0
DA:359,0
DA:360,0
DA:361,0
DA:364,0
DA:367,0
DA:368,0
DA:371,0
LF:161
LH:0
BRDA:34,0,0,0
BRDA:35,1,0,0
BRDA:49,2,0,0
BRDA:49,2,1,0
BRDA:56,3,0,0
BRDA:56,3,1,0
BRDA:56,4,0,0
BRDA:56,4,1,0
BRDA:63,5,0,0
BRDA:63,5,1,0
BRDA:65,6,0,0
BRDA:65,6,1,0
BRDA:68,7,0,0
BRDA:68,7,1,0
BRDA:77,8,0,0
BRDA:77,8,1,0
BRDA:86,9,0,0
BRDA:86,9,1,0
BRDA:108,10,0,0
BRDA:108,10,1,0
BRDA:125,11,0,0
BRDA:125,11,1,0
BRDA:133,12,0,0
BRDA:133,12,1,0
BRDA:143,13,0,0
BRDA:143,13,1,0
BRDA:143,14,0,0
BRDA:143,14,1,0
BRDA:143,15,0,0
BRDA:143,15,1,0
BRDA:143,16,0,0
BRDA:143,16,1,0
BRDA:143,17,0,0
BRDA:143,17,1,0
BRDA:143,18,0,0
BRDA:143,18,1,0
BRDA:143,19,0,0
BRDA:143,19,1,0
BRDA:143,20,0,0
BRDA:143,20,1,0
BRDA:143,21,0,0
BRDA:143,21,1,0
BRDA:163,22,0,0
BRDA:163,22,1,0
BRDA:175,23,0,0
BRDA:175,23,1,0
BRDA:188,24,0,0
BRDA:188,24,1,0
BRDA:199,25,0,0
BRDA:199,25,1,0
BRDA:236,26,0,0
BRDA:236,26,1,0
BRDA:242,27,0,0
BRDA:242,27,1,0
BRDA:246,28,0,0
BRDA:246,28,1,0
BRDA:253,29,0,0
BRDA:253,29,1,0
BRDA:266,30,0,0
BRDA:266,30,1,0
BRDA:271,31,0,0
BRDA:271,31,1,0
BRDA:284,32,0,0
BRDA:284,32,1,0
BRDA:289,33,0,0
BRDA:289,33,1,0
BRDA:296,34,0,0
BRDA:296,34,1,0
BRDA:312,35,0,0
BRDA:312,35,1,0
BRDA:327,36,0,0
BRDA:327,36,1,0
BRDA:334,37,0,0
BRDA:334,37,1,0
BRDA:352,38,0,0
BRDA:352,38,1,0
BRDA:352,39,0,0
BRDA:352,39,1,0
BRDA:352,39,2,0
BRF:79
BRH:0
end_of_record
TN:
SF:src\hooks\useOnlineStatus.ts
FN:3,useOnlineStatus
FN:7,(anonymous_1)
FN:9,(anonymous_2)
FN:19,(anonymous_3)
FN:27,(anonymous_4)
FN:42,(anonymous_5)
FNF:6
FNH:0
FNDA:0,useOnlineStatus
FNDA:0,(anonymous_1)
FNDA:0,(anonymous_2)
FNDA:0,(anonymous_3)
FNDA:0,(anonymous_4)
FNDA:0,(anonymous_5)
DA:1,0
DA:3,0
DA:4,0
DA:5,0
DA:7,0
DA:9,0
DA:10,0
DA:11,0
DA:13,0
DA:14,0
DA:19,0
DA:20,0
DA:21,0
DA:23,0
DA:27,0
DA:28,0
DA:29,0
DA:31,0
DA:35,0
DA:38,0
DA:39,0
DA:42,0
DA:43,0
DA:44,0
DA:48,0
LF:25
LH:0
BRDA:13,0,0,0
BRDA:13,0,1,0
BRF:2
BRH:0
end_of_record
TN:
SF:src\hooks\usePWA.ts
FN:18,usePWA
FN:34,(anonymous_1)
FN:39,(anonymous_2)
FN:43,(anonymous_3)
FN:44,(anonymous_4)
FN:46,(anonymous_5)
FN:53,(anonymous_6)
FN:54,(anonymous_7)
FN:65,(anonymous_8)
FN:72,(anonymous_9)
FN:73,(anonymous_10)
FN:73,(anonymous_11)
FN:74,(anonymous_12)
FN:74,(anonymous_13)
FN:79,(anonymous_14)
FN:86,(anonymous_15)
FN:92,(anonymous_16)
FN:93,(anonymous_17)
FN:96,(anonymous_18)
FN:102,(anonymous_19)
FN:108,(anonymous_20)
FN:118,(anonymous_21)
FN:129,(anonymous_22)
FN:147,(anonymous_23)
FN:167,useAppUpdate
FN:171,(anonymous_25)
FN:173,(anonymous_26)
FN:176,(anonymous_27)
FN:179,(anonymous_28)
FN:190,(anonymous_29)
FN:204,useOfflineDataLegacy
FN:208,(anonymous_31)
FN:209,(anonymous_32)
FN:210,(anonymous_33)
FN:215,(anonymous_34)
FN:221,(anonymous_35)
FN:222,(anonymous_36)
FN:225,(anonymous_37)
FN:229,(anonymous_38)
FN:235,(anonymous_39)
FNF:40
FNH:0
FNDA:0,usePWA
FNDA:0,(anonymous_1)
FNDA:0,(anonymous_2)
FNDA:0,(anonymous_3)
FNDA:0,(anonymous_4)
FNDA:0,(anonymous_5)
FNDA:0,(anonymous_6)
FNDA:0,(anonymous_7)
FNDA:0,(anonymous_8)
FNDA:0,(anonymous_9)
FNDA:0,(anonymous_10)
FNDA:0,(anonymous_11)
FNDA:0,(anonymous_12)
FNDA:0,(anonymous_13)
FNDA:0,(anonymous_14)
FNDA:0,(anonymous_15)
FNDA:0,(anonymous_16)
FNDA:0,(anonymous_17)
FNDA:0,(anonymous_18)
FNDA:0,(anonymous_19)
FNDA:0,(anonymous_20)
FNDA:0,(anonymous_21)
FNDA:0,(anonymous_22)
FNDA:0,(anonymous_23)
FNDA:0,useAppUpdate
FNDA:0,(anonymous_25)
FNDA:0,(anonymous_26)
FNDA:0,(anonymous_27)
FNDA:0,(anonymous_28)
FNDA:0,(anonymous_29)
FNDA:0,useOfflineDataLegacy
FNDA:0,(anonymous_31)
FNDA:0,(anonymous_32)
FNDA:0,(anonymous_33)
FNDA:0,(anonymous_34)
FNDA:0,(anonymous_35)
FNDA:0,(anonymous_36)
FNDA:0,(anonymous_37)
FNDA:0,(anonymous_38)
FNDA:0,(anonymous_39)
DA:1,0
DA:2,0
DA:18,0
DA:24,0
DA:34,0
DA:35,0
DA:39,0
DA:43,0
DA:44,0
DA:45,0
DA:46,0
DA:53,0
DA:54,0
DA:62,0
DA:63,0
DA:65,0
DA:66,0
DA:67,0
DA:72,0
DA:73,0
DA:74,0
DA:76,0
DA:77,0
DA:79,0
DA:80,0
DA:81,0
DA:86,0
DA:87,0
DA:88,0
DA:90,0
DA:91,0
DA:93,0
DA:94,0
DA:97,0
DA:102,0
DA:103,0
DA:104,0
DA:105,0
DA:107,0
DA:108,0
DA:118,0
DA:119,0
DA:120,0
DA:121,0
DA:122,0
DA:124,0
DA:129,0
DA:130,0
DA:131,0
DA:132,0
DA:135,0
DA:136,0
DA:139,0
DA:140,0
DA:141,0
DA:144,0
DA:147,0
DA:148,0
DA:149,0
DA:157,0
DA:167,0
DA:168,0
DA:169,0
DA:171,0
DA:172,0
DA:173,0
DA:174,0
DA:176,0
DA:177,0
DA:178,0
DA:179,0
DA:180,0
DA:181,0
DA:190,0
DA:191,0
DA:192,0
DA:193,0
DA:197,0
DA:204,0
DA:205,0
DA:206,0
DA:208,0
DA:209,0
DA:210,0
DA:212,0
DA:213,0
DA:215,0
DA:216,0
DA:217,0
DA:221,0
DA:222,0
DA:225,0
DA:226,0
DA:229,0
DA:230,0
DA:231,0
DA:232,0
DA:235,0
DA:237,0
DA:238,0
DA:240,0
DA:245,0
LF:102
LH:0
BRDA:35,0,0,0
BRDA:35,0,1,0
BRDA:35,0,2,0
BRDA:87,1,0,0
BRDA:87,1,1,0
BRDA:88,2,0,0
BRDA:88,2,1,0
BRDA:90,3,0,0
BRDA:90,3,1,0
BRDA:103,4,0,0
BRDA:103,4,1,0
BRDA:107,5,0,0
BRDA:107,5,1,0
BRDA:119,6,0,0
BRDA:119,6,1,0
BRDA:130,7,0,0
BRDA:130,7,1,0
BRDA:135,8,0,0
BRDA:135,8,1,0
BRDA:139,9,0,0
BRDA:139,9,1,0
BRDA:147,10,0,0
BRDA:148,11,0,0
BRDA:148,11,1,0
BRDA:172,12,0,0
BRDA:172,12,1,0
BRDA:178,13,0,0
BRDA:178,13,1,0
BRDA:180,14,0,0
BRDA:180,14,1,0
BRDA:180,15,0,0
BRDA:180,15,1,0
BRDA:191,16,0,0
BRDA:191,16,1,0
BRDA:191,17,0,0
BRDA:191,17,1,0
BRDA:230,18,0,0
BRDA:230,18,1,0
BRDA:230,19,0,0
BRDA:230,19,1,0
BRF:40
BRH:0
end_of_record
TN:
SF:src\hooks\usePreload.ts
FN:13,usePreload
FN:19,(anonymous_10)
FN:21,(anonymous_11)
FN:26,(anonymous_12)
FN:46,useRoutePreload
FN:47,(anonymous_14)
FN:49,(anonymous_15)
FN:50,(anonymous_16)
FN:53,(anonymous_17)
FN:55,(anonymous_18)
FN:56,(anonymous_19)
FN:57,(anonymous_20)
FN:60,(anonymous_21)
FN:62,(anonymous_22)
FN:63,(anonymous_23)
FN:67,(anonymous_24)
FN:71,(anonymous_25)
FN:84,(anonymous_26)
FN:98,useSmartPreload
FN:99,(anonymous_28)
FN:108,(anonymous_29)
FN:110,(anonymous_30)
FNF:22
FNH:0
FNDA:0,usePreload
FNDA:0,(anonymous_10)
FNDA:0,(anonymous_11)
FNDA:0,(anonymous_12)
FNDA:0,useRoutePreload
FNDA:0,(anonymous_14)
FNDA:0,(anonymous_15)
FNDA:0,(anonymous_16)
FNDA:0,(anonymous_17)
FNDA:0,(anonymous_18)
FNDA:0,(anonymous_19)
FNDA:0,(anonymous_20)
FNDA:0,(anonymous_21)
FNDA:0,(anonymous_22)
FNDA:0,(anonymous_23)
FNDA:0,(anonymous_24)
FNDA:0,(anonymous_25)
FNDA:0,(anonymous_26)
FNDA:0,useSmartPreload
FNDA:0,(anonymous_28)
FNDA:0,(anonymous_29)
FNDA:0,(anonymous_30)
DA:1,0
DA:13,0
DA:17,0
DA:19,0
DA:21,0
DA:26,0
DA:27,0
DA:28,0
DA:30,0
DA:34,0
DA:46,0
DA:47,0
DA:49,0
DA:50,0
DA:53,0
DA:55,0
DA:56,0
DA:57,0
DA:60,0
DA:62,0
DA:63,0
DA:67,0
DA:68,0
DA:71,0
DA:72,0
DA:73,0
DA:74,0
DA:75,0
DA:76,0
DA:77,0
DA:78,0
DA:79,0
DA:80,0
DA:84,0
DA:87,0
DA:98,0
DA:99,0
DA:101,0
DA:102,0
DA:103,0
DA:105,0
DA:108,0
DA:109,0
DA:110,0
DA:116,0
LF:45
LH:0
BRDA:15,0,0,0
BRDA:17,1,0,0
BRDA:17,2,0,0
BRDA:27,3,0,0
BRDA:27,3,1,0
BRDA:36,4,0,0
BRDA:36,4,1,0
BRDA:37,5,0,0
BRDA:37,5,1,0
BRDA:38,6,0,0
BRDA:38,6,1,0
BRDA:72,7,0,0
BRDA:72,7,1,0
BRDA:75,8,0,0
BRDA:75,8,1,0
BRDA:78,9,0,0
BRDA:78,9,1,0
BRDA:101,10,0,0
BRDA:101,10,1,0
BRDA:103,11,0,0
BRDA:103,11,1,0
BRDA:109,12,0,0
BRDA:109,12,1,0
BRF:23
BRH:0
end_of_record
TN:
SF:src\hooks\useReceitas.ts
FN:5,useReceitas
FN:9,(anonymous_1)
FN:28,(anonymous_2)
FN:32,(anonymous_3)
FN:36,(anonymous_4)
FN:40,(anonymous_5)
FNF:6
FNH:0
FNDA:0,useReceitas
FNDA:0,(anonymous_1)
FNDA:0,(anonymous_2)
FNDA:0,(anonymous_3)
FNDA:0,(anonymous_4)
FNDA:0,(anonymous_5)
DA:1,0
DA:2,0
DA:5,0
DA:6,0
DA:7,0
DA:9,0
DA:10,0
DA:11,0
DA:13,0
DA:14,0
DA:15,0
DA:16,0
DA:18,0
DA:19,0
DA:21,0
DA:22,0
DA:24,0
DA:28,0
DA:29,0
DA:32,0
DA:33,0
DA:36,0
DA:37,0
DA:40,0
DA:41,0
DA:45,0
LF:26
LH:0
BRDA:14,0,0,0
BRDA:14,0,1,0
BRDA:18,1,0,0
BRDA:18,1,1,0
BRF:4
BRH:0
end_of_record
TN:
SF:src\hooks\useReceitasOffline.ts
FN:35,useReceitasOffline
FN:82,(anonymous_2)
FN:82,(anonymous_3)
FN:86,(anonymous_4)
FN:90,(anonymous_5)
FN:96,(anonymous_6)
FN:96,(anonymous_7)
FN:98,(anonymous_8)
FN:104,(anonymous_9)
FN:132,(anonymous_10)
FN:153,(anonymous_11)
FN:156,(anonymous_12)
FN:186,(anonymous_13)
FN:196,(anonymous_14)
FN:205,(anonymous_15)
FN:214,(anonymous_16)
FN:216,(anonymous_17)
FN:226,(anonymous_18)
FN:228,(anonymous_19)
FN:246,(anonymous_20)
FN:272,(anonymous_21)
FN:289,(anonymous_22)
FN:290,(anonymous_23)
FN:292,(anonymous_24)
FN:293,(anonymous_25)
FN:294,(anonymous_26)
FN:302,(anonymous_27)
FN:322,(anonymous_28)
FN:323,(anonymous_29)
FN:327,(anonymous_30)
FN:336,(anonymous_31)
FN:337,(anonymous_32)
FN:338,(anonymous_33)
FN:343,(anonymous_34)
FN:359,(anonymous_35)
FN:371,(anonymous_36)
FNF:36
FNH:0
FNDA:0,useReceitasOffline
FNDA:0,(anonymous_2)
FNDA:0,(anonymous_3)
FNDA:0,(anonymous_4)
FNDA:0,(anonymous_5)
FNDA:0,(anonymous_6)
FNDA:0,(anonymous_7)
FNDA:0,(anonymous_8)
FNDA:0,(anonymous_9)
FNDA:0,(anonymous_10)
FNDA:0,(anonymous_11)
FNDA:0,(anonymous_12)
FNDA:0,(anonymous_13)
FNDA:0,(anonymous_14)
FNDA:0,(anonymous_15)
FNDA:0,(anonymous_16)
FNDA:0,(anonymous_17)
FNDA:0,(anonymous_18)
FNDA:0,(anonymous_19)
FNDA:0,(anonymous_20)
FNDA:0,(anonymous_21)
FNDA:0,(anonymous_22)
FNDA:0,(anonymous_23)
FNDA:0,(anonymous_24)
FNDA:0,(anonymous_25)
FNDA:0,(anonymous_26)
FNDA:0,(anonymous_27)
FNDA:0,(anonymous_28)
FNDA:0,(anonymous_29)
FNDA:0,(anonymous_30)
FNDA:0,(anonymous_31)
FNDA:0,(anonymous_32)
FNDA:0,(anonymous_33)
FNDA:0,(anonymous_34)
FNDA:0,(anonymous_35)
FNDA:0,(anonymous_36)
DA:6,0
DA:7,0
DA:8,0
DA:10,0
DA:35,0
DA:48,0
DA:64,0
DA:74,0
DA:81,0
DA:82,0
DA:85,0
DA:86,0
DA:89,0
DA:90,0
DA:95,0
DA:96,0
DA:98,0
DA:104,0
DA:105,0
DA:106,0
DA:116,0
DA:118,0
DA:123,0
DA:124,0
DA:132,0
DA:133,0
DA:134,0
DA:139,0
DA:144,0
DA:145,0
DA:153,0
DA:154,0
DA:156,0
DA:157,0
DA:158,0
DA:162,0
DA:163,0
DA:164,0
DA:166,0
DA:170,0
DA:172,0
DA:177,0
DA:178,0
DA:186,0
DA:187,0
DA:188,0
DA:189,0
DA:190,0
DA:192,0
DA:196,0
DA:197,0
DA:198,0
DA:199,0
DA:201,0
DA:205,0
DA:206,0
DA:207,0
DA:208,0
DA:210,0
DA:214,0
DA:215,0
DA:216,0
DA:217,0
DA:218,0
DA:220,0
DA:222,0
DA:226,0
DA:227,0
DA:228,0
DA:235,0
DA:236,0
DA:238,0
DA:242,0
DA:243,0
DA:246,0
DA:247,0
DA:248,0
DA:256,0
DA:258,0
DA:263,0
DA:264,0
DA:272,0
DA:273,0
DA:274,0
DA:275,0
DA:280,0
DA:281,0
DA:289,0
DA:290,0
DA:291,0
DA:292,0
DA:294,0
DA:295,0
DA:302,0
DA:303,0
DA:304,0
DA:305,0
DA:307,0
DA:310,0
DA:312,0
DA:322,0
DA:323,0
DA:327,0
DA:328,0
DA:329,0
DA:331,0
DA:332,0
DA:336,0
DA:337,0
DA:338,0
DA:343,0
DA:344,0
DA:345,0
DA:349,0
DA:351,0
DA:359,0
DA:360,0
DA:362,0
DA:371,0
DA:378,0
LF:120
LH:0
BRDA:82,0,0,0
BRDA:82,0,1,0
BRDA:86,1,0,0
BRDA:86,1,1,0
BRDA:90,2,0,0
BRDA:90,2,1,0
BRDA:98,3,0,0
BRDA:98,3,1,0
BRDA:110,4,0,0
BRDA:110,4,1,0
BRDA:110,5,0,0
BRDA:110,5,1,0
BRDA:111,6,0,0
BRDA:111,6,1,0
BRDA:120,7,0,0
BRDA:120,7,1,0
BRDA:126,8,0,0
BRDA:126,8,1,0
BRDA:141,9,0,0
BRDA:141,9,1,0
BRDA:147,10,0,0
BRDA:147,10,1,0
BRDA:162,11,0,0
BRDA:162,11,1,0
BRDA:162,12,0,0
BRDA:162,12,1,0
BRDA:174,13,0,0
BRDA:174,13,1,0
BRDA:180,14,0,0
BRDA:180,14,1,0
BRDA:260,15,0,0
BRDA:260,15,1,0
BRDA:266,16,0,0
BRDA:266,16,1,0
BRDA:277,17,0,0
BRDA:277,17,1,0
BRDA:283,18,0,0
BRDA:283,18,1,0
BRDA:297,19,0,0
BRDA:297,19,1,0
BRDA:303,20,0,0
BRDA:303,20,1,0
BRDA:304,21,0,0
BRDA:304,21,1,0
BRDA:310,22,0,0
BRDA:310,22,1,0
BRDA:329,23,0,0
BRDA:329,23,1,0
BRDA:353,24,0,0
BRDA:353,24,1,0
BRDA:370,25,0,0
BRDA:370,25,1,0
BRDA:387,26,0,0
BRDA:387,26,1,0
BRDA:387,26,2,0
BRDA:388,27,0,0
BRDA:388,27,1,0
BRF:57
BRH:0
end_of_record
TN:
SF:src\hooks\useUser.ts
FN:38,useUser
FN:47,(anonymous_1)
FN:57,(anonymous_2)
FN:84,(anonymous_3)
FN:198,(anonymous_4)
FN:222,(anonymous_5)
FN:240,(anonymous_6)
FN:245,(anonymous_7)
FN:254,(anonymous_8)
FN:263,(anonymous_9)
FN:277,(anonymous_10)
FN:292,(anonymous_11)
FN:302,(anonymous_12)
FNF:13
FNH:0
FNDA:0,useUser
FNDA:0,(anonymous_1)
FNDA:0,(anonymous_2)
FNDA:0,(anonymous_3)
FNDA:0,(anonymous_4)
FNDA:0,(anonymous_5)
FNDA:0,(anonymous_6)
FNDA:0,(anonymous_7)
FNDA:0,(anonymous_8)
FNDA:0,(anonymous_9)
FNDA:0,(anonymous_10)
FNDA:0,(anonymous_11)
FNDA:0,(anonymous_12)
DA:3,0
DA:4,0
DA:6,0
DA:7,0
DA:9,0
DA:35,0
DA:36,0
DA:38,0
DA:39,0
DA:40,0
DA:42,0
DA:43,0
DA:44,0
DA:45,0
DA:47,0
DA:48,0
DA:50,0
DA:51,0
DA:52,0
DA:53,0
DA:54,0
DA:57,0
DA:59,0
DA:60,0
DA:61,0
DA:63,0
DA:64,0
DA:65,0
DA:66,0
DA:71,0
DA:75,0
DA:76,0
DA:77,0
DA:78,0
DA:79,0
DA:81,0
DA:84,0
DA:85,0
DA:86,0
DA:87,0
DA:91,0
DA:92,0
DA:93,0
DA:94,0
DA:95,0
DA:96,0
DA:97,0
DA:98,0
DA:100,0
DA:101,0
DA:102,0
DA:104,0
DA:109,0
DA:111,0
DA:112,0
DA:115,0
DA:116,0
DA:117,0
DA:119,0
DA:123,0
DA:130,0
DA:132,0
DA:134,0
DA:135,0
DA:142,0
DA:143,0
DA:153,0
DA:156,0
DA:157,0
DA:161,0
DA:162,0
DA:163,0
DA:166,0
DA:167,0
DA:169,0
DA:170,0
DA:171,0
DA:172,0
DA:173,0
DA:174,0
DA:175,0
DA:176,0
DA:178,0
DA:179,0
DA:180,0
DA:182,0
DA:187,0
DA:188,0
DA:191,0
DA:195,0
DA:198,0
DA:200,0
DA:201,0
DA:203,0
DA:206,0
DA:207,0
DA:208,0
DA:209,0
DA:212,0
DA:216,0
DA:218,0
DA:220,0
DA:221,0
DA:223,0
DA:224,0
DA:226,0
DA:227,0
DA:228,0
DA:229,0
DA:233,0
DA:234,0
DA:236,0
DA:240,0
DA:241,0
DA:242,0
DA:245,0
DA:246,0
DA:247,0
DA:251,0
DA:252,0
DA:254,0
DA:255,0
DA:256,0
DA:257,0
DA:262,0
DA:264,0
DA:266,0
DA:267,0
DA:268,0
DA:269,0
DA:270,0
DA:271,0
DA:275,0
DA:277,0
DA:278,0
DA:279,0
DA:285,0
DA:286,0
DA:287,0
DA:288,0
DA:289,0
DA:292,0
DA:302,0
LF:143
LH:0
BRDA:39,0,0,0
BRDA:39,0,1,0
BRDA:39,1,0,0
BRDA:39,1,1,0
BRDA:39,2,0,0
BRDA:39,2,1,0
BRDA:40,3,0,0
BRDA:40,3,1,0
BRDA:40,4,0,0
BRDA:40,4,1,0
BRDA:40,5,0,0
BRDA:40,5,1,0
BRDA:47,6,0,0
BRDA:48,7,0,0
BRDA:48,7,1,0
BRDA:57,8,0,0
BRDA:59,9,0,0
BRDA:59,9,1,0
BRDA:59,10,0,0
BRDA:59,10,1,0
BRDA:63,11,0,0
BRDA:63,11,1,0
BRDA:63,12,0,0
BRDA:63,12,1,0
BRDA:75,13,0,0
BRDA:75,13,1,0
BRDA:75,14,0,0
BRDA:75,14,1,0
BRDA:76,15,0,0
BRDA:76,15,1,0
BRDA:86,16,0,0
BRDA:86,16,1,0
BRDA:91,17,0,0
BRDA:91,17,1,0
BRDA:93,18,0,0
BRDA:93,18,1,0
BRDA:93,19,0,0
BRDA:93,19,1,0
BRDA:93,20,0,0
BRDA:93,20,1,0
BRDA:93,21,0,0
BRDA:93,21,1,0
BRDA:93,22,0,0
BRDA:93,22,1,0
BRDA:93,23,0,0
BRDA:93,23,1,0
BRDA:93,24,0,0
BRDA:93,24,1,0
BRDA:93,25,0,0
BRDA:93,25,1,0
BRDA:94,26,0,0
BRDA:94,26,1,0
BRDA:94,27,0,0
BRDA:94,27,1,0
BRDA:95,28,0,0
BRDA:95,28,1,0
BRDA:95,29,0,0
BRDA:95,29,1,0
BRDA:97,30,0,0
BRDA:97,30,1,0
BRDA:111,31,0,0
BRDA:111,31,1,0
BRDA:115,32,0,0
BRDA:115,32,1,0
BRDA:116,33,0,0
BRDA:116,33,1,0
BRDA:132,34,0,0
BRDA:132,34,1,0
BRDA:137,35,0,0
BRDA:137,35,1,0
BRDA:138,36,0,0
BRDA:138,36,1,0
BRDA:138,36,2,0
BRDA:138,37,0,0
BRDA:138,37,1,0
BRDA:138,38,0,0
BRDA:138,38,1,0
BRDA:138,39,0,0
BRDA:138,39,1,0
BRDA:138,40,0,0
BRDA:138,40,1,0
BRDA:142,41,0,0
BRDA:142,41,1,0
BRDA:156,42,0,0
BRDA:156,42,1,0
BRDA:166,43,0,0
BRDA:166,43,1,0
BRDA:171,44,0,0
BRDA:171,44,1,0
BRDA:171,45,0,0
BRDA:171,45,1,0
BRDA:171,46,0,0
BRDA:171,46,1,0
BRDA:171,47,0,0
BRDA:171,47,1,0
BRDA:171,48,0,0
BRDA:171,48,1,0
BRDA:171,49,0,0
BRDA:171,49,1,0
BRDA:171,50,0,0
BRDA:171,50,1,0
BRDA:171,51,0,0
BRDA:171,51,1,0
BRDA:172,52,0,0
BRDA:172,52,1,0
BRDA:172,53,0,0
BRDA:172,53,1,0
BRDA:173,54,0,0
BRDA:173,54,1,0
BRDA:173,55,0,0
BRDA:173,55,1,0
BRDA:175,56,0,0
BRDA:175,56,1,0
BRDA:187,57,0,0
BRDA:187,57,1,0
BRDA:200,58,0,0
BRDA:200,58,1,0
BRDA:206,59,0,0
BRDA:206,59,1,0
BRDA:218,60,0,0
BRDA:218,60,1,0
BRDA:220,61,0,0
BRDA:220,61,1,0
BRDA:223,62,0,0
BRDA:223,62,1,0
BRDA:223,63,0,0
BRDA:223,63,1,0
BRDA:227,64,0,0
BRDA:227,64,1,0
BRDA:241,65,0,0
BRDA:241,65,1,0
BRDA:246,66,0,0
BRDA:246,66,1,0
BRDA:264,67,0,0
BRDA:264,67,1,0
BRDA:266,68,0,0
BRDA:266,68,1,0
BRDA:266,69,0,0
BRDA:266,69,1,0
BRDA:269,70,0,0
BRDA:269,70,1,0
BRDA:279,71,0,0
BRDA:279,71,1,0
BRDA:279,72,0,0
BRDA:279,72,1,0
BRDA:285,73,0,0
BRDA:285,73,1,0
BRDA:285,74,0,0
BRDA:285,74,1,0
BRDA:285,75,0,0
BRDA:285,75,1,0
BRDA:288,76,0,0
BRDA:288,76,1,0
BRF:153
BRH:0
end_of_record
TN:
SF:src\hooks\useVendas.ts
FN:28,useVendas
FN:38,(anonymous_1)
FN:56,(anonymous_2)
FN:97,(anonymous_3)
FN:138,(anonymous_4)
FN:174,(anonymous_5)
FN:198,(anonymous_6)
FN:250,(anonymous_7)
FN:263,(anonymous_8)
FN:272,(anonymous_9)
FN:281,(anonymous_10)
FN:302,(anonymous_11)
FN:316,(anonymous_12)
FN:342,(anonymous_13)
FN:354,(anonymous_14)
FN:374,(anonymous_15)
FN:376,(anonymous_16)
FNF:17
FNH:0
FNDA:0,useVendas
FNDA:0,(anonymous_1)
FNDA:0,(anonymous_2)
FNDA:0,(anonymous_3)
FNDA:0,(anonymous_4)
FNDA:0,(anonymous_5)
FNDA:0,(anonymous_6)
FNDA:0,(anonymous_7)
FNDA:0,(anonymous_8)
FNDA:0,(anonymous_9)
FNDA:0,(anonymous_10)
FNDA:0,(anonymous_11)
FNDA:0,(anonymous_12)
FNDA:0,(anonymous_13)
FNDA:0,(anonymous_14)
FNDA:0,(anonymous_15)
FNDA:0,(anonymous_16)
DA:1,0
DA:2,0
DA:4,0
DA:5,0
DA:6,0
DA:7,0
DA:28,0
DA:29,0
DA:30,0
DA:31,0
DA:32,0
DA:33,0
DA:34,0
DA:35,0
DA:36,0
DA:38,0
DA:39,0
DA:40,0
DA:41,0
DA:46,0
DA:47,0
DA:48,0
DA:50,0
DA:52,0
DA:56,0
DA:57,0
DA:58,0
DA:59,0
DA:65,0
DA:66,0
DA:67,0
DA:70,0
DA:71,0
DA:73,0
DA:76,0
DA:77,0
DA:78,0
DA:79,0
DA:82,0
DA:85,0
DA:86,0
DA:87,0
DA:88,0
DA:89,0
DA:91,0
DA:92,0
DA:97,0
DA:98,0
DA:99,0
DA:100,0
DA:106,0
DA:107,0
DA:108,0
DA:111,0
DA:112,0
DA:114,0
DA:117,0
DA:118,0
DA:119,0
DA:120,0
DA:123,0
DA:126,0
DA:127,0
DA:128,0
DA:129,0
DA:130,0
DA:132,0
DA:133,0
DA:138,0
DA:139,0
DA:140,0
DA:141,0
DA:147,0
DA:148,0
DA:149,0
DA:150,0
DA:152,0
DA:156,0
DA:157,0
DA:158,0
DA:161,0
DA:164,0
DA:165,0
DA:166,0
DA:167,0
DA:169,0
DA:174,0
DA:175,0
DA:176,0
DA:178,0
DA:180,0
DA:186,0
DA:187,0
DA:188,0
DA:191,0
DA:192,0
DA:193,0
DA:197,0
DA:200,0
DA:206,0
DA:207,0
DA:208,0
DA:214,0
DA:217,0
DA:225,0
DA:228,0
DA:231,0
DA:232,0
DA:233,0
DA:236,0
DA:239,0
DA:240,0
DA:241,0
DA:242,0
DA:244,0
DA:245,0
DA:250,0
DA:251,0
DA:252,0
DA:254,0
DA:256,0
DA:261,0
DA:263,0
DA:264,0
DA:268,0
DA:272,0
DA:276,0
DA:279,0
DA:280,0
DA:281,0
DA:282,0
DA:283,0
DA:284,0
DA:285,0
DA:286,0
DA:289,0
DA:292,0
DA:296,0
DA:299,0
DA:302,0
DA:304,0
DA:305,0
DA:306,0
DA:316,0
DA:318,0
DA:319,0
DA:320,0
DA:329,0
DA:330,0
DA:332,0
DA:335,0
DA:336,0
DA:337,0
DA:340,0
DA:342,0
DA:343,0
DA:344,0
DA:345,0
DA:354,0
DA:355,0
DA:356,0
DA:357,0
DA:366,0
DA:368,0
DA:369,0
DA:374,0
DA:375,0
DA:376,0
DA:377,0
DA:378,0
DA:380,0
DA:390,0
DA:391,0
DA:398,0
DA:399,0
DA:400,0
DA:403,0
DA:404,0
DA:405,0
DA:406,0
DA:413,0
DA:414,0
DA:416,0
DA:419,0
DA:423,0
DA:424,0
DA:425,0
DA:430,0
DA:431,0
DA:432,0
DA:437,0
DA:438,0
DA:440,0
DA:442,0
DA:446,0
DA:447,0
DA:449,0
DA:450,0
DA:454,0
LF:199
LH:0
BRDA:58,0,0,0
BRDA:58,0,1,0
BRDA:65,1,0,0
BRDA:65,1,1,0
BRDA:66,2,0,0
BRDA:66,2,1,0
BRDA:70,3,0,0
BRDA:70,3,1,0
BRDA:73,4,0,0
BRDA:73,4,1,0
BRDA:77,5,0,0
BRDA:77,5,1,0
BRDA:87,6,0,0
BRDA:87,6,1,0
BRDA:99,7,0,0
BRDA:99,7,1,0
BRDA:106,8,0,0
BRDA:106,8,1,0
BRDA:107,9,0,0
BRDA:107,9,1,0
BRDA:111,10,0,0
BRDA:111,10,1,0
BRDA:114,11,0,0
BRDA:114,11,1,0
BRDA:118,12,0,0
BRDA:118,12,1,0
BRDA:128,13,0,0
BRDA:128,13,1,0
BRDA:140,14,0,0
BRDA:140,14,1,0
BRDA:147,15,0,0
BRDA:147,15,1,0
BRDA:148,16,0,0
BRDA:148,16,1,0
BRDA:149,17,0,0
BRDA:149,17,1,0
BRDA:157,18,0,0
BRDA:157,18,1,0
BRDA:166,19,0,0
BRDA:166,19,1,0
BRDA:178,20,0,0
BRDA:178,20,1,0
BRDA:186,21,0,0
BRDA:186,21,1,0
BRDA:191,22,0,0
BRDA:191,22,1,0
BRDA:191,23,0,0
BRDA:191,23,1,0
BRDA:207,24,0,0
BRDA:207,24,1,0
BRDA:219,25,0,0
BRDA:219,25,1,0
BRDA:232,26,0,0
BRDA:232,26,1,0
BRDA:241,27,0,0
BRDA:241,27,1,0
BRDA:254,28,0,0
BRDA:254,28,1,0
BRDA:261,29,0,0
BRDA:261,29,1,0
BRDA:261,30,0,0
BRDA:261,30,1,0
BRDA:280,31,0,0
BRDA:280,31,1,0
BRDA:282,32,0,0
BRDA:282,32,1,0
BRDA:282,33,0,0
BRDA:282,33,1,0
BRDA:283,34,0,0
BRDA:283,34,1,0
BRDA:283,35,0,0
BRDA:283,35,1,0
BRDA:284,36,0,0
BRDA:284,36,1,0
BRDA:284,37,0,0
BRDA:284,37,1,0
BRDA:285,38,0,0
BRDA:285,38,1,0
BRDA:285,39,0,0
BRDA:285,39,1,0
BRDA:304,40,0,0
BRDA:304,40,1,0
BRDA:305,41,0,0
BRDA:305,41,1,0
BRDA:305,42,0,0
BRDA:305,42,1,0
BRDA:318,43,0,0
BRDA:318,43,1,0
BRDA:319,44,0,0
BRDA:319,44,1,0
BRDA:319,45,0,0
BRDA:319,45,1,0
BRDA:337,46,0,0
BRDA:337,46,1,0
BRDA:343,47,0,0
BRDA:343,47,1,0
BRDA:344,48,0,0
BRDA:344,48,1,0
BRDA:344,49,0,0
BRDA:344,49,1,0
BRDA:355,50,0,0
BRDA:355,50,1,0
BRDA:356,51,0,0
BRDA:356,51,1,0
BRDA:356,52,0,0
BRDA:356,52,1,0
BRDA:377,53,0,0
BRDA:377,53,1,0
BRDA:378,54,0,0
BRDA:378,54,1,0
BRDA:383,55,0,0
BRDA:383,55,1,0
BRDA:387,56,0,0
BRDA:387,56,1,0
BRDA:390,57,0,0
BRDA:390,57,1,0
BRDA:398,58,0,0
BRDA:398,58,1,0
BRDA:403,59,0,0
BRDA:403,59,1,0
BRDA:403,60,0,0
BRDA:403,60,1,0
BRDA:404,61,0,0
BRDA:404,61,1,0
BRDA:404,62,0,0
BRDA:404,62,1,0
BRDA:404,62,2,0
BRDA:413,63,0,0
BRDA:413,63,1,0
BRDA:423,64,0,0
BRDA:423,64,1,0
BRDA:437,65,0,0
BRDA:437,65,1,0
BRF:133
BRH:0
end_of_record
TN:
SF:src\hooks\useVendasOffline.ts
FN:23,useVendasOffline
FN:58,(anonymous_1)
FN:62,(anonymous_2)
FN:88,(anonymous_3)
FN:108,(anonymous_4)
FN:110,(anonymous_5)
FN:114,(anonymous_6)
FN:118,(anonymous_7)
FN:125,(anonymous_8)
FN:129,(anonymous_9)
FN:130,(anonymous_10)
FN:140,(anonymous_11)
FN:145,(anonymous_12)
FN:150,(anonymous_13)
FN:152,(anonymous_14)
FN:153,(anonymous_15)
FNF:16
FNH:0
FNDA:0,useVendasOffline
FNDA:0,(anonymous_1)
FNDA:0,(anonymous_2)
FNDA:0,(anonymous_3)
FNDA:0,(anonymous_4)
FNDA:0,(anonymous_5)
FNDA:0,(anonymous_6)
FNDA:0,(anonymous_7)
FNDA:0,(anonymous_8)
FNDA:0,(anonymous_9)
FNDA:0,(anonymous_10)
FNDA:0,(anonymous_11)
FNDA:0,(anonymous_12)
FNDA:0,(anonymous_13)
FNDA:0,(anonymous_14)
FNDA:0,(anonymous_15)
DA:6,0
DA:8,0
DA:9,0
DA:23,0
DA:36,0
DA:49,0
DA:54,0
DA:55,0
DA:58,0
DA:59,0
DA:61,0
DA:62,0
DA:66,0
DA:67,0
DA:70,0
DA:84,0
DA:87,0
DA:88,0
DA:89,0
DA:90,0
DA:96,0
DA:99,0
DA:100,0
DA:108,0
DA:109,0
DA:110,0
DA:114,0
DA:115,0
DA:116,0
DA:118,0
DA:119,0
DA:120,0
DA:125,0
DA:126,0
DA:127,0
DA:129,0
DA:130,0
DA:132,0
DA:134,0
DA:140,0
DA:145,0
DA:146,0
DA:151,0
DA:152,0
DA:153,0
DA:154,0
DA:159,0
LF:47
LH:0
BRDA:54,0,0,0
BRDA:54,0,1,0
BRDA:55,1,0,0
BRDA:55,1,1,0
BRDA:66,2,0,0
BRDA:66,2,1,0
BRDA:67,3,0,0
BRDA:67,3,1,0
BRDA:87,4,0,0
BRDA:87,4,1,0
BRDA:87,5,0,0
BRDA:87,5,1,0
BRDA:89,6,0,0
BRDA:89,6,1,0
BRDA:96,7,0,0
BRDA:96,7,1,0
BRDA:102,8,0,0
BRDA:102,8,1,0
BRDA:120,9,0,0
BRDA:120,9,1,0
BRDA:132,10,0,0
BRDA:132,10,1,0
BRDA:140,11,0,0
BRDA:140,11,1,0
BRDA:140,12,0,0
BRDA:140,12,1,0
BRDA:140,13,0,0
BRDA:140,13,1,0
BRDA:152,14,0,0
BRDA:152,14,1,0
BRDA:153,15,0,0
BRDA:153,15,1,0
BRDA:154,16,0,0
BRDA:154,16,1,0
BRDA:168,17,0,0
BRDA:168,17,1,0
BRDA:169,18,0,0
BRDA:169,18,1,0
BRF:38
BRH:0
end_of_record
TN:
SF:src\lib\authCache.ts
FN:28,getAuthCacheKey
FN:32,derivePasswordHash
FN:55,verifyPasswordOffline
FN:60,saveAuthCache
FN:64,getAuthCache
FN:68,clearAuthCache
FN:82,saveAdminUnlockCache
FN:89,getAdminUnlockCache
FN:94,clearAdminUnlockCache
FNF:9
FNH:0
FNDA:0,getAuthCacheKey
FNDA:0,derivePasswordHash
FNDA:0,verifyPasswordOffline
FNDA:0,saveAuthCache
FNDA:0,getAuthCache
FNDA:0,clearAuthCache
FNDA:0,saveAdminUnlockCache
FNDA:0,getAdminUnlockCache
FNDA:0,clearAdminUnlockCache
DA:6,0
DA:8,0
DA:9,0
DA:28,0
DA:29,0
DA:32,0
DA:33,0
DA:34,0
DA:35,0
DA:42,0
DA:52,0
DA:55,0
DA:56,0
DA:57,0
DA:60,0
DA:61,0
DA:64,0
DA:65,0
DA:68,0
DA:69,0
DA:73,0
DA:82,0
DA:83,0
DA:89,0
DA:90,0
DA:91,0
DA:94,0
DA:95,0
LF:28
LH:0
BRDA:91,0,0,0
BRDA:91,0,1,0
BRDA:91,1,0,0
BRDA:91,1,1,0
BRF:4
BRH:0
end_of_record
TN:
SF:src\lib\config.ts
FN:50,getServerConfig
FN:51,(anonymous_10)
FN:100,validateConfig
FNF:3
FNH:0
FNDA:0,getServerConfig
FNDA:0,(anonymous_10)
FNDA:0,validateConfig
DA:10,0
DA:15,0
DA:50,0
DA:51,0
DA:52,0
DA:97,0
DA:100,0
DA:101,0
DA:110,0
DA:112,0
DA:113,0
DA:114,0
DA:116,0
DA:117,0
DA:118,0
DA:121,0
DA:122,0
DA:126,0
DA:127,0
DA:130,0
LF:20
LH:0
BRDA:19,0,0,0
BRDA:19,0,1,0
BRDA:20,1,0,0
BRDA:20,1,1,0
BRDA:56,2,0,0
BRDA:56,2,1,0
BRDA:56,2,2,0
BRDA:57,3,0,0
BRDA:57,3,1,0
BRDA:57,3,2,0
BRDA:62,4,0,0
BRDA:62,4,1,0
BRDA:64,5,0,0
BRDA:64,5,1,0
BRDA:65,6,0,0
BRDA:65,6,1,0
BRDA:67,7,0,0
BRDA:67,7,1,0
BRDA:68,8,0,0
BRDA:68,8,1,0
BRDA:69,9,0,0
BRDA:69,9,1,0
BRDA:69,10,0,0
BRDA:69,10,1,0
BRDA:72,11,0,0
BRDA:72,11,1,0
BRDA:73,12,0,0
BRDA:73,12,1,0
BRDA:74,13,0,0
BRDA:74,13,1,0
BRDA:76,14,0,0
BRDA:76,14,1,0
BRDA:77,15,0,0
BRDA:77,15,1,0
BRDA:78,16,0,0
BRDA:78,16,1,0
BRDA:79,17,0,0
BRDA:79,17,1,0
BRDA:80,18,0,0
BRDA:80,18,1,0
BRDA:81,19,0,0
BRDA:81,19,1,0
BRDA:82,20,0,0
BRDA:82,20,1,0
BRDA:84,21,0,0
BRDA:84,21,1,0
BRDA:84,22,0,0
BRDA:84,22,1,0
BRDA:87,23,0,0
BRDA:87,23,1,0
BRDA:87,24,0,0
BRDA:87,24,1,0
BRDA:88,25,0,0
BRDA:88,25,1,0
BRDA:89,26,0,0
BRDA:89,26,1,0
BRDA:89,27,0,0
BRDA:89,27,1,0
BRDA:91,28,0,0
BRDA:91,28,1,0
BRDA:91,29,0,0
BRDA:91,29,1,0
BRDA:92,30,0,0
BRDA:92,30,1,0
BRDA:92,31,0,0
BRDA:92,31,1,0
BRDA:93,32,0,0
BRDA:93,32,1,0
BRDA:93,33,0,0
BRDA:93,33,1,0
BRDA:94,34,0,0
BRDA:94,34,1,0
BRDA:94,35,0,0
BRDA:94,35,1,0
BRDA:94,36,0,0
BRDA:94,36,1,0
BRDA:94,37,0,0
BRDA:94,37,1,0
BRDA:117,38,0,0
BRDA:117,38,1,0
BRDA:118,39,0,0
BRDA:118,39,1,0
BRDA:118,40,0,0
BRDA:118,40,1,0
BRDA:121,41,0,0
BRDA:121,41,1,0
BRDA:121,42,0,0
BRDA:121,42,1,0
BRDA:121,42,2,0
BRDA:121,42,3,0
BRDA:126,43,0,0
BRDA:126,43,1,0
BRF:92
BRH:0
end_of_record
TN:
SF:src\lib\converters.ts
FN:8,toNumber
FN:12,toString
FN:15,toNullableString
FN:18,toISODate
FN:23,toReceita
FN:31,(anonymous_5)
FN:45,toInsumo
FN:65,toProduto
FN:87,toClienteCaderneta
FN:104,toItemVenda
FN:129,toVenda
FN:151,toCaixaDiario
FN:185,toPrecoVenda
FN:198,toComposicaoReceita
FN:210,toTributo
FN:224,toSpedArquivo
FN:238,toLivroFiscal
FN:251,toRegistroFiscal
FN:267,toRelatorio
FN:281,toMetricaFiscal
FN:291,toObrigacaoAcessoria
FNF:21
FNH:0
FNDA:0,toNumber
FNDA:0,toString
FNDA:0,toNullableString
FNDA:0,toISODate
FNDA:0,toReceita
FNDA:0,(anonymous_5)
FNDA:0,toInsumo
FNDA:0,toProduto
FNDA:0,toClienteCaderneta
FNDA:0,toItemVenda
FNDA:0,toVenda
FNDA:0,toCaixaDiario
FNDA:0,toPrecoVenda
FNDA:0,toComposicaoReceita
FNDA:0,toTributo
FNDA:0,toSpedArquivo
FNDA:0,toLivroFiscal
FNDA:0,toRegistroFiscal
FNDA:0,toRelatorio
FNDA:0,toMetricaFiscal
FNDA:0,toObrigacaoAcessoria
DA:5,0
DA:9,0
DA:10,0
DA:13,0
DA:16,0
DA:19,0
DA:23,0
DA:24,0
DA:32,0
DA:33,0
DA:34,0
DA:35,0
DA:45,0
DA:46,0
DA:65,0
DA:66,0
DA:87,0
DA:88,0
DA:104,0
DA:105,0
DA:106,0
DA:107,0
DA:110,0
DA:114,0
DA:129,0
DA:130,0
DA:151,0
DA:152,0
DA:185,0
DA:186,0
DA:198,0
DA:199,0
DA:210,0
DA:211,0
DA:224,0
DA:225,0
DA:238,0
DA:239,0
DA:251,0
DA:252,0
DA:267,0
DA:268,0
DA:281,0
DA:282,0
DA:291,0
DA:292,0
DA:305,0
DA:324,0
LF:48
LH:0
BRDA:8,0,0,0
BRDA:10,1,0,0
BRDA:10,1,1,0
BRDA:12,2,0,0
BRDA:13,3,0,0
BRDA:13,3,1,0
BRDA:16,4,0,0
BRDA:16,4,1,0
BRDA:18,5,0,0
BRDA:19,6,0,0
BRDA:19,6,1,0
BRDA:25,7,0,0
BRDA:25,7,1,0
BRDA:25,8,0,0
BRDA:25,8,1,0
BRDA:26,9,0,0
BRDA:26,9,1,0
BRDA:26,10,0,0
BRDA:26,10,1,0
BRDA:27,11,0,0
BRDA:27,11,1,0
BRDA:27,12,0,0
BRDA:27,12,1,0
BRDA:28,13,0,0
BRDA:28,13,1,0
BRDA:28,14,0,0
BRDA:28,14,1,0
BRDA:29,15,0,0
BRDA:29,15,1,0
BRDA:29,16,0,0
BRDA:29,16,1,0
BRDA:29,17,0,0
BRDA:29,17,1,0
BRDA:30,18,0,0
BRDA:30,18,1,0
BRDA:30,19,0,0
BRDA:30,19,1,0
BRDA:30,20,0,0
BRDA:30,20,1,0
BRDA:30,21,0,0
BRDA:30,21,1,0
BRDA:32,22,0,0
BRDA:32,22,1,0
BRDA:32,23,0,0
BRDA:32,23,1,0
BRDA:32,24,0,0
BRDA:32,24,1,0
BRDA:32,25,0,0
BRDA:32,25,1,0
BRDA:32,26,0,0
BRDA:32,26,1,0
BRDA:32,27,0,0
BRDA:32,27,1,0
BRDA:33,28,0,0
BRDA:33,28,1,0
BRDA:33,29,0,0
BRDA:33,29,1,0
BRDA:35,30,0,0
BRDA:35,30,1,0
BRDA:37,31,0,0
BRDA:37,31,1,0
BRDA:37,32,0,0
BRDA:37,32,1,0
BRDA:37,33,0,0
BRDA:37,33,1,0
BRDA:37,34,0,0
BRDA:37,34,1,0
BRDA:38,35,0,0
BRDA:38,35,1,0
BRDA:38,36,0,0
BRDA:38,36,1,0
BRDA:39,37,0,0
BRDA:39,37,1,0
BRDA:39,38,0,0
BRDA:39,38,1,0
BRDA:39,39,0,0
BRDA:39,39,1,0
BRDA:39,40,0,0
BRDA:39,40,1,0
BRDA:40,41,0,0
BRDA:40,41,1,0
BRDA:40,42,0,0
BRDA:40,42,1,0
BRDA:40,43,0,0
BRDA:40,43,1,0
BRDA:40,44,0,0
BRDA:40,44,1,0
BRDA:40,45,0,0
BRDA:40,45,1,0
BRDA:40,46,0,0
BRDA:40,46,1,0
BRDA:40,47,0,0
BRDA:40,47,1,0
BRDA:47,48,0,0
BRDA:47,48,1,0
BRDA:47,49,0,0
BRDA:47,49,1,0
BRDA:48,50,0,0
BRDA:48,50,1,0
BRDA:48,51,0,0
BRDA:48,51,1,0
BRDA:49,52,0,0
BRDA:49,52,1,0
BRDA:49,53,0,0
BRDA:49,53,1,0
BRDA:49,54,0,0
BRDA:49,54,1,0
BRDA:49,55,0,0
BRDA:49,55,1,0
BRDA:50,56,0,0
BRDA:50,56,1,0
BRDA:50,57,0,0
BRDA:50,57,1,0
BRDA:50,58,0,0
BRDA:50,58,1,0
BRDA:50,59,0,0
BRDA:50,59,1,0
BRDA:51,60,0,0
BRDA:51,60,1,0
BRDA:51,61,0,0
BRDA:51,61,1,0
BRDA:52,62,0,0
BRDA:52,62,1,0
BRDA:52,63,0,0
BRDA:52,63,1,0
BRDA:53,64,0,0
BRDA:53,64,1,0
BRDA:53,65,0,0
BRDA:53,65,1,0
BRDA:54,66,0,0
BRDA:54,66,1,0
BRDA:54,67,0,0
BRDA:54,67,1,0
BRDA:54,68,0,0
BRDA:54,68,1,0
BRDA:55,69,0,0
BRDA:55,69,1,0
BRDA:55,70,0,0
BRDA:55,70,1,0
BRDA:55,71,0,0
BRDA:55,71,1,0
BRDA:56,72,0,0
BRDA:56,72,1,0
BRDA:56,73,0,0
BRDA:56,73,1,0
BRDA:56,74,0,0
BRDA:56,74,1,0
BRDA:56,75,0,0
BRDA:56,75,1,0
BRDA:57,76,0,0
BRDA:57,76,1,0
BRDA:57,77,0,0
BRDA:57,77,1,0
BRDA:57,78,0,0
BRDA:57,78,1,0
BRDA:57,79,0,0
BRDA:57,79,1,0
BRDA:58,80,0,0
BRDA:58,80,1,0
BRDA:58,81,0,0
BRDA:58,81,1,0
BRDA:58,82,0,0
BRDA:58,82,1,0
BRDA:58,83,0,0
BRDA:58,83,1,0
BRDA:59,84,0,0
BRDA:59,84,1,0
BRDA:59,85,0,0
BRDA:59,85,1,0
BRDA:59,86,0,0
BRDA:59,86,1,0
BRDA:60,87,0,0
BRDA:60,87,1,0
BRDA:60,88,0,0
BRDA:60,88,1,0
BRDA:61,89,0,0
BRDA:61,89,1,0
BRDA:61,90,0,0
BRDA:61,90,1,0
BRDA:61,91,0,0
BRDA:61,91,1,0
BRDA:61,92,0,0
BRDA:61,92,1,0
BRDA:67,93,0,0
BRDA:67,93,1,0
BRDA:67,94,0,0
BRDA:67,94,1,0
BRDA:68,95,0,0
BRDA:68,95,1,0
BRDA:68,96,0,0
BRDA:68,96,1,0
BRDA:69,97,0,0
BRDA:69,97,1,0
BRDA:69,98,0,0
BRDA:69,98,1,0
BRDA:69,99,0,0
BRDA:69,99,1,0
BRDA:69,100,0,0
BRDA:69,100,1,0
BRDA:70,101,0,0
BRDA:70,101,1,0
BRDA:70,102,0,0
BRDA:70,102,1,0
BRDA:70,103,0,0
BRDA:70,103,1,0
BRDA:70,104,0,0
BRDA:70,104,1,0
BRDA:71,105,0,0
BRDA:71,105,1,0
BRDA:71,106,0,0
BRDA:71,106,1,0
BRDA:71,107,0,0
BRDA:71,107,1,0
BRDA:71,108,0,0
BRDA:71,108,1,0
BRDA:72,109,0,0
BRDA:72,109,1,0
BRDA:72,110,0,0
BRDA:72,110,1,0
BRDA:72,111,0,0
BRDA:72,111,1,0
BRDA:72,112,0,0
BRDA:72,112,1,0
BRDA:73,113,0,0
BRDA:73,113,1,0
BRDA:73,114,0,0
BRDA:73,114,1,0
BRDA:73,115,0,0
BRDA:73,115,1,0
BRDA:73,116,0,0
BRDA:73,116,1,0
BRDA:74,117,0,0
BRDA:74,117,1,0
BRDA:74,118,0,0
BRDA:74,118,1,0
BRDA:74,119,0,0
BRDA:74,119,1,0
BRDA:74,120,0,0
BRDA:74,120,1,0
BRDA:75,121,0,0
BRDA:75,121,1,0
BRDA:75,122,0,0
BRDA:75,122,1,0
BRDA:75,123,0,0
BRDA:75,123,1,0
BRDA:75,124,0,0
BRDA:75,124,1,0
BRDA:76,125,0,0
BRDA:76,125,1,0
BRDA:76,126,0,0
BRDA:76,126,1,0
BRDA:76,127,0,0
BRDA:76,127,1,0
BRDA:76,128,0,0
BRDA:76,128,1,0
BRDA:77,129,0,0
BRDA:77,129,1,0
BRDA:77,130,0,0
BRDA:77,130,1,0
BRDA:77,131,0,0
BRDA:77,131,1,0
BRDA:77,132,0,0
BRDA:77,132,1,0
BRDA:78,133,0,0
BRDA:78,133,1,0
BRDA:78,134,0,0
BRDA:78,134,1,0
BRDA:78,135,0,0
BRDA:78,135,1,0
BRDA:78,136,0,0
BRDA:78,136,1,0
BRDA:79,137,0,0
BRDA:79,137,1,0
BRDA:79,138,0,0
BRDA:79,138,1,0
BRDA:79,139,0,0
BRDA:79,139,1,0
BRDA:79,140,0,0
BRDA:79,140,1,0
BRDA:80,141,0,0
BRDA:80,141,1,0
BRDA:80,142,0,0
BRDA:80,142,1,0
BRDA:80,143,0,0
BRDA:80,143,1,0
BRDA:80,144,0,0
BRDA:80,144,1,0
BRDA:81,145,0,0
BRDA:81,145,1,0
BRDA:81,146,0,0
BRDA:81,146,1,0
BRDA:81,147,0,0
BRDA:81,147,1,0
BRDA:81,148,0,0
BRDA:81,148,1,0
BRDA:82,149,0,0
BRDA:82,149,1,0
BRDA:82,150,0,0
BRDA:82,150,1,0
BRDA:82,151,0,0
BRDA:82,151,1,0
BRDA:82,152,0,0
BRDA:82,152,1,0
BRDA:89,153,0,0
BRDA:89,153,1,0
BRDA:89,154,0,0
BRDA:89,154,1,0
BRDA:90,155,0,0
BRDA:90,155,1,0
BRDA:90,156,0,0
BRDA:90,156,1,0
BRDA:90,157,0,0
BRDA:90,157,1,0
BRDA:91,158,0,0
BRDA:91,158,1,0
BRDA:91,159,0,0
BRDA:91,159,1,0
BRDA:92,160,0,0
BRDA:92,160,1,0
BRDA:92,161,0,0
BRDA:92,161,1,0
BRDA:92,162,0,0
BRDA:92,162,1,0
BRDA:92,163,0,0
BRDA:92,163,1,0
BRDA:93,164,0,0
BRDA:93,164,1,0
BRDA:93,165,0,0
BRDA:93,165,1,0
BRDA:93,166,0,0
BRDA:93,166,1,0
BRDA:93,167,0,0
BRDA:93,167,1,0
BRDA:94,168,0,0
BRDA:94,168,1,0
BRDA:94,169,0,0
BRDA:94,169,1,0
BRDA:94,170,0,0
BRDA:94,170,1,0
BRDA:94,171,0,0
BRDA:94,171,1,0
BRDA:95,172,0,0
BRDA:95,172,1,0
BRDA:95,173,0,0
BRDA:95,173,1,0
BRDA:96,174,0,0
BRDA:96,174,1,0
BRDA:96,175,0,0
BRDA:96,175,1,0
BRDA:97,176,0,0
BRDA:97,176,1,0
BRDA:97,177,0,0
BRDA:97,177,1,0
BRDA:97,178,0,0
BRDA:97,178,1,0
BRDA:97,179,0,0
BRDA:97,179,1,0
BRDA:97,180,0,0
BRDA:97,180,1,0
BRDA:97,181,0,0
BRDA:97,181,1,0
BRDA:97,182,0,0
BRDA:97,182,1,0
BRDA:98,183,0,0
BRDA:98,183,1,0
BRDA:98,184,0,0
BRDA:98,184,1,0
BRDA:98,185,0,0
BRDA:98,185,1,0
BRDA:98,186,0,0
BRDA:98,186,1,0
BRDA:99,187,0,0
BRDA:99,187,1,0
BRDA:99,188,0,0
BRDA:99,188,1,0
BRDA:100,189,0,0
BRDA:100,189,1,0
BRDA:100,190,0,0
BRDA:100,190,1,0
BRDA:100,191,0,0
BRDA:100,191,1,0
BRDA:100,192,0,0
BRDA:100,192,1,0
BRDA:105,193,0,0
BRDA:105,193,1,0
BRDA:105,194,0,0
BRDA:105,194,1,0
BRDA:105,195,0,0
BRDA:105,195,1,0
BRDA:105,196,0,0
BRDA:105,196,1,0
BRDA:105,197,0,0
BRDA:105,197,1,0
BRDA:105,198,0,0
BRDA:105,198,1,0
BRDA:105,199,0,0
BRDA:105,199,1,0
BRDA:105,200,0,0
BRDA:105,200,1,0
BRDA:105,201,0,0
BRDA:105,201,1,0
BRDA:105,202,0,0
BRDA:105,202,1,0
BRDA:106,203,0,0
BRDA:106,203,1,0
BRDA:106,204,0,0
BRDA:106,204,1,0
BRDA:107,205,0,0
BRDA:107,205,1,0
BRDA:107,206,0,0
BRDA:107,206,1,0
BRDA:107,207,0,0
BRDA:107,207,1,0
BRDA:107,208,0,0
BRDA:107,208,1,0
BRDA:107,209,0,0
BRDA:107,209,1,0
BRDA:110,210,0,0
BRDA:110,210,1,0
BRDA:110,211,0,0
BRDA:110,211,1,0
BRDA:110,212,0,0
BRDA:110,212,1,0
BRDA:111,213,0,0
BRDA:111,213,1,0
BRDA:115,214,0,0
BRDA:115,214,1,0
BRDA:115,215,0,0
BRDA:115,215,1,0
BRDA:116,216,0,0
BRDA:116,216,1,0
BRDA:116,217,0,0
BRDA:116,217,1,0
BRDA:117,218,0,0
BRDA:117,218,1,0
BRDA:117,219,0,0
BRDA:117,219,1,0
BRDA:117,220,0,0
BRDA:117,220,1,0
BRDA:118,221,0,0
BRDA:118,221,1,0
BRDA:118,222,0,0
BRDA:118,222,1,0
BRDA:121,223,0,0
BRDA:121,223,1,0
BRDA:121,224,0,0
BRDA:121,224,1,0
BRDA:131,225,0,0
BRDA:131,225,1,0
BRDA:131,226,0,0
BRDA:131,226,1,0
BRDA:132,227,0,0
BRDA:132,227,1,0
BRDA:132,228,0,0
BRDA:132,228,1,0
BRDA:132,229,0,0
BRDA:132,229,1,0
BRDA:133,230,0,0
BRDA:133,230,1,0
BRDA:133,231,0,0
BRDA:133,231,1,0
BRDA:133,232,0,0
BRDA:133,232,1,0
BRDA:133,233,0,0
BRDA:133,233,1,0
BRDA:134,234,0,0
BRDA:134,234,1,0
BRDA:134,235,0,0
BRDA:134,235,1,0
BRDA:134,236,0,0
BRDA:134,236,1,0
BRDA:135,237,0,0
BRDA:135,237,1,0
BRDA:135,238,0,0
BRDA:135,238,1,0
BRDA:135,239,0,0
BRDA:135,239,1,0
BRDA:135,240,0,0
BRDA:135,240,1,0
BRDA:136,241,0,0
BRDA:136,241,1,0
BRDA:136,242,0,0
BRDA:136,242,1,0
BRDA:136,243,0,0
BRDA:136,243,1,0
BRDA:136,244,0,0
BRDA:136,244,1,0
BRDA:136,245,0,0
BRDA:136,245,1,0
BRDA:136,246,0,0
BRDA:136,246,1,0
BRDA:138,247,0,0
BRDA:138,247,1,0
BRDA:138,248,0,0
BRDA:138,248,1,0
BRDA:138,249,0,0
BRDA:138,249,1,0
BRDA:138,250,0,0
BRDA:138,250,1,0
BRDA:138,251,0,0
BRDA:138,251,1,0
BRDA:138,252,0,0
BRDA:138,252,1,0
BRDA:139,253,0,0
BRDA:139,253,1,0
BRDA:139,254,0,0
BRDA:139,254,1,0
BRDA:139,255,0,0
BRDA:139,255,1,0
BRDA:139,256,0,0
BRDA:139,256,1,0
BRDA:140,257,0,0
BRDA:140,257,1,0
BRDA:140,258,0,0
BRDA:140,258,1,0
BRDA:140,259,0,0
BRDA:140,259,1,0
BRDA:140,260,0,0
BRDA:140,260,1,0
BRDA:141,261,0,0
BRDA:141,261,1,0
BRDA:141,262,0,0
BRDA:141,262,1,0
BRDA:141,263,0,0
BRDA:141,263,1,0
BRDA:141,264,0,0
BRDA:141,264,1,0
BRDA:142,265,0,0
BRDA:142,265,1,0
BRDA:142,266,0,0
BRDA:142,266,1,0
BRDA:143,267,0,0
BRDA:143,267,1,0
BRDA:143,268,0,0
BRDA:143,268,1,0
BRDA:143,269,0,0
BRDA:143,269,1,0
BRDA:143,270,0,0
BRDA:143,270,1,0
BRDA:144,271,0,0
BRDA:144,271,1,0
BRDA:144,272,0,0
BRDA:144,272,1,0
BRDA:144,273,0,0
BRDA:144,273,1,0
BRDA:145,274,0,0
BRDA:145,274,1,0
BRDA:145,275,0,0
BRDA:145,275,1,0
BRDA:145,276,0,0
BRDA:145,276,1,0
BRDA:153,277,0,0
BRDA:153,277,1,0
BRDA:153,278,0,0
BRDA:153,278,1,0
BRDA:154,279,0,0
BRDA:154,279,1,0
BRDA:154,280,0,0
BRDA:154,280,1,0
BRDA:154,281,0,0
BRDA:154,281,1,0
BRDA:155,282,0,0
BRDA:155,282,1,0
BRDA:155,283,0,0
BRDA:155,283,1,0
BRDA:155,284,0,0
BRDA:155,284,1,0
BRDA:156,285,0,0
BRDA:156,285,1,0
BRDA:156,286,0,0
BRDA:156,286,1,0
BRDA:157,287,0,0
BRDA:157,287,1,0
BRDA:157,288,0,0
BRDA:157,288,1,0
BRDA:157,289,0,0
BRDA:157,289,1,0
BRDA:157,290,0,0
BRDA:157,290,1,0
BRDA:157,291,0,0
BRDA:157,291,1,0
BRDA:158,292,0,0
BRDA:158,292,1,0
BRDA:158,293,0,0
BRDA:158,293,1,0
BRDA:158,294,0,0
BRDA:158,294,1,0
BRDA:158,295,0,0
BRDA:158,295,1,0
BRDA:158,296,0,0
BRDA:158,296,1,0
BRDA:159,297,0,0
BRDA:159,297,1,0
BRDA:159,298,0,0
BRDA:159,298,1,0
BRDA:159,299,0,0
BRDA:159,299,1,0
BRDA:159,300,0,0
BRDA:159,300,1,0
BRDA:159,301,0,0
BRDA:159,301,1,0
BRDA:160,302,0,0
BRDA:160,302,1,0
BRDA:160,303,0,0
BRDA:160,303,1,0
BRDA:160,304,0,0
BRDA:160,304,1,0
BRDA:160,305,0,0
BRDA:160,305,1,0
BRDA:160,306,0,0
BRDA:160,306,1,0
BRDA:161,307,0,0
BRDA:161,307,1,0
BRDA:161,308,0,0
BRDA:161,308,1,0
BRDA:161,309,0,0
BRDA:161,309,1,0
BRDA:161,310,0,0
BRDA:161,310,1,0
BRDA:161,311,0,0
BRDA:161,311,1,0
BRDA:162,312,0,0
BRDA:162,312,1,0
BRDA:162,313,0,0
BRDA:162,313,1,0
BRDA:162,314,0,0
BRDA:162,314,1,0
BRDA:162,315,0,0
BRDA:162,315,1,0
BRDA:162,316,0,0
BRDA:162,316,1,0
BRDA:163,317,0,0
BRDA:163,317,1,0
BRDA:163,318,0,0
BRDA:163,318,1,0
BRDA:163,319,0,0
BRDA:163,319,1,0
BRDA:163,320,0,0
BRDA:163,320,1,0
BRDA:163,321,0,0
BRDA:163,321,1,0
BRDA:164,322,0,0
BRDA:164,322,1,0
BRDA:164,323,0,0
BRDA:164,323,1,0
BRDA:164,324,0,0
BRDA:164,324,1,0
BRDA:164,325,0,0
BRDA:164,325,1,0
BRDA:164,326,0,0
BRDA:164,326,1,0
BRDA:165,327,0,0
BRDA:165,327,1,0
BRDA:165,328,0,0
BRDA:165,328,1,0
BRDA:165,329,0,0
BRDA:165,329,1,0
BRDA:165,330,0,0
BRDA:165,330,1,0
BRDA:165,331,0,0
BRDA:165,331,1,0
BRDA:166,332,0,0
BRDA:166,332,1,0
BRDA:166,333,0,0
BRDA:166,333,1,0
BRDA:166,334,0,0
BRDA:166,334,1,0
BRDA:166,335,0,0
BRDA:166,335,1,0
BRDA:166,336,0,0
BRDA:166,336,1,0
BRDA:167,337,0,0
BRDA:167,337,1,0
BRDA:167,338,0,0
BRDA:167,338,1,0
BRDA:167,339,0,0
BRDA:167,339,1,0
BRDA:167,340,0,0
BRDA:167,340,1,0
BRDA:168,341,0,0
BRDA:168,341,1,0
BRDA:168,342,0,0
BRDA:168,342,1,0
BRDA:168,343,0,0
BRDA:168,343,1,0
BRDA:168,344,0,0
BRDA:168,344,1,0
BRDA:169,345,0,0
BRDA:169,345,1,0
BRDA:169,346,0,0
BRDA:169,346,1,0
BRDA:169,347,0,0
BRDA:169,347,1,0
BRDA:169,348,0,0
BRDA:169,348,1,0
BRDA:170,349,0,0
BRDA:170,349,1,0
BRDA:170,350,0,0
BRDA:170,350,1,0
BRDA:170,351,0,0
BRDA:170,351,1,0
BRDA:170,352,0,0
BRDA:170,352,1,0
BRDA:171,353,0,0
BRDA:171,353,1,0
BRDA:171,354,0,0
BRDA:171,354,1,0
BRDA:171,355,0,0
BRDA:171,355,1,0
BRDA:171,356,0,0
BRDA:171,356,1,0
BRDA:171,357,0,0
BRDA:171,357,1,0
BRDA:172,358,0,0
BRDA:172,358,1,0
BRDA:172,359,0,0
BRDA:172,359,1,0
BRDA:172,360,0,0
BRDA:172,360,1,0
BRDA:172,361,0,0
BRDA:172,361,1,0
BRDA:173,362,0,0
BRDA:173,362,1,0
BRDA:173,363,0,0
BRDA:173,363,1,0
BRDA:173,364,0,0
BRDA:173,364,1,0
BRDA:173,365,0,0
BRDA:173,365,1,0
BRDA:174,366,0,0
BRDA:174,366,1,0
BRDA:174,367,0,0
BRDA:174,367,1,0
BRDA:174,368,0,0
BRDA:174,368,1,0
BRDA:174,369,0,0
BRDA:174,369,1,0
BRDA:175,370,0,0
BRDA:175,370,1,0
BRDA:175,371,0,0
BRDA:175,371,1,0
BRDA:175,372,0,0
BRDA:175,372,1,0
BRDA:175,373,0,0
BRDA:175,373,1,0
BRDA:176,374,0,0
BRDA:176,374,1,0
BRDA:176,375,0,0
BRDA:176,375,1,0
BRDA:176,376,0,0
BRDA:176,376,1,0
BRDA:176,377,0,0
BRDA:176,377,1,0
BRDA:177,378,0,0
BRDA:177,378,1,0
BRDA:177,379,0,0
BRDA:177,379,1,0
BRDA:177,380,0,0
BRDA:177,380,1,0
BRDA:177,381,0,0
BRDA:177,381,1,0
BRDA:177,382,0,0
BRDA:177,382,1,0
BRDA:178,383,0,0
BRDA:178,383,1,0
BRDA:178,384,0,0
BRDA:178,384,1,0
BRDA:178,385,0,0
BRDA:178,385,1,0
BRDA:178,386,0,0
BRDA:178,386,1,0
BRDA:178,387,0,0
BRDA:178,387,1,0
BRDA:179,388,0,0
BRDA:179,388,1,0
BRDA:179,389,0,0
BRDA:179,389,1,0
BRDA:179,390,0,0
BRDA:179,390,1,0
BRDA:179,391,0,0
BRDA:179,391,1,0
BRDA:179,392,0,0
BRDA:179,392,1,0
BRDA:180,393,0,0
BRDA:180,393,1,0
BRDA:180,394,0,0
BRDA:180,394,1,0
BRDA:180,395,0,0
BRDA:180,395,1,0
BRDA:180,396,0,0
BRDA:180,396,1,0
BRDA:180,397,0,0
BRDA:180,397,1,0
BRDA:187,398,0,0
BRDA:187,398,1,0
BRDA:187,399,0,0
BRDA:187,399,1,0
BRDA:188,400,0,0
BRDA:188,400,1,0
BRDA:188,401,0,0
BRDA:188,401,1,0
BRDA:189,402,0,0
BRDA:189,402,1,0
BRDA:189,403,0,0
BRDA:189,403,1,0
BRDA:189,404,0,0
BRDA:189,404,1,0
BRDA:190,405,0,0
BRDA:190,405,1,0
BRDA:190,406,0,0
BRDA:190,406,1,0
BRDA:191,407,0,0
BRDA:191,407,1,0
BRDA:191,408,0,0
BRDA:191,408,1,0
BRDA:191,409,0,0
BRDA:191,409,1,0
BRDA:191,410,0,0
BRDA:191,410,1,0
BRDA:192,411,0,0
BRDA:192,411,1,0
BRDA:192,412,0,0
BRDA:192,412,1,0
BRDA:192,413,0,0
BRDA:192,413,1,0
BRDA:192,414,0,0
BRDA:192,414,1,0
BRDA:192,415,0,0
BRDA:192,415,1,0
BRDA:192,416,0,0
BRDA:192,416,1,0
BRDA:192,417,0,0
BRDA:192,417,1,0
BRDA:193,418,0,0
BRDA:193,418,1,0
BRDA:193,419,0,0
BRDA:193,419,1,0
BRDA:194,420,0,0
BRDA:194,420,1,0
BRDA:194,421,0,0
BRDA:194,421,1,0
BRDA:194,422,0,0
BRDA:194,422,1,0
BRDA:194,423,0,0
BRDA:194,423,1,0
BRDA:200,424,0,0
BRDA:200,424,1,0
BRDA:200,425,0,0
BRDA:200,425,1,0
BRDA:201,426,0,0
BRDA:201,426,1,0
BRDA:201,427,0,0
BRDA:201,427,1,0
BRDA:202,428,0,0
BRDA:202,428,1,0
BRDA:202,429,0,0
BRDA:202,429,1,0
BRDA:203,430,0,0
BRDA:203,430,1,0
BRDA:203,431,0,0
BRDA:203,431,1,0
BRDA:204,432,0,0
BRDA:204,432,1,0
BRDA:204,433,0,0
BRDA:204,433,1,0
BRDA:204,434,0,0
BRDA:204,434,1,0
BRDA:205,435,0,0
BRDA:205,435,1,0
BRDA:205,436,0,0
BRDA:205,436,1,0
BRDA:212,437,0,0
BRDA:212,437,1,0
BRDA:212,438,0,0
BRDA:212,438,1,0
BRDA:213,439,0,0
BRDA:213,439,1,0
BRDA:213,440,0,0
BRDA:213,440,1,0
BRDA:214,441,0,0
BRDA:214,441,1,0
BRDA:214,442,0,0
BRDA:214,442,1,0
BRDA:214,443,0,0
BRDA:214,443,1,0
BRDA:214,444,0,0
BRDA:214,444,1,0
BRDA:215,445,0,0
BRDA:215,445,1,0
BRDA:215,446,0,0
BRDA:215,446,1,0
BRDA:216,447,0,0
BRDA:216,447,1,0
BRDA:216,448,0,0
BRDA:216,448,1,0
BRDA:216,449,0,0
BRDA:216,449,1,0
BRDA:216,450,0,0
BRDA:216,450,1,0
BRDA:217,451,0,0
BRDA:217,451,1,0
BRDA:217,452,0,0
BRDA:217,452,1,0
BRDA:218,453,0,0
BRDA:218,453,1,0
BRDA:218,454,0,0
BRDA:218,454,1,0
BRDA:218,455,0,0
BRDA:218,455,1,0
BRDA:219,456,0,0
BRDA:219,456,1,0
BRDA:219,457,0,0
BRDA:219,457,1,0
BRDA:220,458,0,0
BRDA:220,458,1,0
BRDA:220,459,0,0
BRDA:220,459,1,0
BRDA:220,460,0,0
BRDA:220,460,1,0
BRDA:226,461,0,0
BRDA:226,461,1,0
BRDA:226,462,0,0
BRDA:226,462,1,0
BRDA:227,463,0,0
BRDA:227,463,1,0
BRDA:227,464,0,0
BRDA:227,464,1,0
BRDA:228,465,0,0
BRDA:228,465,1,0
BRDA:228,466,0,0
BRDA:228,466,1,0
BRDA:228,467,0,0
BRDA:228,467,1,0
BRDA:229,468,0,0
BRDA:229,468,1,0
BRDA:229,469,0,0
BRDA:229,469,1,0
BRDA:230,470,0,0
BRDA:230,470,1,0
BRDA:230,471,0,0
BRDA:230,471,1,0
BRDA:230,472,0,0
BRDA:230,472,1,0
BRDA:231,473,0,0
BRDA:231,473,1,0
BRDA:231,474,0,0
BRDA:231,474,1,0
BRDA:232,475,0,0
BRDA:232,475,1,0
BRDA:232,476,0,0
BRDA:232,476,1,0
BRDA:232,477,0,0
BRDA:232,477,1,0
BRDA:232,478,0,0
BRDA:232,478,1,0
BRDA:233,479,0,0
BRDA:233,479,1,0
BRDA:233,480,0,0
BRDA:233,480,1,0
BRDA:233,481,0,0
BRDA:233,481,1,0
BRDA:233,482,0,0
BRDA:233,482,1,0
BRDA:234,483,0,0
BRDA:234,483,1,0
BRDA:234,484,0,0
BRDA:234,484,1,0
BRDA:234,485,0,0
BRDA:234,485,1,0
BRDA:234,486,0,0
BRDA:234,486,1,0
BRDA:240,487,0,0
BRDA:240,487,1,0
BRDA:240,488,0,0
BRDA:240,488,1,0
BRDA:241,489,0,0
BRDA:241,489,1,0
BRDA:241,490,0,0
BRDA:241,490,1,0
BRDA:241,491,0,0
BRDA:241,491,1,0
BRDA:242,492,0,0
BRDA:242,492,1,0
BRDA:242,493,0,0
BRDA:242,493,1,0
BRDA:243,494,0,0
BRDA:243,494,1,0
BRDA:243,495,0,0
BRDA:243,495,1,0
BRDA:244,496,0,0
BRDA:244,496,1,0
BRDA:244,497,0,0
BRDA:244,497,1,0
BRDA:245,498,0,0
BRDA:245,498,1,0
BRDA:245,499,0,0
BRDA:245,499,1,0
BRDA:245,500,0,0
BRDA:245,500,1,0
BRDA:246,501,0,0
BRDA:246,501,1,0
BRDA:246,502,0,0
BRDA:246,502,1,0
BRDA:247,503,0,0
BRDA:247,503,1,0
BRDA:247,504,0,0
BRDA:247,504,1,0
BRDA:247,505,0,0
BRDA:247,505,1,0
BRDA:247,506,0,0
BRDA:247,506,1,0
BRDA:253,507,0,0
BRDA:253,507,1,0
BRDA:253,508,0,0
BRDA:253,508,1,0
BRDA:254,509,0,0
BRDA:254,509,1,0
BRDA:254,510,0,0
BRDA:254,510,1,0
BRDA:255,511,0,0
BRDA:255,511,1,0
BRDA:255,512,0,0
BRDA:255,512,1,0
BRDA:256,513,0,0
BRDA:256,513,1,0
BRDA:256,514,0,0
BRDA:256,514,1,0
BRDA:257,515,0,0
BRDA:257,515,1,0
BRDA:257,516,0,0
BRDA:257,516,1,0
BRDA:258,517,0,0
BRDA:258,517,1,0
BRDA:258,518,0,0
BRDA:258,518,1,0
BRDA:259,519,0,0
BRDA:259,519,1,0
BRDA:259,520,0,0
BRDA:259,520,1,0
BRDA:260,521,0,0
BRDA:260,521,1,0
BRDA:260,522,0,0
BRDA:260,522,1,0
BRDA:261,523,0,0
BRDA:261,523,1,0
BRDA:261,524,0,0
BRDA:261,524,1,0
BRDA:262,525,0,0
BRDA:262,525,1,0
BRDA:262,526,0,0
BRDA:262,526,1,0
BRDA:262,527,0,0
BRDA:262,527,1,0
BRDA:263,528,0,0
BRDA:263,528,1,0
BRDA:263,529,0,0
BRDA:263,529,1,0
BRDA:269,530,0,0
BRDA:269,530,1,0
BRDA:269,531,0,0
BRDA:269,531,1,0
BRDA:270,532,0,0
BRDA:270,532,1,0
BRDA:270,533,0,0
BRDA:270,533,1,0
BRDA:271,534,0,0
BRDA:271,534,1,0
BRDA:271,535,0,0
BRDA:271,535,1,0
BRDA:271,536,0,0
BRDA:271,536,1,0
BRDA:272,537,0,0
BRDA:272,537,1,0
BRDA:272,538,0,0
BRDA:272,538,1,0
BRDA:273,539,0,0
BRDA:273,539,1,0
BRDA:273,540,0,0
BRDA:273,540,1,0
BRDA:273,541,0,0
BRDA:273,541,1,0
BRDA:274,542,0,0
BRDA:274,542,1,0
BRDA:274,543,0,0
BRDA:274,543,1,0
BRDA:275,544,0,0
BRDA:275,544,1,0
BRDA:275,545,0,0
BRDA:275,545,1,0
BRDA:276,546,0,0
BRDA:276,546,1,0
BRDA:276,547,0,0
BRDA:276,547,1,0
BRDA:276,548,0,0
BRDA:276,548,1,0
BRDA:277,549,0,0
BRDA:277,549,1,0
BRDA:277,550,0,0
BRDA:277,550,1,0
BRDA:277,551,0,0
BRDA:277,551,1,0
BRDA:277,552,0,0
BRDA:277,552,1,0
BRDA:283,553,0,0
BRDA:283,553,1,0
BRDA:283,554,0,0
BRDA:283,554,1,0
BRDA:284,555,0,0
BRDA:284,555,1,0
BRDA:284,556,0,0
BRDA:284,556,1,0
BRDA:285,557,0,0
BRDA:285,557,1,0
BRDA:285,558,0,0
BRDA:285,558,1,0
BRDA:285,559,0,0
BRDA:285,559,1,0
BRDA:286,560,0,0
BRDA:286,560,1,0
BRDA:286,561,0,0
BRDA:286,561,1,0
BRDA:287,562,0,0
BRDA:287,562,1,0
BRDA:287,563,0,0
BRDA:287,563,1,0
BRDA:287,564,0,0
BRDA:287,564,1,0
BRDA:293,565,0,0
BRDA:293,565,1,0
BRDA:293,566,0,0
BRDA:293,566,1,0
BRDA:294,567,0,0
BRDA:294,567,1,0
BRDA:294,568,0,0
BRDA:294,568,1,0
BRDA:295,569,0,0
BRDA:295,569,1,0
BRDA:295,570,0,0
BRDA:295,570,1,0
BRDA:295,571,0,0
BRDA:295,571,1,0
BRDA:296,572,0,0
BRDA:296,572,1,0
BRDA:296,573,0,0
BRDA:296,573,1,0
BRDA:297,574,0,0
BRDA:297,574,1,0
BRDA:297,575,0,0
BRDA:297,575,1,0
BRDA:297,576,0,0
BRDA:297,576,1,0
BRDA:298,577,0,0
BRDA:298,577,1,0
BRDA:298,578,0,0
BRDA:298,578,1,0
BRDA:298,579,0,0
BRDA:298,579,1,0
BRDA:298,580,0,0
BRDA:298,580,1,0
BRDA:299,581,0,0
BRDA:299,581,1,0
BRDA:299,582,0,0
BRDA:299,582,1,0
BRDA:299,583,0,0
BRDA:299,583,1,0
BRDA:299,584,0,0
BRDA:299,584,1,0
BRDA:300,585,0,0
BRDA:300,585,1,0
BRDA:300,586,0,0
BRDA:300,586,1,0
BRDA:300,587,0,0
BRDA:300,587,1,0
BRDA:301,588,0,0
BRDA:301,588,1,0
BRDA:301,589,0,0
BRDA:301,589,1,0
BRDA:301,590,0,0
BRDA:301,590,1,0
BRDA:301,591,0,0
BRDA:301,591,1,0
BRF:1181
BRH:0
end_of_record
TN:
SF:src\lib\dateUtils.ts
FN:15,(anonymous_0)
FN:28,(anonymous_1)
FN:84,(anonymous_2)
FN:93,(anonymous_3)
FN:103,(anonymous_4)
FN:114,(anonymous_5)
FN:135,(anonymous_6)
FN:152,(anonymous_7)
FN:163,(anonymous_8)
FN:180,(anonymous_9)
FN:197,(anonymous_10)
FN:207,(anonymous_11)
FN:208,(anonymous_12)
FN:233,(anonymous_13)
FN:240,(anonymous_14)
FN:242,(anonymous_15)
FN:243,(anonymous_16)
FN:245,(anonymous_17)
FN:246,(anonymous_18)
FN:262,(anonymous_19)
FN:285,(anonymous_20)
FNF:21
FNH:0
FNDA:0,(anonymous_0)
FNDA:0,(anonymous_1)
FNDA:0,(anonymous_2)
FNDA:0,(anonymous_3)
FNDA:0,(anonymous_4)
FNDA:0,(anonymous_5)
FNDA:0,(anonymous_6)
FNDA:0,(anonymous_7)
FNDA:0,(anonymous_8)
FNDA:0,(anonymous_9)
FNDA:0,(anonymous_10)
FNDA:0,(anonymous_11)
FNDA:0,(anonymous_12)
FNDA:0,(anonymous_13)
FNDA:0,(anonymous_14)
FNDA:0,(anonymous_15)
FNDA:0,(anonymous_16)
FNDA:0,(anonymous_17)
FNDA:0,(anonymous_18)
FNDA:0,(anonymous_19)
FNDA:0,(anonymous_20)
DA:6,0
DA:15,0
DA:16,0
DA:17,0
DA:18,0
DA:19,0
DA:21,0
DA:22,0
DA:28,0
DA:29,0
DA:30,0
DA:31,0
DA:32,0
DA:34,0
DA:36,0
DA:37,0
DA:39,0
DA:40,0
DA:42,0
DA:43,0
DA:45,0
DA:46,0
DA:48,0
DA:49,0
DA:51,0
DA:52,0
DA:54,0
DA:55,0
DA:57,0
DA:60,0
DA:64,0
DA:66,0
DA:67,0
DA:68,0
DA:71,0
DA:72,0
DA:73,0
DA:74,0
DA:76,0
DA:80,0
DA:84,0
DA:85,0
DA:86,0
DA:87,0
DA:88,0
DA:89,0
DA:93,0
DA:94,0
DA:95,0
DA:96,0
DA:97,0
DA:98,0
DA:99,0
DA:103,0
DA:104,0
DA:105,0
DA:106,0
DA:107,0
DA:108,0
DA:109,0
DA:110,0
DA:114,0
DA:115,0
DA:116,0
DA:117,0
DA:118,0
DA:119,0
DA:120,0
DA:121,0
DA:135,0
DA:136,0
DA:137,0
DA:143,0
DA:144,0
DA:145,0
DA:148,0
DA:152,0
DA:153,0
DA:154,0
DA:156,0
DA:163,0
DA:164,0
DA:165,0
DA:171,0
DA:172,0
DA:173,0
DA:176,0
DA:180,0
DA:181,0
DA:182,0
DA:188,0
DA:189,0
DA:190,0
DA:193,0
DA:197,0
DA:198,0
DA:200,0
DA:207,0
DA:208,0
DA:209,0
DA:211,0
DA:220,0
DA:221,0
DA:233,0
DA:234,0
DA:235,0
DA:240,0
DA:242,0
DA:243,0
DA:245,0
DA:246,0
DA:247,0
DA:249,0
DA:256,0
DA:257,0
DA:262,0
DA:263,0
DA:264,0
DA:265,0
DA:268,0
DA:275,0
DA:276,0
DA:277,0
DA:280,0
DA:281,0
DA:285,0
DA:286,0
DA:287,0
DA:288,0
DA:289,0
DA:293,0
DA:300,0
DA:301,0
DA:305,0
DA:310,0
DA:311,0
LF:136
LH:0
BRDA:15,0,0,0
BRDA:15,1,0,0
BRDA:29,2,0,0
BRDA:29,2,1,0
BRDA:31,3,0,0
BRDA:31,3,1,0
BRDA:31,4,0,0
BRDA:31,4,1,0
BRDA:31,4,2,0
BRDA:34,5,0,0
BRDA:34,5,1,0
BRDA:34,5,2,0
BRDA:34,5,3,0
BRDA:34,5,4,0
BRDA:34,5,5,0
BRDA:34,5,6,0
BRDA:34,5,7,0
BRDA:66,6,0,0
BRDA:66,6,1,0
BRDA:71,7,0,0
BRDA:71,7,1,0
BRDA:71,8,0,0
BRDA:71,8,1,0
BRDA:84,9,0,0
BRDA:103,10,0,0
BRDA:143,11,0,0
BRDA:143,11,1,0
BRDA:148,12,0,0
BRDA:148,12,1,0
BRDA:171,13,0,0
BRDA:171,13,1,0
BRDA:176,14,0,0
BRDA:176,14,1,0
BRDA:188,15,0,0
BRDA:188,15,1,0
BRDA:193,16,0,0
BRDA:193,16,1,0
BRDA:207,17,0,0
BRDA:207,17,1,0
BRDA:208,18,0,0
BRDA:208,18,1,0
BRDA:245,19,0,0
BRDA:245,19,1,0
BRDA:246,20,0,0
BRDA:246,20,1,0
BRDA:275,21,0,0
BRDA:275,21,1,0
BRDA:280,22,0,0
BRDA:280,22,1,0
BRDA:280,23,0,0
BRDA:280,23,1,0
BRDA:286,24,0,0
BRDA:286,24,1,0
BRDA:287,25,0,0
BRDA:287,25,1,0
BRDA:300,26,0,0
BRDA:300,26,1,0
BRDA:307,27,0,0
BRDA:307,27,1,0
BRF:59
BRH:0
end_of_record
TN:
SF:src\lib\formatCpf.ts
FN:5,formatCpfDisplay
FNF:1
FNH:0
FNDA:0,formatCpfDisplay
DA:5,0
DA:6,0
DA:7,0
DA:8,0
DA:9,0
DA:10,0
DA:11,0
LF:7
LH:0
BRDA:6,0,0,0
BRDA:6,0,1,0
BRDA:7,1,0,0
BRDA:7,1,1,0
BRDA:8,2,0,0
BRDA:8,2,1,0
BRDA:9,3,0,0
BRDA:9,3,1,0
BRDA:10,4,0,0
BRDA:10,4,1,0
BRF:10
BRH:0
end_of_record
[...]
BRDA:191,69,0,0
BRDA:191,69,1,0
BRDA:193,70,0,0
BRDA:193,70,1,0
BRDA:194,71,0,0
BRDA:194,71,1,0
BRDA:196,72,0,0
BRDA:196,72,1,0
BRDA:197,73,0,0
BRDA:197,73,1,0
BRDA:198,74,0,0
BRDA:198,74,1,0
BRDA:199,75,0,0
BRDA:199,75,1,0
BRDA:200,76,0,0
BRDA:200,76,1,0
BRDA:201,77,0,0
BRDA:201,77,1,0
BRF:158
BRH:0
end_of_record
TN:
SF:src\lib\supabase.ts
FN:16,(anonymous_0)
FN:17,(anonymous_1)
FNF:2
FNH:0
FNDA:0,(anonymous_0)
FNDA:0,(anonymous_1)
DA:16,0
DA:17,0
LF:2
LH:0
BRF:0
BRH:0
end_of_record
TN:
SF:src\lib\supabaseClient.js
FN:13,(anonymous_0)
FN:15,(anonymous_1)
FNF:2
FNH:0
FNDA:0,(anonymous_0)
FNDA:0,(anonymous_1)
DA:4,0
DA:5,0
DA:9,0
DA:10,0
DA:12,0
DA:13,0
DA:15,0
DA:19,0
LF:8
LH:0
BRDA:9,0,0,0
BRDA:9,0,1,0
BRDA:9,1,0,0
BRDA:9,1,1,0
BRF:4
BRH:0
end_of_record
TN:
SF:src\lib\syncService.ts
FN:18,formatError
FN:34,(anonymous_2)
FN:38,(anonymous_3)
FN:41,(anonymous_4)
FN:46,(anonymous_5)
FN:55,(anonymous_6)
FN:60,(anonymous_7)
FN:68,(anonymous_8)
FN:69,(anonymous_9)
FN:73,(anonymous_10)
FN:125,(anonymous_11)
FN:141,(anonymous_12)
FN:160,(anonymous_13)
FN:222,(anonymous_14)
FN:234,(anonymous_15)
FN:244,(anonymous_16)
FN:284,(anonymous_17)
FN:288,(anonymous_18)
FN:305,(anonymous_19)
FN:324,(anonymous_20)
FN:336,(anonymous_21)
FN:345,(anonymous_22)
FN:351,(anonymous_23)
FN:366,(anonymous_24)
FN:375,useSyncService
FN:378,(anonymous_26)
FN:379,(anonymous_27)
FN:380,(anonymous_28)
FNF:28
FNH:0
FNDA:0,formatError
FNDA:0,(anonymous_2)
FNDA:0,(anonymous_3)
FNDA:0,(anonymous_4)
FNDA:0,(anonymous_5)
FNDA:0,(anonymous_6)
FNDA:0,(anonymous_7)
FNDA:0,(anonymous_8)
FNDA:0,(anonymous_9)
FNDA:0,(anonymous_10)
FNDA:0,(anonymous_11)
FNDA:0,(anonymous_12)
FNDA:0,(anonymous_13)
FNDA:0,(anonymous_14)
FNDA:0,(anonymous_15)
FNDA:0,(anonymous_16)
FNDA:0,(anonymous_17)
FNDA:0,(anonymous_18)
FNDA:0,(anonymous_19)
FNDA:0,(anonymous_20)
FNDA:0,(anonymous_21)
FNDA:0,(anonymous_22)
FNDA:0,(anonymous_23)
FNDA:0,(anonymous_24)
FNDA:0,useSyncService
FNDA:0,(anonymous_26)
FNDA:0,(anonymous_27)
FNDA:0,(anonymous_28)
DA:6,0
DA:7,0
DA:8,0
DA:19,0
DA:20,0
DA:21,0
DA:23,0
DA:24,0
DA:26,0
DA:30,0
DA:31,0
DA:32,0
DA:35,0
DA:40,0
DA:41,0
DA:42,0
DA:46,0
DA:47,0
DA:48,0
DA:56,0
DA:61,0
DA:62,0
DA:63,0
DA:69,0
DA:74,0
DA:75,0
DA:78,0
DA:79,0
DA:86,0
DA:87,0
DA:89,0
DA:90,0
DA:91,0
DA:92,0
DA:95,0
DA:98,0
DA:99,0
DA:100,0
DA:101,0
DA:105,0
DA:107,0
DA:110,0
DA:111,0
DA:112,0
DA:114,0
DA:115,0
DA:118,0
DA:122,0
DA:126,0
DA:127,0
DA:128,0
DA:129,0
DA:130,0
DA:131,0
DA:133,0
DA:134,0
DA:135,0
DA:142,0
DA:144,0
DA:146,0
DA:147,0
DA:149,0
DA:150,0
DA:152,0
DA:153,0
DA:155,0
DA:165,0
DA:166,0
DA:167,0
DA:168,0
DA:169,0
DA:176,0
DA:178,0
DA:179,0
DA:183,0
DA:188,0
DA:189,0
DA:190,0
DA:191,0
DA:194,0
DA:195,0
DA:200,0
DA:201,0
DA:202,0
DA:204,0
DA:207,0
DA:208,0
DA:209,0
DA:210,0
DA:214,0
DA:218,0
DA:223,0
DA:225,0
DA:230,0
DA:235,0
DA:240,0
DA:245,0
DA:247,0
DA:248,0
DA:263,0
DA:264,0
DA:268,0
DA:269,0
DA:270,0
DA:273,0
DA:274,0
DA:275,0
DA:279,0
DA:285,0
DA:287,0
DA:288,0
DA:290,0
DA:292,0
DA:301,0
DA:306,0
DA:308,0
DA:310,0
DA:311,0
DA:313,0
DA:314,0
DA:317,0
DA:318,0
DA:319,0
DA:327,0
DA:337,0
DA:338,0
DA:341,0
DA:346,0
DA:347,0
DA:356,0
DA:357,0
DA:359,0
DA:367,0
DA:372,0
DA:375,0
DA:376,0
DA:378,0
DA:379,0
DA:380,0
DA:382,0
LF:140
LH:0
BRDA:19,0,0,0
BRDA:19,0,1,0
BRDA:20,1,0,0
BRDA:20,1,1,0
BRDA:20,2,0,0
BRDA:20,2,1,0
BRDA:20,2,2,0
BRDA:21,3,0,0
BRDA:21,3,1,0
BRDA:23,4,0,0
BRDA:23,4,1,0
BRDA:23,5,0,0
BRDA:23,5,1,0
BRDA:23,5,2,0
BRDA:24,6,0,0
BRDA:24,6,1,0
BRDA:24,6,2,0
BRDA:26,7,0,0
BRDA:26,7,1,0
BRDA:26,8,0,0
BRDA:26,8,1,0
BRDA:40,9,0,0
BRDA:40,9,1,0
BRDA:47,10,0,0
BRDA:47,10,1,0
BRDA:47,11,0,0
BRDA:47,11,1,0
BRDA:62,12,0,0
BRDA:62,12,1,0
BRDA:74,13,0,0
BRDA:74,13,1,0
BRDA:89,14,0,0
BRDA:89,14,1,0
BRDA:144,15,0,0
BRDA:144,15,1,0
BRDA:144,15,2,0
BRDA:144,15,3,0
BRDA:165,16,0,0
BRDA:165,16,1,0
BRDA:167,17,0,0
BRDA:167,17,1,0
BRDA:167,18,0,0
BRDA:167,18,1,0
BRDA:168,19,0,0
BRDA:168,19,1,0
BRDA:176,20,0,0
BRDA:176,20,1,0
BRDA:176,21,0,0
BRDA:176,21,1,0
BRDA:190,22,0,0
BRDA:190,22,1,0
BRDA:194,23,0,0
BRDA:194,23,1,0
BRDA:200,24,0,0
BRDA:200,24,1,0
BRDA:201,25,0,0
BRDA:201,25,1,0
BRDA:201,26,0,0
BRDA:201,26,1,0
BRDA:201,27,0,0
BRDA:201,27,1,0
BRDA:201,28,0,0
BRDA:201,28,1,0
BRDA:207,29,0,0
BRDA:207,29,1,0
BRDA:207,30,0,0
BRDA:207,30,1,0
BRDA:209,31,0,0
BRDA:209,31,1,0
BRDA:218,32,0,0
BRDA:218,32,1,0
BRDA:230,33,0,0
BRDA:230,33,1,0
BRDA:240,34,0,0
BRDA:240,34,1,0
BRDA:245,35,0,0
BRDA:245,35,1,0
BRDA:268,36,0,0
BRDA:268,36,1,0
BRDA:273,37,0,0
BRDA:273,37,1,0
BRDA:290,38,0,0
BRDA:290,38,1,0
BRDA:290,39,0,0
BRDA:290,39,1,0
BRDA:305,40,0,0
BRDA:308,41,0,0
BRDA:308,41,1,0
BRDA:308,41,2,0
BRDA:337,42,0,0
BRDA:337,42,1,0
BRDA:361,43,0,0
BRDA:361,43,1,0
BRF:93
BRH:0
end_of_record
TN:
SF:src\lib\units.ts
FN:3,convertToBaseQuantity
FN:23,calculatePrecoUnitario
FN:30,getUnidadeMinima
FNF:3
FNH:0
FNDA:0,convertToBaseQuantity
FNDA:0,calculatePrecoUnitario
FNDA:0,getUnidadeMinima
DA:3,0
DA:4,0
DA:6,0
DA:7,0
DA:8,0
DA:10,0
DA:11,0
DA:13,0
DA:14,0
DA:16,0
DA:17,0
DA:20,0
DA:23,0
DA:24,0
DA:25,0
DA:26,0
DA:30,0
DA:31,0
DA:32,0
DA:33,0
DA:34,0
DA:35,0
LF:22
LH:0
BRDA:4,0,0,0
BRDA:4,0,1,0
BRDA:4,1,0,0
BRDA:4,1,1,0
BRDA:6,2,0,0
BRDA:6,2,1,0
BRDA:6,3,0,0
BRDA:6,3,1,0
BRDA:7,4,0,0
BRDA:7,4,1,0
BRDA:10,5,0,0
BRDA:10,5,1,0
BRDA:13,6,0,0
BRDA:13,6,1,0
BRDA:16,7,0,0
BRDA:16,7,1,0
BRDA:24,8,0,0
BRDA:24,8,1,0
BRDA:24,9,0,0
BRDA:24,9,1,0
BRDA:25,10,0,0
BRDA:25,10,1,0
BRDA:31,11,0,0
BRDA:31,11,1,0
BRDA:32,12,0,0
BRDA:32,12,1,0
BRDA:33,13,0,0
BRDA:33,13,1,0
BRDA:34,14,0,0
BRDA:34,14,1,0
BRDA:34,15,0,0
BRDA:34,15,1,0
BRDA:35,16,0,0
BRDA:35,16,1,0
BRF:34
BRH:0
end_of_record
TN:
SF:src\lib\supabase\client.ts
FN:30,(anonymous_0)
FN:33,(anonymous_1)
FNF:2
FNH:0
FNDA:0,(anonymous_0)
FNDA:0,(anonymous_1)
DA:3,0
DA:5,0
DA:8,0
DA:9,0
DA:12,0
DA:13,0
DA:17,0
DA:20,0
DA:22,0
DA:23,0
DA:25,0
DA:29,0
DA:31,0
DA:34,0
DA:39,0
DA:42,0
LF:16
LH:0
BRDA:8,0,0,0
BRDA:8,0,1,0
BRDA:9,1,0,0
BRDA:9,1,1,0
BRDA:12,2,0,0
BRDA:12,2,1,0
BRDA:12,3,0,0
BRDA:12,3,1,0
BRDA:12,3,2,0
BRDA:14,4,0,0
BRDA:14,4,1,0
BRDA:15,5,0,0
BRDA:15,5,1,0
BRDA:22,6,0,0
BRDA:22,6,1,0
BRDA:22,7,0,0
BRDA:22,7,1,0
BRDA:22,7,2,0
BRDA:26,8,0,0
BRDA:26,8,1,0
BRDA:27,9,0,0
BRDA:27,9,1,0
BRF:22
BRH:0
end_of_record
TN:
SF:src\lib\supabase\server.ts
FN:40,createSupabaseServerClient
FNF:1
FNH:0
FNDA:0,createSupabaseServerClient
DA:2,0
DA:3,0
DA:5,0
DA:7,0
DA:8,0
DA:17,0
DA:20,0
DA:23,0
DA:24,0
DA:25,0
DA:33,0
DA:34,0
DA:40,0
DA:42,0
DA:44,0
DA:46,0
LF:16
LH:0
BRDA:17,0,0,0
BRDA:17,0,1,0
BRDA:17,0,2,0
BRDA:20,1,0,0
BRDA:20,1,1,0
BRDA:20,1,2,0
BRDA:23,2,0,0
BRDA:23,2,1,0
BRDA:23,3,0,0
BRDA:23,3,1,0
BRDA:24,4,0,0
BRDA:24,4,1,0
BRDA:27,5,0,0
BRDA:27,5,1,0
BRDA:27,6,0,0
BRDA:27,6,1,0
BRDA:33,7,0,0
BRDA:33,7,1,0
BRDA:33,8,0,0
BRDA:33,8,1,0
BRF:20
BRH:0
end_of_record
TN:
SF:src\lib\supabase\supabaseCookies.ts
FN:3,createSupabaseCookies
FN:5,(anonymous_1)
FN:9,(anonymous_2)
FN:21,(anonymous_3)
FN:24,(anonymous_4)
FN:25,(anonymous_5)
FN:27,(anonymous_6)
FNF:7
FNH:0
FNDA:0,createSupabaseCookies
FNDA:0,(anonymous_1)
FNDA:0,(anonymous_2)
FNDA:0,(anonymous_3)
FNDA:0,(anonymous_4)
FNDA:0,(anonymous_5)
FNDA:0,(anonymous_6)
DA:3,0
DA:4,0
DA:6,0
DA:7,0
DA:10,0
DA:11,0
DA:12,0
DA:13,0
DA:14,0
DA:15,0
DA:16,0
DA:17,0
DA:19,0
DA:22,0
DA:25,0
DA:28,0
DA:29,0
DA:30,0
DA:31,0
DA:32,0
DA:33,0
DA:34,0
DA:35,0
DA:36,0
DA:38,0
LF:25
LH:0
BRDA:7,0,0,0
BRDA:7,0,1,0
BRDA:11,1,0,0
BRDA:11,1,1,0
BRDA:12,2,0,0
BRDA:12,2,1,0
BRDA:13,3,0,0
BRDA:13,3,1,0
BRDA:14,4,0,0
BRDA:14,4,1,0
BRDA:15,5,0,0
BRDA:15,5,1,0
BRDA:16,6,0,0
BRDA:16,6,1,0
BRDA:17,7,0,0
BRDA:17,7,1,0
BRDA:30,8,0,0
BRDA:30,8,1,0
BRDA:31,9,0,0
BRDA:31,9,1,0
BRDA:32,10,0,0
BRDA:32,10,1,0
BRDA:33,11,0,0
BRDA:33,11,1,0
BRDA:34,12,0,0
BRDA:34,12,1,0
BRDA:35,13,0,0
BRDA:35,13,1,0
BRDA:36,14,0,0
BRDA:36,14,1,0
BRF:30
BRH:0
end_of_record
TN:
SF:src\repositories\caixaDiario.repository.ts
FN:19,fetchCaixasAbertos
FN:39,fetchCaixaPorData
FN:62,abrirCaixa
FN:93,fecharCaixa
FN:121,atualizarTotaisCaixa
FN:145,corrigirCaixasDuplicados
FN:177,fetchCaixasPorPeriodo
FN:200,fetchUltimoCaixaAberto
FNF:8
FNH:8
FNDA:5,fetchCaixasAbertos
FNDA:5,fetchCaixaPorData
FNDA:3,abrirCaixa
FNDA:2,fecharCaixa
FNDA:1,atualizarTotaisCaixa
FNDA:2,corrigirCaixasDuplicados
FNDA:1,fetchCaixasPorPeriodo
FNDA:2,fetchUltimoCaixaAberto
DA:19,1
DA:22,5
DA:28,0
DA:29,0
DA:30,0
DA:33,0
DA:39,1
DA:43,5
DA:49,5
DA:50,0
DA:51,0
DA:54,5
DA:62,1
DA:67,3
DA:68,3
DA:69,1
DA:72,2
DA:82,2
DA:83,0
DA:84,0
DA:87,2
DA:93,1
DA:98,2
DA:110,1
DA:111,0
DA:112,0
DA:115,1
DA:121,1
DA:126,1
DA:134,0
DA:135,0
DA:136,0
DA:145,1
DA:148,2
DA:150,0
DA:152,0
DA:159,0
DA:162,0
DA:163,0
DA:168,0
DA:177,1
DA:182,1
DA:189,0
DA:190,0
DA:191,0
DA:194,0
DA:200,1
DA:203,2
DA:212,2
DA:213,0
DA:214,0
DA:217,2
LF:52
LH:27
BRDA:28,0,0,0
BRDA:28,0,1,0
BRDA:33,1,0,0
BRDA:33,1,1,0
BRDA:49,2,0,0
BRDA:49,2,1,5
BRDA:68,3,0,1
BRDA:68,3,1,2
BRDA:68,4,0,3
BRDA:68,4,1,2
BRDA:77,5,0,2
BRDA:77,5,1,0
BRDA:82,6,0,0
BRDA:82,6,1,2
BRDA:103,7,0,2
BRDA:103,7,1,1
BRDA:110,8,0,0
BRDA:110,8,1,1
BRDA:134,9,0,0
BRDA:134,9,1,0
BRDA:150,10,0,0
BRDA:150,10,1,0
BRDA:189,11,0,0
BRDA:189,11,1,0
BRDA:194,12,0,0
BRDA:194,12,1,0
BRDA:212,13,0,0
BRDA:212,13,1,2
BRF:28
BRH:11
end_of_record
TN:
SF:src\repositories\offline-storage.repository.ts
FN:3,(anonymous_0)
FN:7,(anonymous_1)
FN:10,(anonymous_2)
FN:13,(anonymous_3)
FN:16,(anonymous_4)
FN:19,(anonymous_5)
FN:22,(anonymous_6)
FN:25,(anonymous_7)
FNF:8
FNH:0
FNDA:0,(anonymous_0)
FNDA:0,(anonymous_1)
FNDA:0,(anonymous_2)
FNDA:0,(anonymous_3)
FNDA:0,(anonymous_4)
FNDA:0,(anonymous_5)
FNDA:0,(anonymous_6)
FNDA:0,(anonymous_7)
DA:2,0
DA:4,0
DA:5,0
DA:8,0
DA:11,0
DA:14,0
DA:26,0
LF:7
LH:0
BRDA:5,0,0,0
BRDA:5,0,1,0
BRF:2
BRH:0
end_of_record
TN:
SF:src\repositories\supabase.repository.ts
FN:3,(anonymous_0)
FNF:1
FNH:0
FNDA:0,(anonymous_0)
DA:3,0
LF:1
LH:0
BRF:0
BRH:0
end_of_record
TN:
SF:src\repositories\turnoOperadorRepository.ts
FN:5,getTurnoOperadorAtual
FN:19,finalizarTurnoOperador
FN:33,criarTurnoOperador
FN:63,listarTurnosOperador
FNF:4
FNH:0
FNDA:0,getTurnoOperadorAtual
FNDA:0,finalizarTurnoOperador
FNDA:0,criarTurnoOperador
FNDA:0,listarTurnosOperador
DA:2,0
DA:5,0
DA:6,0
DA:14,0
DA:15,0
DA:19,0
DA:20,0
DA:29,0
DA:33,0
DA:44,0
DA:58,0
DA:59,0
DA:63,0
DA:64,0
DA:69,0
DA:70,0
LF:16
LH:0
BRDA:14,0,0,0
BRDA:14,0,1,0
BRDA:19,1,0,0
BRDA:52,2,0,0
BRDA:52,2,1,0
BRDA:58,3,0,0
BRDA:58,3,1,0
BRDA:69,4,0,0
BRDA:69,4,1,0
BRDA:69,5,0,0
BRDA:69,5,1,0
BRF:11
BRH:0
end_of_record
TN:
SF:src\repositories\vendas.repository.ts
FN:12,fetchVendasPorPeriodo
FN:30,fetchItensPorVendaIds
FN:34,(anonymous_2)
FN:34,(anonymous_3)
FNF:4
FNH:0
FNDA:0,fetchVendasPorPeriodo
FNDA:0,fetchItensPorVendaIds
FNDA:0,(anonymous_2)
FNDA:0,(anonymous_3)
DA:1,0
DA:12,0
DA:13,0
DA:15,0
DA:16,0
DA:17,0
DA:18,0
DA:20,0
DA:26,0
DA:27,0
DA:30,0
DA:31,0
DA:33,0
DA:34,0
DA:37,0
DA:39,0
DA:40,0
DA:42,0
DA:43,0
DA:44,0
DA:50,0
DA:51,0
DA:52,0
DA:56,0
LF:24
LH:0
BRDA:13,0,0,0
BRDA:13,0,1,0
BRDA:26,1,0,0
BRDA:26,1,1,0
BRDA:27,2,0,0
BRDA:27,2,1,0
BRDA:27,3,0,0
BRDA:27,3,1,0
BRDA:31,4,0,0
BRDA:31,4,1,0
BRDA:37,5,0,0
BRDA:37,5,1,0
BRDA:50,6,0,0
BRDA:50,6,1,0
BRDA:51,7,0,0
BRDA:51,7,1,0
BRF:16
BRH:0
end_of_record
TN:
SF:src\repositories\vendasMetricas.repository.ts
FN:13,fetchVendasMetricas
FN:46,fetchUnidadesVendidas
FN:65,(anonymous_2)
FNF:3
FNH:0
FNDA:0,fetchVendasMetricas
FNDA:0,fetchUnidadesVendidas
FNDA:0,(anonymous_2)
DA:3,0
DA:4,0
DA:13,0
DA:18,0
DA:19,0
DA:20,0
DA:22,0
DA:23,0
DA:32,0
DA:33,0
DA:34,0
DA:37,0
DA:38,0
DA:39,0
DA:40,0
DA:43,0
DA:46,0
DA:50,0
DA:52,0
DA:53,0
DA:54,0
DA:55,0
DA:60,0
DA:61,0
DA:62,0
DA:65,0
DA:68,0
LF:27
LH:0
BRDA:32,0,0,0
BRDA:32,0,1,0
BRDA:37,1,0,0
BRDA:37,1,1,0
BRDA:37,2,0,0
BRDA:37,2,1,0
BRDA:37,3,0,0
BRDA:37,3,1,0
BRDA:50,4,0,0
BRDA:50,4,1,0
BRDA:60,5,0,0
BRDA:60,5,1,0
BRDA:65,6,0,0
BRDA:65,6,1,0
BRDA:65,7,0,0
BRDA:65,7,1,0
BRF:16
BRH:0
end_of_record
TN:
SF:src\schemas\caderneta.schema.ts
FN:28,(anonymous_0)
FN:45,(anonymous_1)
FN:73,(anonymous_2)
FN:95,(anonymous_3)
FN:109,(anonymous_4)
FN:134,validarClienteCaderneta
FN:138,validarClienteCadernetaInsert
FN:142,validarMovimentacaoCaderneta
FN:146,validarRegistrarPagamento
FN:153,validarClienteCadernetaSafe
FNF:10
FNH:0
FNDA:0,(anonymous_0)
FNDA:0,(anonymous_1)
FNDA:0,(anonymous_2)
FNDA:0,(anonymous_3)
FNDA:0,(anonymous_4)
FNDA:0,validarClienteCaderneta
FNDA:0,validarClienteCadernetaInsert
FNDA:0,validarMovimentacaoCaderneta
FNDA:0,validarRegistrarPagamento
FNDA:0,validarClienteCadernetaSafe
DA:1,0
DA:7,0
DA:24,0
DA:28,0
DA:42,0
DA:47,0
DA:48,0
DA:50,0
DA:61,0
DA:66,0
DA:75,0
DA:76,0
DA:77,0
DA:78,0
DA:80,0
DA:91,0
DA:95,0
DA:103,0
DA:112,0
DA:134,0
DA:135,0
DA:138,0
DA:139,0
DA:142,0
DA:143,0
DA:146,0
DA:147,0
DA:153,0
DA:154,0
LF:29
LH:0
BRDA:47,0,0,0
BRDA:47,0,1,0
BRDA:47,1,0,0
BRDA:47,1,1,0
BRDA:75,2,0,0
BRDA:75,2,1,0
BRDA:77,3,0,0
BRDA:77,3,1,0
BRF:8
BRH:0
end_of_record
TN:
SF:src\schemas\caixaDiario.schema.ts
FN:11,(anonymous_0)
FN:78,validarCaixaDiario
FN:86,validarCaixaDiarioInsert
FN:94,validarCaixaDiarioUpdate
FN:101,validarCaixaDiarioSafe
FNF:5
FNH:0
FNDA:0,(anonymous_0)
FNDA:0,validarCaixaDiario
FNDA:0,validarCaixaDiarioInsert
FNDA:0,validarCaixaDiarioUpdate
FNDA:0,validarCaixaDiarioSafe
DA:1,0
DA:7,0
DA:11,0
DA:56,0
DA:65,0
DA:78,0
DA:79,0
DA:86,0
DA:87,0
DA:94,0
DA:95,0
DA:101,0
DA:102,0
LF:13
LH:0
BRF:0
BRH:0
end_of_record
TN:
SF:src\schemas\index.ts
FN:17,(anonymous_0)
FN:18,(anonymous_1)
FN:19,(anonymous_2)
FN:20,(anonymous_3)
FN:21,(anonymous_4)
FN:22,(anonymous_5)
FN:23,(anonymous_6)
FN:31,(anonymous_7)
FN:32,(anonymous_8)
FN:33,(anonymous_9)
FN:34,(anonymous_10)
FN:35,(anonymous_11)
FN:36,(anonymous_12)
FN:37,(anonymous_13)
FN:38,(anonymous_14)
FN:39,(anonymous_15)
FN:40,(anonymous_16)
FN:50,(anonymous_17)
FN:51,(anonymous_18)
FN:52,(anonymous_19)
FN:53,(anonymous_20)
FN:54,(anonymous_21)
FN:55,(anonymous_22)
FN:56,(anonymous_23)
FN:57,(anonymous_24)
FN:58,(anonymous_25)
FN:59,(anonymous_26)
FN:60,(anonymous_27)
FN:61,(anonymous_28)
FNF:29
FNH:0
FNDA:0,(anonymous_0)
FNDA:0,(anonymous_1)
FNDA:0,(anonymous_2)
FNDA:0,(anonymous_3)
FNDA:0,(anonymous_4)
FNDA:0,(anonymous_5)
FNDA:0,(anonymous_6)
FNDA:0,(anonymous_7)
FNDA:0,(anonymous_8)
FNDA:0,(anonymous_9)
FNDA:0,(anonymous_10)
FNDA:0,(anonymous_11)
FNDA:0,(anonymous_12)
FNDA:0,(anonymous_13)
FNDA:0,(anonymous_14)
FNDA:0,(anonymous_15)
FNDA:0,(anonymous_16)
FNDA:0,(anonymous_17)
FNDA:0,(anonymous_18)
FNDA:0,(anonymous_19)
FNDA:0,(anonymous_20)
FNDA:0,(anonymous_21)
FNDA:0,(anonymous_22)
FNDA:0,(anonymous_23)
FNDA:0,(anonymous_24)
FNDA:0,(anonymous_25)
FNDA:0,(anonymous_26)
FNDA:0,(anonymous_27)
FNDA:0,(anonymous_28)
DA:16,0
DA:17,0
DA:18,0
DA:19,0
DA:20,0
DA:21,0
DA:22,0
DA:23,0
DA:30,0
DA:31,0
DA:32,0
DA:33,0
DA:34,0
DA:35,0
DA:36,0
DA:37,0
DA:38,0
DA:39,0
DA:40,0
DA:49,0
DA:50,0
DA:51,0
DA:52,0
DA:53,0
DA:54,0
DA:55,0
DA:56,0
DA:57,0
DA:58,0
DA:59,0
DA:60,0
DA:61,0
LF:32
LH:0
BRF:0
BRH:0
end_of_record
TN:
SF:src\schemas\venda.schema.ts
FN:14,(anonymous_0)
FN:42,(anonymous_1)
FN:63,(anonymous_2)
FN:75,(anonymous_3)
FN:118,validarVenda
FN:122,validarVendaInsert
FN:126,validarItemVenda
FN:130,validarVendaCompleta
FN:137,validarVendaSafe
FNF:9
FNH:0
FNDA:0,(anonymous_0)
FNDA:0,(anonymous_1)
FNDA:0,(anonymous_2)
FNDA:0,(anonymous_3)
FNDA:0,validarVenda
FNDA:0,validarVendaInsert
FNDA:0,validarItemVenda
FNDA:0,validarVendaCompleta
FNDA:0,validarVendaSafe
DA:1,0
DA:7,0
DA:14,0
DA:38,0
DA:42,0
DA:56,0
DA:65,0
DA:66,0
DA:68,0
DA:77,0
DA:78,0
DA:80,0
DA:91,0
DA:101,0
DA:118,0
DA:119,0
DA:122,0
DA:123,0
DA:126,0
DA:127,0
DA:130,0
DA:131,0
DA:137,0
DA:138,0
LF:24
LH:0
BRDA:65,0,0,0
BRDA:65,0,1,0
BRDA:65,1,0,0
BRDA:65,1,1,0
BRDA:77,2,0,0
BRDA:77,2,1,0
BRDA:77,3,0,0
BRDA:77,3,1,0
BRDA:77,3,2,0
BRDA:78,4,0,0
BRDA:78,4,1,0
BRF:11
BRH:0
end_of_record
TN:
SF:src\services\lucratividadeService.ts
FN:16,processarLucratividadePorProduto
FN:31,(anonymous_1)
FN:32,(anonymous_2)
FN:33,(anonymous_3)
FN:34,(anonymous_4)
FN:37,(anonymous_5)
FN:40,(anonymous_6)
FN:48,(anonymous_7)
FN:105,(anonymous_8)
FN:105,(anonymous_9)
FN:202,(anonymous_10)
FNF:11
FNH:0
FNDA:0,processarLucratividadePorProduto
FNDA:0,(anonymous_1)
FNDA:0,(anonymous_2)
FNDA:0,(anonymous_3)
FNDA:0,(anonymous_4)
FNDA:0,(anonymous_5)
FNDA:0,(anonymous_6)
FNDA:0,(anonymous_7)
FNDA:0,(anonymous_8)
FNDA:0,(anonymous_9)
FNDA:0,(anonymous_10)
DA:2,0
DA:16,0
DA:26,0
DA:27,0
DA:28,0
DA:31,0
DA:32,0
DA:33,0
DA:34,0
DA:37,0
DA:39,0
DA:40,0
DA:41,0
DA:42,0
DA:43,0
DA:48,0
DA:50,0
DA:51,0
DA:54,0
DA:55,0
DA:56,0
DA:59,0
DA:61,0
DA:63,0
DA:64,0
DA:65,0
DA:68,0
DA:71,0
DA:72,0
DA:76,0
DA:79,0
DA:82,0
DA:85,0
DA:86,0
DA:89,0
DA:90,0
DA:92,0
DA:95,0
DA:96,0
DA:99,0
DA:100,0
DA:104,0
DA:105,0
DA:110,0
DA:111,0
DA:116,0
DA:121,0
DA:122,0
DA:123,0
DA:124,0
DA:129,0
DA:130,0
DA:131,0
DA:132,0
DA:133,0
DA:134,0
DA:135,0
DA:141,0
DA:142,0
DA:143,0
DA:144,0
DA:150,0
DA:151,0
DA:152,0
DA:155,0
DA:156,0
DA:157,0
DA:158,0
DA:159,0
DA:161,0
DA:162,0
DA:163,0
DA:167,0
DA:168,0
DA:169,0
DA:173,0
DA:174,0
DA:175,0
DA:176,0
DA:177,0
DA:178,0
DA:180,0
DA:181,0
DA:183,0
DA:196,0
DA:197,0
DA:201,0
DA:202,0
DA:204,0
DA:205,0
DA:207,0
DA:220,0
LF:92
LH:0
BRDA:41,0,0,0
BRDA:41,0,1,0
BRDA:43,1,0,0
BRDA:43,1,1,0
BRDA:43,2,0,0
BRDA:43,2,1,0
BRDA:50,3,0,0
BRDA:50,3,1,0
BRDA:50,3,2,0
BRDA:51,4,0,0
BRDA:51,4,1,0
BRDA:55,5,0,0
BRDA:55,5,1,0
BRDA:55,6,0,0
BRDA:55,6,1,0
BRDA:56,7,0,0
BRDA:56,7,1,0
BRDA:56,8,0,0
BRDA:56,8,1,0
BRDA:56,8,2,0
BRDA:59,9,0,0
BRDA:59,9,1,0
BRDA:59,10,0,0
BRDA:59,10,1,0
BRDA:63,11,0,0
BRDA:63,11,1,0
BRDA:64,12,0,0
BRDA:64,12,1,0
BRDA:76,13,0,0
BRDA:76,13,1,0
BRDA:76,14,0,0
BRDA:76,14,1,0
BRDA:76,14,2,0
BRDA:79,15,0,0
BRDA:79,15,1,0
BRDA:79,16,0,0
BRDA:79,16,1,0
BRDA:79,16,2,0
BRDA:82,17,0,0
BRDA:82,17,1,0
BRDA:82,18,0,0
BRDA:82,18,1,0
BRDA:89,19,0,0
BRDA:89,19,1,0
BRDA:90,20,0,0
BRDA:90,20,1,0
BRDA:95,21,0,0
BRDA:95,21,1,0
BRDA:95,22,0,0
BRDA:95,22,1,0
BRDA:99,23,0,0
BRDA:99,23,1,0
BRDA:104,24,0,0
BRDA:104,24,1,0
BRDA:110,25,0,0
BRDA:110,25,1,0
BRDA:113,26,0,0
BRDA:113,26,1,0
BRDA:114,27,0,0
BRDA:114,27,1,0
BRDA:121,28,0,0
BRDA:121,28,1,0
BRDA:123,29,0,0
BRDA:123,29,1,0
BRDA:123,30,0,0
BRDA:123,30,1,0
BRDA:129,31,0,0
BRDA:129,31,1,0
BRDA:129,32,0,0
BRDA:129,32,1,0
BRDA:131,33,0,0
BRDA:131,33,1,0
BRDA:132,34,0,0
BRDA:132,34,1,0
BRDA:134,35,0,0
BRDA:134,35,1,0
BRDA:134,36,0,0
BRDA:134,36,1,0
BRDA:141,37,0,0
BRDA:141,37,1,0
BRDA:143,38,0,0
BRDA:143,38,1,0
BRDA:143,39,0,0
BRDA:143,39,1,0
BRDA:143,39,2,0
BRDA:152,40,0,0
BRDA:152,40,1,0
BRDA:156,41,0,0
BRDA:156,41,1,0
BRDA:158,42,0,0
BRDA:158,42,1,0
BRDA:159,43,0,0
BRDA:159,43,1,0
BRDA:159,44,0,0
BRDA:159,44,1,0
BRDA:159,45,0,0
BRDA:159,45,1,0
BRDA:163,46,0,0
BRDA:163,46,1,0
BRDA:163,46,2,0
BRDA:163,47,0,0
BRDA:163,47,1,0
BRDA:163,48,0,0
BRDA:163,48,1,0
BRDA:163,49,0,0
BRDA:163,49,1,0
BRDA:163,50,0,0
BRDA:163,50,1,0
BRDA:167,51,0,0
BRDA:167,51,1,0
BRDA:167,52,0,0
BRDA:167,52,1,0
BRDA:168,53,0,0
BRDA:168,53,1,0
BRDA:168,54,0,0
BRDA:168,54,1,0
BRDA:168,55,0,0
BRDA:168,55,1,0
BRDA:168,56,0,0
BRDA:168,56,1,0
BRDA:168,57,0,0
BRDA:168,57,1,0
BRDA:169,58,0,0
BRDA:169,58,1,0
BRDA:173,59,0,0
BRDA:173,59,1,0
BRDA:180,60,0,0
BRDA:180,60,1,0
BRDA:213,61,0,0
BRDA:213,61,1,0
BRDA:214,62,0,0
BRDA:214,62,1,0
BRDA:215,63,0,0
BRDA:215,63,1,0
BRF:134
BRH:0
end_of_record
TN:
SF:src\services\turnoOperadorService.ts
FN:10,trocarOperador
FN:40,listarTurnos
FNF:2
FNH:0
FNDA:0,trocarOperador
FNDA:0,listarTurnos
DA:2,0
DA:10,0
DA:22,0
DA:23,0
DA:25,0
DA:26,0
DA:29,0
DA:35,0
DA:36,0
DA:40,0
DA:41,0
LF:11
LH:0
BRDA:23,0,0,0
BRDA:23,0,1,0
BRDA:26,1,0,0
BRDA:26,1,1,0
BRDA:35,2,0,0
BRDA:35,2,1,0
BRF:6
BRH:0
end_of_record
TN:
SF:src\services\vendasMetricas.service.ts
FN:31,buscarMetricasPeriodo
FN:38,(anonymous_1)
FN:41,(anonymous_2)
FN:58,(anonymous_3)
FNF:4
FNH:0
FNDA:0,buscarMetricasPeriodo
FNDA:0,(anonymous_1)
FNDA:0,(anonymous_2)
FNDA:0,(anonymous_3)
DA:2,0
DA:23,0
DA:31,0
DA:36,0
DA:38,0
DA:39,0
DA:40,0
DA:41,0
DA:43,0
DA:51,0
DA:52,0
DA:53,0
DA:54,0
DA:58,0
DA:59,0
DA:60,0
DA:62,0
LF:17
LH:0
BRDA:38,0,0,0
BRDA:38,0,1,0
BRDA:40,1,0,0
BRDA:40,1,1,0
BRDA:41,2,0,0
BRDA:41,2,1,0
BRDA:53,3,0,0
BRDA:53,3,1,0
BRDA:54,4,0,0
BRDA:54,4,1,0
BRF:10
BRH:0
end_of_record
